[0m2021.10.29 09:29:02 INFO  Started: Metals version 0.10.7 in workspace '/home/priyoi/Files/Coursera/Scala/wikigraph' for client Visual Studio Code 1.61.2.[0m
[0m2021.10.29 09:29:03 INFO  time: initialize in 0.84s[0m
[0m2021.10.29 09:29:04 WARN  Build server is not auto-connectable.[0m
[0m2021.10.29 09:29:13 INFO  running '/home/priyoi/.jabba/jdk/adopt@1.8.0-292/bin/java -Djline.terminal=jline.UnsupportedTerminal -Dsbt.log.noformat=true -Dfile.encoding=UTF-8 -jar /tmp/metals4617861599875997237/sbt-launch.jar -Dbloop.export-jar-classifiers=sources bloopInstall'[0m
[0m2021.10.29 09:29:13 WARN  no build target for: /home/priyoi/Files/Coursera/Scala/wikigraph/project/metals.sbt[0m
[0m2021.10.29 09:29:13 WARN  no build target for: /home/priyoi/Files/Coursera/Scala/wikigraph/project/project/metals.sbt[0m
[0m2021.10.29 09:29:13 INFO  skipping build import with status 'Started'[0m
[0m2021.10.29 09:29:17 INFO  [info] welcome to sbt 1.5.3 (AdoptOpenJDK Java 1.8.0_292)[0m
[0m2021.10.29 09:29:20 INFO  no build target: using presentation compiler with only scala-library: 2.12.15[0m
[0m2021.10.29 09:29:24 INFO  [info] loading settings for project wikigraph-build-build-build from metals.sbt ...[0m
[0m2021.10.29 09:29:26 INFO  [info] loading project definition from /home/priyoi/Files/Coursera/Scala/wikigraph/project/project/project[0m
[0m2021.10.29 09:29:30 INFO  [info] loading settings for project wikigraph-build-build from metals.sbt ...[0m
[0m2021.10.29 09:29:30 INFO  [info] loading project definition from /home/priyoi/Files/Coursera/Scala/wikigraph/project/project[0m
[0m2021.10.29 09:29:34 INFO  [success] Generated .bloop/wikigraph-build-build.json[0m
[0m2021.10.29 09:29:34 INFO  [success] Total time: 4 s, completed Oct 29, 2021 9:29:34 AM[0m
[0m2021.10.29 09:29:37 INFO  [info] loading settings for project wikigraph-build from buildSettings.sbt,metals.sbt,plugins.sbt ...[0m
[0m2021.10.29 09:29:37 INFO  [info] loading project definition from /home/priyoi/Files/Coursera/Scala/wikigraph/project[0m
[0m2021.10.29 09:29:40 INFO  [success] Generated .bloop/wikigraph-build.json[0m
[0m2021.10.29 09:29:40 INFO  [info] compiling 2 Scala sources to /home/priyoi/Files/Coursera/Scala/wikigraph/project/target/scala-2.12/sbt-1.0/classes ...[0m
[0m2021.10.29 09:29:53 INFO  [info] done compiling[0m
[0m2021.10.29 09:29:54 INFO  [success] Total time: 17 s, completed Oct 29, 2021 9:29:54 AM[0m
[0m2021.10.29 09:29:57 INFO  [info] loading settings for project wikigraph from assignment.sbt,build.sbt ...[0m
[0m2021.10.29 09:29:58 INFO  [info] set current project to effective-scala-wikigraph (in build file:/home/priyoi/Files/Coursera/Scala/wikigraph/)[0m
[0m2021.10.29 09:30:21 INFO  [success] Generated .bloop/wikigraph-test.json[0m
[0m2021.10.29 09:30:21 INFO  [success] Generated .bloop/wikigraph.json[0m
[0m2021.10.29 09:30:21 INFO  [success] Total time: 22 s, completed Oct 29, 2021 9:30:21 AM[0m
[0m2021.10.29 09:30:21 INFO  time: ran 'sbt bloopInstall' in 1m8s[0m
[0m2021.10.29 09:30:21 INFO  Attempting to connect to the build server...[0m
Starting the bsp launcher for bloop...
Opening a bsp server connection with 'bsp --protocol local --socket /tmp/bsp-launcher6698868692612717760/bsp.socket'...
Waiting for the bsp connection to come up...
Waiting for the bsp connection to come up...
Waiting for the bsp connection to come up...
Waiting for the bsp connection to come up...
Waiting for the bsp connection to come up...
No server running at 127.0.0.1:8212, let's fire one...
Resolving ch.epfl.scala:bloop-frontend_2.12:1.4.9...
Starting bloop server at 127.0.0.1:8212...
Attempting a connection to the server...
Attempting a connection to the server...
Attempting a connection to the server...
Attempting a connection to the server...
Attempting a connection to the server...
Attempting a connection to the server...
Attempting a connection to the server...
Attempting a connection to the server...
Attempting a connection to the server...
Attempting a connection to the server...
[0m[32m[D][0m Loading 2 projects from '/home/priyoi/Files/Coursera/Scala/wikigraph/.bloop'...
[0m[32m[D][0m Loading project from '/home/priyoi/Files/Coursera/Scala/wikigraph/.bloop/wikigraph.json'
[0m[32m[D][0m Loading project from '/home/priyoi/Files/Coursera/Scala/wikigraph/.bloop/wikigraph-test.json'
[0m[32m[D][0m Cache miss for scala instance org.scala-lang:scala-compiler:3.0.0.
[0m[32m[D][0m   => /home/priyoi/.cache/coursier/v1/https/repo1.maven.org/maven2/com/fasterxml/jackson/core/jackson-annotations/2.2.3/jackson-annotations-2.2.3.jar
[0m[32m[D][0m   => /home/priyoi/.cache/coursier/v1/https/repo1.maven.org/maven2/com/fasterxml/jackson/core/jackson-core/2.9.8/jackson-core-2.9.8.jar
[0m[32m[D][0m   => /home/priyoi/.cache/coursier/v1/https/repo1.maven.org/maven2/com/fasterxml/jackson/core/jackson-databind/2.2.3/jackson-databind-2.2.3.jar
[0m[32m[D][0m   => /home/priyoi/.cache/coursier/v1/https/repo1.maven.org/maven2/com/fasterxml/jackson/dataformat/jackson-dataformat-yaml/2.9.8/jackson-dataformat-yaml-2.9.8.jar
[0m[32m[D][0m   => /home/priyoi/.cache/coursier/v1/https/repo1.maven.org/maven2/com/google/protobuf/protobuf-java/3.7.0/protobuf-java-3.7.0.jar
[0m[32m[D][0m   => /home/priyoi/.cache/coursier/v1/https/repo1.maven.org/maven2/com/vladsch/flexmark/flexmark-ext-anchorlink/0.42.12/flexmark-ext-anchorlink-0.42.12.jar
[0m[32m[D][0m   => /home/priyoi/.cache/coursier/v1/https/repo1.maven.org/maven2/com/vladsch/flexmark/flexmark-ext-autolink/0.42.12/flexmark-ext-autolink-0.42.12.jar
[0m[32m[D][0m   => /home/priyoi/.cache/coursier/v1/https/repo1.maven.org/maven2/com/vladsch/flexmark/flexmark-ext-emoji/0.42.12/flexmark-ext-emoji-0.42.12.jar
[0m[32m[D][0m   => /home/priyoi/.cache/coursier/v1/https/repo1.maven.org/maven2/com/vladsch/flexmark/flexmark-ext-gfm-strikethrough/0.42.12/flexmark-ext-gfm-strikethrough-0.42.12.jar
[0m[32m[D][0m   => /home/priyoi/.cache/coursier/v1/https/repo1.maven.org/maven2/com/vladsch/flexmark/flexmark-ext-gfm-tables/0.42.12/flexmark-ext-gfm-tables-0.42.12.jar
[0m[32m[D][0m   => /home/priyoi/.cache/coursier/v1/https/repo1.maven.org/maven2/com/vladsch/flexmark/flexmark-ext-gfm-tasklist/0.42.12/flexmark-ext-gfm-tasklist-0.42.12.jar
[0m[32m[D][0m   => /home/priyoi/.cache/coursier/v1/https/repo1.maven.org/maven2/com/vladsch/flexmark/flexmark-ext-ins/0.42.12/flexmark-ext-ins-0.42.12.jar
[0m[32m[D][0m   => /home/priyoi/.cache/coursier/v1/https/repo1.maven.org/maven2/com/vladsch/flexmark/flexmark-ext-superscript/0.42.12/flexmark-ext-superscript-0.42.12.jar
[0m[32m[D][0m   => /home/priyoi/.cache/coursier/v1/https/repo1.maven.org/maven2/com/vladsch/flexmark/flexmark-ext-tables/0.42.12/flexmark-ext-tables-0.42.12.jar
[0m[32m[D][0m   => /home/priyoi/.cache/coursier/v1/https/repo1.maven.org/maven2/com/vladsch/flexmark/flexmark-ext-wikilink/0.42.12/flexmark-ext-wikilink-0.42.12.jar
[0m[32m[D][0m   => /home/priyoi/.cache/coursier/v1/https/repo1.maven.org/maven2/com/vladsch/flexmark/flexmark-ext-yaml-front-matter/0.42.12/flexmark-ext-yaml-front-matter-0.42.12.jar
[0m[32m[D][0m   => /home/priyoi/.cache/coursier/v1/https/repo1.maven.org/maven2/com/vladsch/flexmark/flexmark-formatter/0.42.12/flexmark-formatter-0.42.12.jar
[0m[32m[D][0m   => /home/priyoi/.cache/coursier/v1/https/repo1.maven.org/maven2/com/vladsch/flexmark/flexmark-html-parser/0.42.12/flexmark-html-parser-0.42.12.jar
[0m[32m[D][0m   => /home/priyoi/.cache/coursier/v1/https/repo1.maven.org/maven2/com/vladsch/flexmark/flexmark-jira-converter/0.42.12/flexmark-jira-converter-0.42.12.jar
[0m[32m[D][0m   => /home/priyoi/.cache/coursier/v1/https/repo1.maven.org/maven2/com/vladsch/flexmark/flexmark-util/0.42.12/flexmark-util-0.42.12.jar
[0m[32m[D][0m   => /home/priyoi/.cache/coursier/v1/https/repo1.maven.org/maven2/com/vladsch/flexmark/flexmark/0.42.12/flexmark-0.42.12.jar
[0m[32m[D][0m   => /home/priyoi/.cache/coursier/v1/https/repo1.maven.org/maven2/net/java/dev/jna/jna/5.3.1/jna-5.3.1.jar
[0m[32m[D][0m   => /home/priyoi/.cache/coursier/v1/https/repo1.maven.org/maven2/nl/big-o/liqp/0.6.7/liqp-0.6.7.jar
[0m[32m[D][0m   => /home/priyoi/.cache/coursier/v1/https/repo1.maven.org/maven2/org/antlr/ST4/4.0.7/ST4-4.0.7.jar
[0m[32m[D][0m   => /home/priyoi/.cache/coursier/v1/https/repo1.maven.org/maven2/org/antlr/antlr-runtime/3.5.1/antlr-runtime-3.5.1.jar
[0m[32m[D][0m   => /home/priyoi/.cache/coursier/v1/https/repo1.maven.org/maven2/org/antlr/antlr/3.5.1/antlr-3.5.1.jar
[0m[32m[D][0m   => /home/priyoi/.cache/coursier/v1/https/repo1.maven.org/maven2/org/jline/jline-reader/3.19.0/jline-reader-3.19.0.jar
[0m[32m[D][0m   => /home/priyoi/.cache/coursier/v1/https/repo1.maven.org/maven2/org/jline/jline-terminal-jna/3.19.0/jline-terminal-jna-3.19.0.jar
[0m[32m[D][0m   => /home/priyoi/.cache/coursier/v1/https/repo1.maven.org/maven2/org/jline/jline-terminal/3.19.0/jline-terminal-3.19.0.jar
[0m[32m[D][0m   => /home/priyoi/.cache/coursier/v1/https/repo1.maven.org/maven2/org/jsoup/jsoup/1.13.1/jsoup-1.13.1.jar
[0m[32m[D][0m   => /home/priyoi/.cache/coursier/v1/https/repo1.maven.org/maven2/org/nibor/autolink/autolink/0.6.0/autolink-0.6.0.jar
[0m[32m[D][0m   => /home/priyoi/.cache/coursier/v1/https/repo1.maven.org/maven2/org/scala-lang/modules/scala-asm/9.1.0-scala-1/scala-asm-9.1.0-scala-1.jar
[0m[32m[D][0m   => /home/priyoi/.cache/coursier/v1/https/repo1.maven.org/maven2/org/scala-lang/scala-library/2.13.5/scala-library-2.13.5.jar
[0m[32m[D][0m   => /home/priyoi/.cache/coursier/v1/https/repo1.maven.org/maven2/org/scala-lang/scala3-compiler_3/3.0.0/scala3-compiler_3-3.0.0.jar
[0m[32m[D][0m   => /home/priyoi/.cache/coursier/v1/https/repo1.maven.org/maven2/org/scala-lang/scala3-interfaces/3.0.0/scala3-interfaces-3.0.0.jar
[0m[32m[D][0m   => /home/priyoi/.cache/coursier/v1/https/repo1.maven.org/maven2/org/scala-lang/scala3-library_3/3.0.0/scala3-library_3-3.0.0.jar
[0m[32m[D][0m   => /home/priyoi/.cache/coursier/v1/https/repo1.maven.org/maven2/org/scala-lang/scala3-tasty-inspector_3/3.0.0/scala3-tasty-inspector_3-3.0.0.jar
[0m[32m[D][0m   => /home/priyoi/.cache/coursier/v1/https/repo1.maven.org/maven2/org/scala-lang/scaladoc_3/3.0.0/scaladoc_3-3.0.0.jar
[0m[32m[D][0m   => /home/priyoi/.cache/coursier/v1/https/repo1.maven.org/maven2/org/scala-lang/tasty-core_3/3.0.0/tasty-core_3-3.0.0.jar
[0m[32m[D][0m   => /home/priyoi/.cache/coursier/v1/https/repo1.maven.org/maven2/org/scala-sbt/compiler-interface/1.3.5/compiler-interface-1.3.5.jar
[0m[32m[D][0m   => /home/priyoi/.cache/coursier/v1/https/repo1.maven.org/maven2/org/scala-sbt/util-interface/1.3.0/util-interface-1.3.0.jar
[0m[32m[D][0m   => /home/priyoi/.cache/coursier/v1/https/repo1.maven.org/maven2/org/yaml/snakeyaml/1.23/snakeyaml-1.23.jar
[0m[32m[D][0m Missing analysis file for project 'wikigraph-test'
[0m[32m[D][0m Missing analysis file for project 'wikigraph'
[0m[32m[D][0m Waiting for a connection at local:///tmp/bsp-launcher6698868692612717760/bsp.socket...
The server is listening for incoming connections at local:///tmp/bsp-launcher6698868692612717760/bsp.socket...
Starting thread that pumps stdin and redirects it to the bsp server...
Starting thread that pumps server stdout and redirects it to the client stdout...
[0m2021.10.29 09:30:26 INFO  tracing is enabled: /home/priyoi/.cache/metals/bsp.trace.json[0m
[0m2021.10.29 09:30:26 INFO  Attempting to connect to the build server...[0m
Starting the bsp launcher for bloop...
Opening a bsp server connection with 'bsp --protocol local --socket /tmp/bsp-launcher3695641306013985962/bsp.socket'...
[0m2021.10.29 09:30:26 INFO  Waiting for the bsp connection to come up...Attempting to connect to the build server...
[0m
Starting the bsp launcher for bloop...
Opening a bsp server connection with 'bsp --protocol local --socket /tmp/bsp-launcher3127962122517495611/bsp.socket'...
Waiting for the bsp connection to come up...
[0m[32m[D][0m Loading workspace settings from bloop.settings.json
[0m[32m[D][0m Waiting for a connection at local:///tmp/bsp-launcher3127962122517495611/bsp.socket...
The server is listening for incoming connections at local:///tmp/bsp-launcher3127962122517495611/bsp.socket...
Starting thread that pumps stdin and redirects it to the bsp server...
Starting thread that pumps server stdout and redirects it to the client stdout...
[0m2021.10.29 09:30:26 INFO  tracing is enabled: /home/priyoi/.cache/metals/bsp.trace.json[0m
[0m[32m[D][0m Loading workspace settings from bloop.settings.json
[0m[32m[D][0m Waiting for a connection at local:///tmp/bsp-launcher3695641306013985962/bsp.socket...
The server is listening for incoming connections at local:///tmp/bsp-launcher3695641306013985962/bsp.socket...
Starting thread that pumps stdin and redirects it to the bsp server...
Starting thread that pumps server stdout and redirects it to the client stdout...
[0m2021.10.29 09:30:26 INFO  tracing is enabled: /home/priyoi/.cache/metals/bsp.trace.json[0m
[0m2021.10.29 09:30:26 INFO  time: Connected to build server in 5.12s[0m
[0m2021.10.29 09:30:26 INFO  Connected to Build server: Bloop v1.4.9[0m
[0m2021.10.29 09:30:27 INFO  time: Imported build in 0.21s[0m
[0m2021.10.29 09:30:33 INFO  time: indexed workspace in 6.6s[0m
[0m2021.10.29 09:30:34 INFO  no build target: using presentation compiler with only scala-library: 3.0.0[0m
[0m2021.10.29 09:31:22 INFO  compiling wikigraph (8 scala sources)[0m
[0m2021.10.29 09:31:33 INFO  time: compiled wikigraph in 10s[0m
[0m2021.10.29 09:35:23 INFO  compiling wikigraph (1 scala source)[0m
[0m2021.10.29 09:35:24 INFO  time: compiled wikigraph in 1.14s[0m
[0m2021.10.29 09:35:27 INFO  compiling wikigraph (1 scala source)[0m
[0m2021.10.29 09:35:27 INFO  time: compiled wikigraph in 0.93s[0m
[0m2021.10.29 09:35:40 INFO  compiling wikigraph (1 scala source)[0m
[0m2021.10.29 09:35:40 INFO  time: compiled wikigraph in 0.42s[0m
[0m2021.10.29 09:35:47 INFO  compiling wikigraph (1 scala source)[0m
[0m2021.10.29 09:35:47 INFO  time: compiled wikigraph in 0.58s[0m
[0m2021.10.29 09:35:55 INFO  compiling wikigraph (1 scala source)[0m
[0m2021.10.29 09:35:55 INFO  time: compiled wikigraph in 0.95s[0m
Exception in thread "pool-5-thread-1" java.lang.Error: dotty.tools.dotc.core.TypeError: bad parameter reference A at typer
the parameter is type A in class WikiResult but the prefix <noprefix>
does not define any corresponding arguments.
idx = 0, args = List()
	at java.util.concurrent.ThreadPoolExecutor.runWorker(ThreadPoolExecutor.java:1155)
	at java.util.concurrent.ThreadPoolExecutor$Worker.run(ThreadPoolExecutor.java:624)
	at java.lang.Thread.run(Thread.java:748)
Caused by: dotty.tools.dotc.core.TypeError: bad parameter reference A at typer
the parameter is type A in class WikiResult but the prefix <noprefix>
does not define any corresponding arguments.
idx = 0, args = List()
	at dotty.tools.dotc.core.Types$NamedType.argDenot(Types.scala:2263)
	at dotty.tools.dotc.core.Types$NamedType.fromDesignator$1(Types.scala:2177)
	at dotty.tools.dotc.core.Types$NamedType.computeDenot(Types.scala:2195)
	at dotty.tools.dotc.core.Types$NamedType.denot(Types.scala:2150)
	at dotty.tools.dotc.core.Types$NamedType.info(Types.scala:2138)
	at dotty.tools.dotc.core.Types$Type.dealias1(Types.scala:1354)
	at dotty.tools.dotc.core.Types$Type.dealias(Types.scala:1377)
	at dotty.tools.dotc.core.Definitions.isTupleType(Definitions.scala:1443)
	at dotty.tools.dotc.printing.RefinedPrinter.toTextFunction$1$$anonfun$1(RefinedPrinter.scala:146)
	at dotty.tools.dotc.printing.Printer.atPrec(Printer.scala:42)
	at dotty.tools.dotc.printing.Printer.changePrec(Printer.scala:71)
	at dotty.tools.dotc.printing.RefinedPrinter.toTextFunction$2(RefinedPrinter.scala:156)
	at dotty.tools.dotc.printing.RefinedPrinter.appliedText$2(RefinedPrinter.scala:199)
	at dotty.tools.dotc.printing.RefinedPrinter.toText$$anonfun$1(RefinedPrinter.scala:211)
	at dotty.tools.dotc.printing.MessageLimiter.controlled(MessageLimiter.scala:23)
	at dotty.tools.dotc.printing.PlainPrinter.controlled(PlainPrinter.scala:36)
	at dotty.tools.dotc.printing.RefinedPrinter.toText(RefinedPrinter.scala:268)
	at scala.meta.internal.pc.SymbolPrinter.typeString(SymbolPrinter.scala:26)
	at scala.meta.internal.pc.SymbolPrinter.paramLabel(SymbolPrinter.scala:266)
	at scala.meta.internal.pc.SymbolPrinter.$anonfun$7(SymbolPrinter.scala:149)
	at scala.collection.immutable.List.flatMap(List.scala:293)
	at scala.meta.internal.pc.SymbolPrinter.label$2$$anonfun$1(SymbolPrinter.scala:149)
	at scala.collection.immutable.List.flatMap(List.scala:293)
	at scala.meta.internal.pc.SymbolPrinter.label$1(SymbolPrinter.scala:153)
	at scala.meta.internal.pc.SymbolPrinter.defaultMethodSignature(SymbolPrinter.scala:156)
	at scala.meta.internal.pc.SymbolPrinter.hoverDetailString(SymbolPrinter.scala:67)
	at scala.meta.internal.pc.ScalaPresentationCompiler.$anonfun$9(ScalaPresentationCompiler.scala:353)
	at scala.Option.map(Option.scala:242)
	at scala.meta.internal.pc.ScalaPresentationCompiler.hover$$anonfun$1(ScalaPresentationCompiler.scala:359)
	at scala.meta.internal.pc.CompilerAccess.withSharedCompiler(CompilerAccess.scala:137)
	at scala.meta.internal.pc.CompilerAccess.withNonInterruptableCompiler$$anonfun$1(CompilerAccess.scala:125)
	at scala.meta.internal.pc.CompilerAccess.onCompilerJobQueue$$anonfun$1(CompilerAccess.scala:197)
	at scala.meta.internal.pc.CompilerJobQueue$Job.run(CompilerJobQueue.scala:139)
	at java.util.concurrent.ThreadPoolExecutor.runWorker(ThreadPoolExecutor.java:1149)
	... 2 more
[0m2021.10.29 09:36:03 INFO  compiling wikigraph (1 scala source)[0m
[0m2021.10.29 09:36:03 INFO  time: compiled wikigraph in 0.29s[0m
[0m2021.10.29 09:36:05 INFO  compiling wikigraph (1 scala source)[0m
[0m2021.10.29 09:36:05 INFO  time: compiled wikigraph in 0.67s[0m
[0m2021.10.29 09:36:45 INFO  compiling wikigraph (1 scala source)[0m
[0m2021.10.29 09:36:47 INFO  time: compiled wikigraph in 1.34s[0m
[0m2021.10.29 09:36:53 INFO  compiling wikigraph (1 scala source)[0m
[0m2021.10.29 09:36:53 INFO  time: compiled wikigraph in 0.78s[0m
[0m2021.10.29 09:36:59 INFO  compiling wikigraph (1 scala source)[0m
[0m2021.10.29 09:36:59 INFO  time: compiled wikigraph in 0.89s[0m
[0m2021.10.29 09:37:34 INFO  compiling wikigraph (1 scala source)[0m
[0m2021.10.29 09:37:34 INFO  time: compiled wikigraph in 0.6s[0m
[0m2021.10.29 09:39:45 INFO  compiling wikigraph (1 scala source)[0m
[0m2021.10.29 09:39:45 INFO  time: compiled wikigraph in 0.35s[0m
[0m2021.10.29 09:39:49 INFO  compiling wikigraph (1 scala source)[0m
[0m2021.10.29 09:39:49 INFO  time: compiled wikigraph in 0.62s[0m
[0m2021.10.29 09:41:36 INFO  compiling wikigraph (1 scala source)[0m
[0m2021.10.29 09:41:36 INFO  time: compiled wikigraph in 0.41s[0m
[0m2021.10.29 09:41:40 INFO  compiling wikigraph (1 scala source)[0m
[0m2021.10.29 09:41:40 INFO  time: compiled wikigraph in 0.59s[0m
Oct 29, 2021 9:43:09 AM org.eclipse.lsp4j.jsonrpc.RemoteEndpoint handleCancellation
WARNING: Unmatched cancel notification for request id 307
Oct 29, 2021 9:43:28 AM org.eclipse.lsp4j.jsonrpc.RemoteEndpoint handleCancellation
WARNING: Unmatched cancel notification for request id 314
Oct 29, 2021 9:43:42 AM org.eclipse.lsp4j.jsonrpc.RemoteEndpoint handleCancellation
WARNING: Unmatched cancel notification for request id 319
Oct 29, 2021 9:44:15 AM org.eclipse.lsp4j.jsonrpc.RemoteEndpoint handleCancellation
WARNING: Unmatched cancel notification for request id 325
Oct 29, 2021 9:44:41 AM org.eclipse.lsp4j.jsonrpc.RemoteEndpoint handleCancellation
WARNING: Unmatched cancel notification for request id 333
Oct 29, 2021 9:57:21 AM org.eclipse.lsp4j.jsonrpc.RemoteEndpoint handleCancellation
WARNING: Unmatched cancel notification for request id 345
[0m2021.10.29 09:57:26 INFO  compiling wikigraph (1 scala source)[0m
[0m2021.10.29 09:57:26 INFO  time: compiled wikigraph in 0.17s[0m
[0m2021.10.29 09:57:40 INFO  compiling wikigraph (1 scala source)[0m
[0m2021.10.29 09:57:40 INFO  time: compiled wikigraph in 0.48s[0m
[0m2021.10.29 09:58:31 INFO  compiling wikigraph (1 scala source)[0m
[0m2021.10.29 09:58:31 INFO  time: compiled wikigraph in 0.87s[0m
[0m2021.10.29 09:58:35 INFO  compiling wikigraph (1 scala source)[0m
[0m2021.10.29 09:58:35 INFO  time: compiled wikigraph in 0.41s[0m
Oct 29, 2021 10:00:06 AM org.eclipse.lsp4j.jsonrpc.RemoteEndpoint fallbackResponseError
SEVERE: Internal error: java.lang.reflect.InvocationTargetException
java.lang.RuntimeException: java.lang.reflect.InvocationTargetException
	at org.eclipse.lsp4j.jsonrpc.services.GenericEndpoint.lambda$null$0(GenericEndpoint.java:67)
	at org.eclipse.lsp4j.jsonrpc.services.GenericEndpoint.request(GenericEndpoint.java:120)
	at org.eclipse.lsp4j.jsonrpc.RemoteEndpoint.handleRequest(RemoteEndpoint.java:261)
	at org.eclipse.lsp4j.jsonrpc.RemoteEndpoint.consume(RemoteEndpoint.java:190)
	at org.eclipse.lsp4j.jsonrpc.json.StreamMessageProducer.handleMessage(StreamMessageProducer.java:194)
	at org.eclipse.lsp4j.jsonrpc.json.StreamMessageProducer.listen(StreamMessageProducer.java:94)
	at org.eclipse.lsp4j.jsonrpc.json.ConcurrentMessageProcessor.run(ConcurrentMessageProcessor.java:113)
	at java.util.concurrent.Executors$RunnableAdapter.call(Executors.java:511)
	at java.util.concurrent.FutureTask.run(FutureTask.java:266)
	at java.util.concurrent.ThreadPoolExecutor.runWorker(ThreadPoolExecutor.java:1149)
	at java.util.concurrent.ThreadPoolExecutor$Worker.run(ThreadPoolExecutor.java:624)
	at java.lang.Thread.run(Thread.java:748)
Caused by: java.lang.reflect.InvocationTargetException
	at sun.reflect.GeneratedMethodAccessor8.invoke(Unknown Source)
	at sun.reflect.DelegatingMethodAccessorImpl.invoke(DelegatingMethodAccessorImpl.java:43)
	at java.lang.reflect.Method.invoke(Method.java:498)
	at org.eclipse.lsp4j.jsonrpc.services.GenericEndpoint.lambda$null$0(GenericEndpoint.java:65)
	... 11 more
Caused by: java.lang.IllegalArgumentException: 113 is not a valid line number, allowed [0..102]
	at scala.meta.internal.inputs.InternalInput.lineToOffset(InternalInput.scala:37)
	at scala.meta.internal.inputs.InternalInput.lineToOffset$(InternalInput.scala:32)
	at scala.meta.inputs.Input$VirtualFile.lineToOffset(Input.scala:80)
	at scala.meta.inputs.Position$Range$.apply(Position.scala:59)
	at scala.meta.internal.mtags.MtagsEnrichments$XtensionPositionLspInverse.toMeta(MtagsEnrichments.scala:121)
	at scala.meta.internal.parsing.Trees.$anonfun$findLastEnclosingAt$4(Trees.scala:77)
	at scala.Option.flatMap(Option.scala:271)
	at scala.meta.internal.parsing.Trees.findLastEnclosingAt(Trees.scala:76)
	at scala.meta.internal.metals.codeactions.PatternMatchRefactor.contribute(PatternMatchRefactor.scala:96)
	at scala.meta.internal.metals.CodeActionProvider$$anonfun$1.applyOrElse(CodeActionProvider.scala:62)
	at scala.meta.internal.metals.CodeActionProvider$$anonfun$1.applyOrElse(CodeActionProvider.scala:61)
	at scala.collection.immutable.List.collect(List.scala:323)
	at scala.meta.internal.metals.CodeActionProvider.codeActions(CodeActionProvider.scala:61)
	at scala.meta.internal.metals.MetalsLanguageServer.$anonfun$codeAction$1(MetalsLanguageServer.scala:1518)
	at scala.meta.internal.metals.CancelTokens$.future(CancelTokens.scala:38)
	at scala.meta.internal.metals.MetalsLanguageServer.codeAction(MetalsLanguageServer.scala:1517)
	... 15 more

[0m2021.10.29 10:00:07 INFO  compiling wikigraph (1 scala source)[0m
Oct 29, 2021 10:00:07 AM org.eclipse.lsp4j.jsonrpc.RemoteEndpoint fallbackResponseError
SEVERE: Internal error: java.lang.reflect.InvocationTargetException
java.lang.RuntimeException: java.lang.reflect.InvocationTargetException
	at org.eclipse.lsp4j.jsonrpc.services.GenericEndpoint.lambda$null$0(GenericEndpoint.java:67)
	at org.eclipse.lsp4j.jsonrpc.services.GenericEndpoint.request(GenericEndpoint.java:120)
	at org.eclipse.lsp4j.jsonrpc.RemoteEndpoint.handleRequest(RemoteEndpoint.java:261)
	at org.eclipse.lsp4j.jsonrpc.RemoteEndpoint.consume(RemoteEndpoint.java:190)
	at org.eclipse.lsp4j.jsonrpc.json.StreamMessageProducer.handleMessage(StreamMessageProducer.java:194)
	at org.eclipse.lsp4j.jsonrpc.json.StreamMessageProducer.listen(StreamMessageProducer.java:94)
	at org.eclipse.lsp4j.jsonrpc.json.ConcurrentMessageProcessor.run(ConcurrentMessageProcessor.java:113)
	at java.util.concurrent.Executors$RunnableAdapter.call(Executors.java:511)
	at java.util.concurrent.FutureTask.run(FutureTask.java:266)
	at java.util.concurrent.ThreadPoolExecutor.runWorker(ThreadPoolExecutor.java:1149)
	at java.util.concurrent.ThreadPoolExecutor$Worker.run(ThreadPoolExecutor.java:624)
	at java.lang.Thread.run(Thread.java:748)
Caused by: java.lang.reflect.InvocationTargetException
	at sun.reflect.GeneratedMethodAccessor8.invoke(Unknown Source)
	at sun.reflect.DelegatingMethodAccessorImpl.invoke(DelegatingMethodAccessorImpl.java:43)
	at java.lang.reflect.Method.invoke(Method.java:498)
	at org.eclipse.lsp4j.jsonrpc.services.GenericEndpoint.lambda$null$0(GenericEndpoint.java:65)
	... 11 more
Caused by: java.lang.IllegalArgumentException: 112 is not a valid line number, allowed [0..102]
	at scala.meta.internal.inputs.InternalInput.lineToOffset(InternalInput.scala:37)
	at scala.meta.internal.inputs.InternalInput.lineToOffset$(InternalInput.scala:32)
	at scala.meta.inputs.Input$VirtualFile.lineToOffset(Input.scala:80)
	at scala.meta.inputs.Position$Range$.apply(Position.scala:59)
	at scala.meta.internal.mtags.MtagsEnrichments$XtensionPositionLspInverse.toMeta(MtagsEnrichments.scala:121)
	at scala.meta.internal.parsing.Trees.$anonfun$findLastEnclosingAt$4(Trees.scala:77)
	at scala.Option.flatMap(Option.scala:271)
	at scala.meta.internal.parsing.Trees.findLastEnclosingAt(Trees.scala:76)
	at scala.meta.internal.metals.codeactions.PatternMatchRefactor.contribute(PatternMatchRefactor.scala:96)
	at scala.meta.internal.metals.CodeActionProvider$$anonfun$1.applyOrElse(CodeActionProvider.scala:62)
	at scala.meta.internal.metals.CodeActionProvider$$anonfun$1.applyOrElse(CodeActionProvider.scala:61)
	at scala.collection.immutable.List.collect(List.scala:323)
	at scala.meta.internal.metals.CodeActionProvider.codeActions(CodeActionProvider.scala:61)
	at scala.meta.internal.metals.MetalsLanguageServer.$anonfun$codeAction$1(MetalsLanguageServer.scala:1518)
	at scala.meta.internal.metals.CancelTokens$.future(CancelTokens.scala:38)
	at scala.meta.internal.metals.MetalsLanguageServer.codeAction(MetalsLanguageServer.scala:1517)
	... 15 more

[0m2021.10.29 10:00:07 INFO  time: compiled wikigraph in 0.9s[0m
Oct 29, 2021 10:00:08 AM org.eclipse.lsp4j.jsonrpc.RemoteEndpoint fallbackResponseError
SEVERE: Internal error: java.lang.reflect.InvocationTargetException
java.lang.RuntimeException: java.lang.reflect.InvocationTargetException
	at org.eclipse.lsp4j.jsonrpc.services.GenericEndpoint.lambda$null$0(GenericEndpoint.java:67)
	at org.eclipse.lsp4j.jsonrpc.services.GenericEndpoint.request(GenericEndpoint.java:120)
	at org.eclipse.lsp4j.jsonrpc.RemoteEndpoint.handleRequest(RemoteEndpoint.java:261)
	at org.eclipse.lsp4j.jsonrpc.RemoteEndpoint.consume(RemoteEndpoint.java:190)
	at org.eclipse.lsp4j.jsonrpc.json.StreamMessageProducer.handleMessage(StreamMessageProducer.java:194)
	at org.eclipse.lsp4j.jsonrpc.json.StreamMessageProducer.listen(StreamMessageProducer.java:94)
	at org.eclipse.lsp4j.jsonrpc.json.ConcurrentMessageProcessor.run(ConcurrentMessageProcessor.java:113)
	at java.util.concurrent.Executors$RunnableAdapter.call(Executors.java:511)
	at java.util.concurrent.FutureTask.run(FutureTask.java:266)
	at java.util.concurrent.ThreadPoolExecutor.runWorker(ThreadPoolExecutor.java:1149)
	at java.util.concurrent.ThreadPoolExecutor$Worker.run(ThreadPoolExecutor.java:624)
	at java.lang.Thread.run(Thread.java:748)
Caused by: java.lang.reflect.InvocationTargetException
	at sun.reflect.GeneratedMethodAccessor8.invoke(Unknown Source)
	at sun.reflect.DelegatingMethodAccessorImpl.invoke(DelegatingMethodAccessorImpl.java:43)
	at java.lang.reflect.Method.invoke(Method.java:498)
	at org.eclipse.lsp4j.jsonrpc.services.GenericEndpoint.lambda$null$0(GenericEndpoint.java:65)
	... 11 more
Caused by: java.lang.IllegalArgumentException: 112 is not a valid line number, allowed [0..102]
	at scala.meta.internal.inputs.InternalInput.lineToOffset(InternalInput.scala:37)
	at scala.meta.internal.inputs.InternalInput.lineToOffset$(InternalInput.scala:32)
	at scala.meta.inputs.Input$VirtualFile.lineToOffset(Input.scala:80)
	at scala.meta.inputs.Position$Range$.apply(Position.scala:59)
	at scala.meta.internal.mtags.MtagsEnrichments$XtensionPositionLspInverse.toMeta(MtagsEnrichments.scala:121)
	at scala.meta.internal.parsing.Trees.$anonfun$findLastEnclosingAt$4(Trees.scala:77)
	at scala.Option.flatMap(Option.scala:271)
	at scala.meta.internal.parsing.Trees.findLastEnclosingAt(Trees.scala:76)
	at scala.meta.internal.metals.codeactions.PatternMatchRefactor.contribute(PatternMatchRefactor.scala:96)
	at scala.meta.internal.metals.CodeActionProvider$$anonfun$1.applyOrElse(CodeActionProvider.scala:62)
	at scala.meta.internal.metals.CodeActionProvider$$anonfun$1.applyOrElse(CodeActionProvider.scala:61)
	at scala.collection.immutable.List.collect(List.scala:323)
	at scala.meta.internal.metals.CodeActionProvider.codeActions(CodeActionProvider.scala:61)
	at scala.meta.internal.metals.MetalsLanguageServer.$anonfun$codeAction$1(MetalsLanguageServer.scala:1518)
	at scala.meta.internal.metals.CancelTokens$.future(CancelTokens.scala:38)
	at scala.meta.internal.metals.MetalsLanguageServer.codeAction(MetalsLanguageServer.scala:1517)
	... 15 more

Oct 29, 2021 10:00:15 AM org.eclipse.lsp4j.jsonrpc.RemoteEndpoint fallbackResponseError
SEVERE: Internal error: java.lang.IllegalArgumentException: 106 is not a valid line number, allowed [0..102]
java.util.concurrent.CompletionException: java.lang.IllegalArgumentException: 106 is not a valid line number, allowed [0..102]
	at java.util.concurrent.CompletableFuture.encodeThrowable(CompletableFuture.java:292)
	at java.util.concurrent.CompletableFuture.completeThrowable(CompletableFuture.java:308)
	at java.util.concurrent.CompletableFuture.uniAccept(CompletableFuture.java:661)
	at java.util.concurrent.CompletableFuture$UniAccept.tryFire(CompletableFuture.java:646)
	at java.util.concurrent.CompletableFuture.postComplete(CompletableFuture.java:488)
	at java.util.concurrent.CompletableFuture.completeExceptionally(CompletableFuture.java:1990)
	at scala.meta.internal.metals.CancelTokens$.$anonfun$future$1(CancelTokens.scala:40)
	at scala.meta.internal.metals.CancelTokens$.$anonfun$future$1$adapted(CancelTokens.scala:38)
	at scala.concurrent.impl.CallbackRunnable.run(Promise.scala:64)
	at java.util.concurrent.ThreadPoolExecutor.runWorker(ThreadPoolExecutor.java:1149)
	at java.util.concurrent.ThreadPoolExecutor$Worker.run(ThreadPoolExecutor.java:624)
	at java.lang.Thread.run(Thread.java:748)
Caused by: java.lang.IllegalArgumentException: 106 is not a valid line number, allowed [0..102]
	at scala.meta.internal.inputs.InternalInput.lineToOffset(InternalInput.scala:37)
	at scala.meta.internal.inputs.InternalInput.lineToOffset$(InternalInput.scala:32)
	at scala.meta.inputs.Input$VirtualFile.lineToOffset(Input.scala:80)
	at scala.meta.inputs.Position$Range$.apply(Position.scala:59)
	at scala.meta.internal.mtags.MtagsEnrichments$XtensionPositionLspInverse.toMeta(MtagsEnrichments.scala:121)
	at scala.meta.internal.parsing.Trees.$anonfun$findLastEnclosingAt$4(Trees.scala:77)
	at scala.Option.flatMap(Option.scala:271)
	at scala.meta.internal.parsing.Trees.findLastEnclosingAt(Trees.scala:76)
	at scala.meta.internal.metals.codeactions.InsertInferredType.$anonfun$contribute$1(InsertInferredType.scala:70)
	at scala.concurrent.Future$.$anonfun$apply$1(Future.scala:659)
	at scala.util.Success.$anonfun$map$1(Try.scala:255)
	at scala.util.Success.map(Try.scala:213)
	at scala.concurrent.Future.$anonfun$map$1(Future.scala:292)
	at scala.concurrent.impl.Promise.liftedTree1$1(Promise.scala:33)
	at scala.concurrent.impl.Promise.$anonfun$transform$1(Promise.scala:33)
	... 4 more

Oct 29, 2021 10:00:25 AM org.eclipse.lsp4j.jsonrpc.RemoteEndpoint fallbackResponseError
SEVERE: Internal error: java.lang.IllegalArgumentException: 106 is not a valid line number, allowed [0..102]
java.util.concurrent.CompletionException: java.lang.IllegalArgumentException: 106 is not a valid line number, allowed [0..102]
	at java.util.concurrent.CompletableFuture.encodeThrowable(CompletableFuture.java:292)
	at java.util.concurrent.CompletableFuture.completeThrowable(CompletableFuture.java:308)
	at java.util.concurrent.CompletableFuture.uniAccept(CompletableFuture.java:661)
	at java.util.concurrent.CompletableFuture$UniAccept.tryFire(CompletableFuture.java:646)
	at java.util.concurrent.CompletableFuture.postComplete(CompletableFuture.java:488)
	at java.util.concurrent.CompletableFuture.completeExceptionally(CompletableFuture.java:1990)
	at scala.meta.internal.metals.CancelTokens$.$anonfun$future$1(CancelTokens.scala:40)
	at scala.meta.internal.metals.CancelTokens$.$anonfun$future$1$adapted(CancelTokens.scala:38)
	at scala.concurrent.impl.CallbackRunnable.run(Promise.scala:64)
	at java.util.concurrent.ThreadPoolExecutor.runWorker(ThreadPoolExecutor.java:1149)
	at java.util.concurrent.ThreadPoolExecutor$Worker.run(ThreadPoolExecutor.java:624)
	at java.lang.Thread.run(Thread.java:748)
Caused by: java.lang.IllegalArgumentException: 106 is not a valid line number, allowed [0..102]
	at scala.meta.internal.inputs.InternalInput.lineToOffset(InternalInput.scala:37)
	at scala.meta.internal.inputs.InternalInput.lineToOffset$(InternalInput.scala:32)
	at scala.meta.inputs.Input$VirtualFile.lineToOffset(Input.scala:80)
	at scala.meta.inputs.Position$Range$.apply(Position.scala:59)
	at scala.meta.internal.mtags.MtagsEnrichments$XtensionPositionLspInverse.toMeta(MtagsEnrichments.scala:121)
	at scala.meta.internal.parsing.Trees.$anonfun$findLastEnclosingAt$4(Trees.scala:77)
	at scala.Option.flatMap(Option.scala:271)
	at scala.meta.internal.parsing.Trees.findLastEnclosingAt(Trees.scala:76)
	at scala.meta.internal.metals.codeactions.InsertInferredType.$anonfun$contribute$1(InsertInferredType.scala:70)
	at scala.concurrent.Future$.$anonfun$apply$1(Future.scala:659)
	at scala.util.Success.$anonfun$map$1(Try.scala:255)
	at scala.util.Success.map(Try.scala:213)
	at scala.concurrent.Future.$anonfun$map$1(Future.scala:292)
	at scala.concurrent.impl.Promise.liftedTree1$1(Promise.scala:33)
	at scala.concurrent.impl.Promise.$anonfun$transform$1(Promise.scala:33)
	... 4 more

[0m2021.10.29 10:00:53 INFO  compiling wikigraph (1 scala source)[0m
[0m2021.10.29 10:00:53 INFO  time: compiled wikigraph in 0.55s[0m
[0m2021.10.29 10:39:11 INFO  compiling wikigraph-test (2 scala sources)[0m
[0m2021.10.29 10:39:15 INFO  time: compiled wikigraph-test in 4.3s[0m
[0m2021.10.29 10:39:19 INFO  tracing is disabled for protocol dap-server, to enable tracing of incoming and outgoing JSON messages create an empty file at /home/priyoi/.cache/metals/dap-server.trace.json[0m
[0m2021.10.29 10:39:20 INFO  tracing is disabled for protocol dap-client, to enable tracing of incoming and outgoing JSON messages create an empty file at /home/priyoi/.cache/metals/dap-client.trace.json[0m
[0m2021.10.29 10:39:20 INFO  Starting debug proxy for [wikigraph.WikigraphSuite][0m
[0m2021.10.29 10:39:20 INFO  Trying to attach to remote debuggee VM localhost:34597 .[0m
[0m2021.10.29 10:39:20 INFO  Attaching to debuggee VM succeeded.[0m
[0m2021.10.29 10:39:20 WARN  [Warn] The debugger and the debuggee are running in different versions of JVMs. You could see wrong source mapping results.
Debugger JVM version: 16.0.1
Debuggee JVM version: 1.8.0_292[0m
[0m2021.10.29 10:39:23 INFO  Canceling debug proxy for [wikigraph.WikigraphSuite][0m
[0m2021.10.29 10:39:23 INFO  Closing debug server tcp://0.0.0.0:38987[0m
Oct 29, 2021 10:39:23 AM org.eclipse.lsp4j.jsonrpc.json.StreamMessageProducer fireError
SEVERE: java.net.SocketException: Socket closed
org.eclipse.lsp4j.jsonrpc.JsonRpcException: java.net.SocketException: Socket closed
	at org.eclipse.lsp4j.jsonrpc.json.StreamMessageConsumer.consume(StreamMessageConsumer.java:72)
	at scala.meta.internal.metals.debug.SocketEndpoint.consume(SocketEndpoint.scala:22)
	at scala.meta.internal.metals.debug.MessageIdAdapter.consume(MessageIdAdapter.scala:43)
	at scala.meta.internal.metals.debug.ServerAdapter.send(ServerAdapter.scala:30)
	at scala.meta.internal.metals.debug.DebugProxy.$anonfun$handleClientMessage$1(DebugProxy.scala:96)
	at scala.meta.internal.metals.debug.MessageIdAdapter.$anonfun$listen$1(MessageIdAdapter.scala:57)
	at org.eclipse.lsp4j.jsonrpc.json.StreamMessageProducer.handleMessage(StreamMessageProducer.java:194)
	at org.eclipse.lsp4j.jsonrpc.json.StreamMessageProducer.listen(StreamMessageProducer.java:94)
	at scala.meta.internal.metals.debug.SocketEndpoint.listen(SocketEndpoint.scala:26)
	at scala.meta.internal.metals.debug.MessageIdAdapter.listen(MessageIdAdapter.scala:47)
	at scala.meta.internal.metals.debug.DebugProxy.$anonfun$listenToClient$1(DebugProxy.scala:61)
	at scala.runtime.java8.JFunction0$mcV$sp.apply(JFunction0$mcV$sp.java:23)
	at scala.concurrent.Future$.$anonfun$apply$1(Future.scala:659)
	at scala.util.Success.$anonfun$map$1(Try.scala:255)
	at scala.util.Success.map(Try.scala:213)
	at scala.concurrent.Future.$anonfun$map$1(Future.scala:292)
	at scala.concurrent.impl.Promise.liftedTree1$1(Promise.scala:33)
	at scala.concurrent.impl.Promise.$anonfun$transform$1(Promise.scala:33)
	at scala.concurrent.impl.CallbackRunnable.run(Promise.scala:64)
	at java.util.concurrent.ThreadPoolExecutor.runWorker(ThreadPoolExecutor.java:1149)
	at java.util.concurrent.ThreadPoolExecutor$Worker.run(ThreadPoolExecutor.java:624)
	at java.lang.Thread.run(Thread.java:748)
Caused by: java.net.SocketException: Socket closed
	at java.net.SocketOutputStream.socketWrite(SocketOutputStream.java:118)
	at java.net.SocketOutputStream.write(SocketOutputStream.java:155)
	at java.io.BufferedOutputStream.flushBuffer(BufferedOutputStream.java:82)
	at java.io.BufferedOutputStream.flush(BufferedOutputStream.java:140)
	at org.eclipse.lsp4j.jsonrpc.json.StreamMessageConsumer.consume(StreamMessageConsumer.java:69)
	... 21 more

[0m2021.10.29 10:39:52 INFO  Deduplicating compilation of wikigraph from bsp client 'Metals 0.10.7' (since 1h 9m 25.482s)[0m
[0m2021.10.29 10:39:52 INFO  tracing is disabled for protocol dap-server, to enable tracing of incoming and outgoing JSON messages create an empty file at /home/priyoi/.cache/metals/dap-server.trace.json[0m
[0m2021.10.29 10:39:52 INFO  tracing is disabled for protocol dap-client, to enable tracing of incoming and outgoing JSON messages create an empty file at /home/priyoi/.cache/metals/dap-client.trace.json[0m
[0m2021.10.29 10:39:52 INFO  Starting debug proxy for [run][0m
[0m2021.10.29 10:39:52 INFO  Trying to attach to remote debuggee VM localhost:43059 .[0m
[0m2021.10.29 10:39:52 INFO  Attaching to debuggee VM succeeded.[0m
[0m2021.10.29 10:39:52 WARN  [Warn] The debugger and the debuggee are running in different versions of JVMs. You could see wrong source mapping results.
Debugger JVM version: 16.0.1
Debuggee JVM version: 1.8.0_292[0m
[0m2021.10.29 10:39:53 INFO  Canceling debug proxy for [run][0m
[0m2021.10.29 10:39:53 INFO  Closing debug server tcp://0.0.0.0:40577[0m
[0m2021.10.29 12:48:48 INFO  shutting down Metals[0m
[0m2021.10.29 12:48:48 INFO  Shut down connection with build server.[0m
[0m2021.10.29 12:48:48 INFO  Shut down connection with build server.[0m
No more data in the client stdin, exiting...
[0m2021.10.29 12:48:48 INFO  Shut down connection with build server.[0m
