[0m2021.10.20 12:10:50 INFO  Started: Metals version 0.10.7 in workspace '/home/priyoi/Files/Coursera/todo' for client Visual Studio Code 1.61.0.[0m
[0m2021.10.20 12:10:50 INFO  time: initialize in 0.43s[0m
[0m2021.10.20 12:10:51 WARN  Build server is not auto-connectable.[0m
[0m2021.10.20 12:10:51 WARN  no build target for: /home/priyoi/Files/Coursera/todo/src/main/scala/todo/Main.scala[0m
[0m2021.10.20 12:10:54 INFO  no build target: using presentation compiler with only scala-library: 2.12.15[0m
[0m2021.10.20 12:10:55 INFO  running '/home/priyoi/.jabba/jdk/adopt@1.8.0-292/bin/java -Djline.terminal=jline.UnsupportedTerminal -Dsbt.log.noformat=true -Dfile.encoding=UTF-8 -jar /tmp/metals5540707953812238541/sbt-launch.jar -Dbloop.export-jar-classifiers=sources bloopInstall'[0m
[0m2021.10.20 12:10:55 WARN  no build target for: /home/priyoi/Files/Coursera/todo/project/metals.sbt[0m
[0m2021.10.20 12:10:55 WARN  no build target for: /home/priyoi/Files/Coursera/todo/project/project/metals.sbt[0m
[0m2021.10.20 12:10:55 INFO  skipping build import with status 'Started'[0m
Oct 20, 2021 12:10:57 PM scala.meta.internal.pc.CompilerAccess handleError
SEVERE: file%3A%2F%2F%2Fhome%2Fpriyoi%2FFiles%2FCoursera%2Ftodo%2Fsrc%2Fmain%2Fscala%2Ftodo%2FMain.scala:19: error: ; expected but : found
object Main extends IOApp:
                         ^
file%3A%2F%2F%2Fhome%2Fpriyoi%2FFiles%2FCoursera%2Ftodo%2Fsrc%2Fmain%2Fscala%2Ftodo%2FMain.scala:19: error: ; expected but : found
object Main extends IOApp:
                         ^
	at scala.meta.internal.parsers.Reporter.syntaxError(Reporter.scala:16)
	at scala.meta.internal.parsers.Reporter.syntaxError$(Reporter.scala:16)
	at scala.meta.internal.parsers.Reporter$$anon$1.syntaxError(Reporter.scala:22)
	at scala.meta.internal.parsers.Reporter.syntaxError(Reporter.scala:17)
	at scala.meta.internal.parsers.Reporter.syntaxError$(Reporter.scala:17)
	at scala.meta.internal.parsers.Reporter$$anon$1.syntaxError(Reporter.scala:22)
	at scala.meta.internal.parsers.ScalametaParser.syntaxErrorExpected(ScalametaParser.scala:941)
	at scala.meta.internal.parsers.ScalametaParser.accept(ScalametaParser.scala:947)
	at scala.meta.internal.parsers.ScalametaParser.acceptStatSep(ScalametaParser.scala:957)
	at scala.meta.internal.parsers.ScalametaParser.acceptStatSepOpt(ScalametaParser.scala:961)
	at scala.meta.internal.parsers.ScalametaParser.statSeq(ScalametaParser.scala:5060)
	at scala.meta.internal.parsers.ScalametaParser.topStatSeq(ScalametaParser.scala:5066)
	at scala.meta.internal.parsers.ScalametaParser.bracelessPackageStats$1(ScalametaParser.scala:5289)
	at scala.meta.internal.parsers.ScalametaParser.$anonfun$batchSource$12(ScalametaParser.scala:5295)
	at scala.meta.internal.parsers.ScalametaParser.atPos(ScalametaParser.scala:888)
	at scala.meta.internal.parsers.ScalametaParser.$anonfun$batchSource$1(ScalametaParser.scala:5295)
	at scala.meta.internal.parsers.ScalametaParser.atPos(ScalametaParser.scala:888)
	at scala.meta.internal.parsers.ScalametaParser.autoPos(ScalametaParser.scala:922)
	at scala.meta.internal.parsers.ScalametaParser.batchSource(ScalametaParser.scala:5256)
	at scala.meta.internal.parsers.ScalametaParser.$anonfun$source$1(ScalametaParser.scala:5239)
	at scala.meta.internal.parsers.ScalametaParser.atPos(ScalametaParser.scala:888)
	at scala.meta.internal.parsers.ScalametaParser.autoPos(ScalametaParser.scala:922)
	at scala.meta.internal.parsers.ScalametaParser.source(ScalametaParser.scala:5238)
	at scala.meta.internal.parsers.ScalametaParser.entrypointSource(ScalametaParser.scala:5244)
	at scala.meta.internal.parsers.ScalametaParser.$anonfun$parseSource$2(ScalametaParser.scala:143)
	at scala.meta.internal.parsers.ScalametaParser.parseRule(ScalametaParser.scala:53)
	at scala.meta.internal.parsers.ScalametaParser.parseSource(ScalametaParser.scala:143)
	at scala.meta.parsers.Parse$.$anonfun$parseSource$1(Parse.scala:29)
	at scala.meta.internal.parsers.ScalametaParser$$anon$264.apply(ScalametaParser.scala:5308)
	at scala.meta.parsers.Api$XtensionParseDialectInput.parse(Api.scala:25)
	at scala.meta.internal.semanticdb.scalac.ParseOps$XtensionCompilationUnitSource.toSource(ParseOps.scala:17)
	at scala.meta.internal.semanticdb.scalac.TextDocumentOps$XtensionCompilationUnitDocument.toTextDocument(TextDocumentOps.scala:201)
	at scala.meta.internal.pc.SemanticdbTextDocumentProvider.textDocument(SemanticdbTextDocumentProvider.scala:51)

[0m2021.10.20 12:10:58 INFO  [info] welcome to sbt 1.5.3 (AdoptOpenJDK Java 1.8.0_292)[0m
Oct 20, 2021 12:10:58 PM scala.meta.internal.pc.CompilerAccess handleError
SEVERE: file%3A%2F%2F%2Fhome%2Fpriyoi%2FFiles%2FCoursera%2Ftodo%2Fsrc%2Fmain%2Fscala%2Ftodo%2FMain.scala:19: error: ; expected but : found
object Main extends IOApp:
                         ^
file%3A%2F%2F%2Fhome%2Fpriyoi%2FFiles%2FCoursera%2Ftodo%2Fsrc%2Fmain%2Fscala%2Ftodo%2FMain.scala:19: error: ; expected but : found
object Main extends IOApp:
                         ^
	at scala.meta.internal.parsers.Reporter.syntaxError(Reporter.scala:16)
	at scala.meta.internal.parsers.Reporter.syntaxError$(Reporter.scala:16)
	at scala.meta.internal.parsers.Reporter$$anon$1.syntaxError(Reporter.scala:22)
	at scala.meta.internal.parsers.Reporter.syntaxError(Reporter.scala:17)
	at scala.meta.internal.parsers.Reporter.syntaxError$(Reporter.scala:17)
	at scala.meta.internal.parsers.Reporter$$anon$1.syntaxError(Reporter.scala:22)
	at scala.meta.internal.parsers.ScalametaParser.syntaxErrorExpected(ScalametaParser.scala:941)
	at scala.meta.internal.parsers.ScalametaParser.accept(ScalametaParser.scala:947)
	at scala.meta.internal.parsers.ScalametaParser.acceptStatSep(ScalametaParser.scala:957)
	at scala.meta.internal.parsers.ScalametaParser.acceptStatSepOpt(ScalametaParser.scala:961)
	at scala.meta.internal.parsers.ScalametaParser.statSeq(ScalametaParser.scala:5060)
	at scala.meta.internal.parsers.ScalametaParser.topStatSeq(ScalametaParser.scala:5066)
	at scala.meta.internal.parsers.ScalametaParser.bracelessPackageStats$1(ScalametaParser.scala:5289)
	at scala.meta.internal.parsers.ScalametaParser.$anonfun$batchSource$12(ScalametaParser.scala:5295)
	at scala.meta.internal.parsers.ScalametaParser.atPos(ScalametaParser.scala:888)
	at scala.meta.internal.parsers.ScalametaParser.$anonfun$batchSource$1(ScalametaParser.scala:5295)
	at scala.meta.internal.parsers.ScalametaParser.atPos(ScalametaParser.scala:888)
	at scala.meta.internal.parsers.ScalametaParser.autoPos(ScalametaParser.scala:922)
	at scala.meta.internal.parsers.ScalametaParser.batchSource(ScalametaParser.scala:5256)
	at scala.meta.internal.parsers.ScalametaParser.$anonfun$source$1(ScalametaParser.scala:5239)
	at scala.meta.internal.parsers.ScalametaParser.atPos(ScalametaParser.scala:888)
	at scala.meta.internal.parsers.ScalametaParser.autoPos(ScalametaParser.scala:922)
	at scala.meta.internal.parsers.ScalametaParser.source(ScalametaParser.scala:5238)
	at scala.meta.internal.parsers.ScalametaParser.entrypointSource(ScalametaParser.scala:5244)
	at scala.meta.internal.parsers.ScalametaParser.$anonfun$parseSource$2(ScalametaParser.scala:143)
	at scala.meta.internal.parsers.ScalametaParser.parseRule(ScalametaParser.scala:53)
	at scala.meta.internal.parsers.ScalametaParser.parseSource(ScalametaParser.scala:143)
	at scala.meta.parsers.Parse$.$anonfun$parseSource$1(Parse.scala:29)
	at scala.meta.internal.parsers.ScalametaParser$$anon$264.apply(ScalametaParser.scala:5308)
	at scala.meta.parsers.Api$XtensionParseDialectInput.parse(Api.scala:25)
	at scala.meta.internal.semanticdb.scalac.ParseOps$XtensionCompilationUnitSource.toSource(ParseOps.scala:17)
	at scala.meta.internal.semanticdb.scalac.TextDocumentOps$XtensionCompilationUnitDocument.toTextDocument(TextDocumentOps.scala:201)
	at scala.meta.internal.pc.SemanticdbTextDocumentProvider.textDocument(SemanticdbTextDocumentProvider.scala:51)

[0m2021.10.20 12:10:58 INFO  time: code lens generation in 3s[0m
Oct 20, 2021 12:10:59 PM scala.meta.internal.pc.CompilerAccess handleError
SEVERE: file%3A%2F%2F%2Fhome%2Fpriyoi%2FFiles%2FCoursera%2Ftodo%2Fsrc%2Fmain%2Fscala%2Ftodo%2FMain.scala:19: error: ; expected but : found
object Main extends IOApp:
                         ^
file%3A%2F%2F%2Fhome%2Fpriyoi%2FFiles%2FCoursera%2Ftodo%2Fsrc%2Fmain%2Fscala%2Ftodo%2FMain.scala:19: error: ; expected but : found
object Main extends IOApp:
                         ^
	at scala.meta.internal.parsers.Reporter.syntaxError(Reporter.scala:16)
	at scala.meta.internal.parsers.Reporter.syntaxError$(Reporter.scala:16)
	at scala.meta.internal.parsers.Reporter$$anon$1.syntaxError(Reporter.scala:22)
	at scala.meta.internal.parsers.Reporter.syntaxError(Reporter.scala:17)
	at scala.meta.internal.parsers.Reporter.syntaxError$(Reporter.scala:17)
	at scala.meta.internal.parsers.Reporter$$anon$1.syntaxError(Reporter.scala:22)
	at scala.meta.internal.parsers.ScalametaParser.syntaxErrorExpected(ScalametaParser.scala:941)
	at scala.meta.internal.parsers.ScalametaParser.accept(ScalametaParser.scala:947)
	at scala.meta.internal.parsers.ScalametaParser.acceptStatSep(ScalametaParser.scala:957)
	at scala.meta.internal.parsers.ScalametaParser.acceptStatSepOpt(ScalametaParser.scala:961)
	at scala.meta.internal.parsers.ScalametaParser.statSeq(ScalametaParser.scala:5060)
	at scala.meta.internal.parsers.ScalametaParser.topStatSeq(ScalametaParser.scala:5066)
	at scala.meta.internal.parsers.ScalametaParser.bracelessPackageStats$1(ScalametaParser.scala:5289)
	at scala.meta.internal.parsers.ScalametaParser.$anonfun$batchSource$12(ScalametaParser.scala:5295)
	at scala.meta.internal.parsers.ScalametaParser.atPos(ScalametaParser.scala:888)
	at scala.meta.internal.parsers.ScalametaParser.$anonfun$batchSource$1(ScalametaParser.scala:5295)
	at scala.meta.internal.parsers.ScalametaParser.atPos(ScalametaParser.scala:888)
	at scala.meta.internal.parsers.ScalametaParser.autoPos(ScalametaParser.scala:922)
	at scala.meta.internal.parsers.ScalametaParser.batchSource(ScalametaParser.scala:5256)
	at scala.meta.internal.parsers.ScalametaParser.$anonfun$source$1(ScalametaParser.scala:5239)
	at scala.meta.internal.parsers.ScalametaParser.atPos(ScalametaParser.scala:888)
	at scala.meta.internal.parsers.ScalametaParser.autoPos(ScalametaParser.scala:922)
	at scala.meta.internal.parsers.ScalametaParser.source(ScalametaParser.scala:5238)
	at scala.meta.internal.parsers.ScalametaParser.entrypointSource(ScalametaParser.scala:5244)
	at scala.meta.internal.parsers.ScalametaParser.$anonfun$parseSource$2(ScalametaParser.scala:143)
	at scala.meta.internal.parsers.ScalametaParser.parseRule(ScalametaParser.scala:53)
	at scala.meta.internal.parsers.ScalametaParser.parseSource(ScalametaParser.scala:143)
	at scala.meta.parsers.Parse$.$anonfun$parseSource$1(Parse.scala:29)
	at scala.meta.internal.parsers.ScalametaParser$$anon$264.apply(ScalametaParser.scala:5308)
	at scala.meta.parsers.Api$XtensionParseDialectInput.parse(Api.scala:25)
	at scala.meta.internal.semanticdb.scalac.ParseOps$XtensionCompilationUnitSource.toSource(ParseOps.scala:17)
	at scala.meta.internal.semanticdb.scalac.TextDocumentOps$XtensionCompilationUnitDocument.toTextDocument(TextDocumentOps.scala:201)
	at scala.meta.internal.pc.SemanticdbTextDocumentProvider.textDocument(SemanticdbTextDocumentProvider.scala:51)

Oct 20, 2021 12:10:59 PM scala.meta.internal.pc.CompilerAccess handleError
SEVERE: file%3A%2F%2F%2Fhome%2Fpriyoi%2FFiles%2FCoursera%2Ftodo%2Fsrc%2Fmain%2Fscala%2Ftodo%2FMain.scala:19: error: ; expected but : found
object Main extends IOApp:
                         ^
file%3A%2F%2F%2Fhome%2Fpriyoi%2FFiles%2FCoursera%2Ftodo%2Fsrc%2Fmain%2Fscala%2Ftodo%2FMain.scala:19: error: ; expected but : found
object Main extends IOApp:
                         ^
	at scala.meta.internal.parsers.Reporter.syntaxError(Reporter.scala:16)
	at scala.meta.internal.parsers.Reporter.syntaxError$(Reporter.scala:16)
	at scala.meta.internal.parsers.Reporter$$anon$1.syntaxError(Reporter.scala:22)
	at scala.meta.internal.parsers.Reporter.syntaxError(Reporter.scala:17)
	at scala.meta.internal.parsers.Reporter.syntaxError$(Reporter.scala:17)
	at scala.meta.internal.parsers.Reporter$$anon$1.syntaxError(Reporter.scala:22)
	at scala.meta.internal.parsers.ScalametaParser.syntaxErrorExpected(ScalametaParser.scala:941)
	at scala.meta.internal.parsers.ScalametaParser.accept(ScalametaParser.scala:947)
	at scala.meta.internal.parsers.ScalametaParser.acceptStatSep(ScalametaParser.scala:957)
	at scala.meta.internal.parsers.ScalametaParser.acceptStatSepOpt(ScalametaParser.scala:961)
	at scala.meta.internal.parsers.ScalametaParser.statSeq(ScalametaParser.scala:5060)
	at scala.meta.internal.parsers.ScalametaParser.topStatSeq(ScalametaParser.scala:5066)
	at scala.meta.internal.parsers.ScalametaParser.bracelessPackageStats$1(ScalametaParser.scala:5289)
	at scala.meta.internal.parsers.ScalametaParser.$anonfun$batchSource$12(ScalametaParser.scala:5295)
	at scala.meta.internal.parsers.ScalametaParser.atPos(ScalametaParser.scala:888)
	at scala.meta.internal.parsers.ScalametaParser.$anonfun$batchSource$1(ScalametaParser.scala:5295)
	at scala.meta.internal.parsers.ScalametaParser.atPos(ScalametaParser.scala:888)
	at scala.meta.internal.parsers.ScalametaParser.autoPos(ScalametaParser.scala:922)
	at scala.meta.internal.parsers.ScalametaParser.batchSource(ScalametaParser.scala:5256)
	at scala.meta.internal.parsers.ScalametaParser.$anonfun$source$1(ScalametaParser.scala:5239)
	at scala.meta.internal.parsers.ScalametaParser.atPos(ScalametaParser.scala:888)
	at scala.meta.internal.parsers.ScalametaParser.autoPos(ScalametaParser.scala:922)
	at scala.meta.internal.parsers.ScalametaParser.source(ScalametaParser.scala:5238)
	at scala.meta.internal.parsers.ScalametaParser.entrypointSource(ScalametaParser.scala:5244)
	at scala.meta.internal.parsers.ScalametaParser.$anonfun$parseSource$2(ScalametaParser.scala:143)
	at scala.meta.internal.parsers.ScalametaParser.parseRule(ScalametaParser.scala:53)
	at scala.meta.internal.parsers.ScalametaParser.parseSource(ScalametaParser.scala:143)
	at scala.meta.parsers.Parse$.$anonfun$parseSource$1(Parse.scala:29)
	at scala.meta.internal.parsers.ScalametaParser$$anon$264.apply(ScalametaParser.scala:5308)
	at scala.meta.parsers.Api$XtensionParseDialectInput.parse(Api.scala:25)
	at scala.meta.internal.semanticdb.scalac.ParseOps$XtensionCompilationUnitSource.toSource(ParseOps.scala:17)
	at scala.meta.internal.semanticdb.scalac.TextDocumentOps$XtensionCompilationUnitDocument.toTextDocument(TextDocumentOps.scala:201)
	at scala.meta.internal.pc.SemanticdbTextDocumentProvider.textDocument(SemanticdbTextDocumentProvider.scala:51)

[0m2021.10.20 12:10:59 INFO  time: code lens generation in 7.05s[0m
[0m2021.10.20 12:11:05 INFO  [info] loading settings for project todo-build-build-build from metals.sbt ...[0m
[0m2021.10.20 12:11:06 INFO  [info] loading project definition from /home/priyoi/Files/Coursera/todo/project/project/project[0m
[0m2021.10.20 12:11:10 INFO  [info] loading settings for project todo-build-build from metals.sbt ...[0m
[0m2021.10.20 12:11:10 INFO  [info] loading project definition from /home/priyoi/Files/Coursera/todo/project/project[0m
[0m2021.10.20 12:11:13 INFO  [success] Generated .bloop/todo-build-build.json[0m
[0m2021.10.20 12:11:13 INFO  [success] Total time: 3 s, completed Oct 20, 2021 12:11:14 PM[0m
[0m2021.10.20 12:11:16 INFO  [info] loading settings for project todo-build from buildSettings.sbt,metals.sbt,plugins.sbt ...[0m
[0m2021.10.20 12:11:16 INFO  [info] loading project definition from /home/priyoi/Files/Coursera/todo/project[0m
[0m2021.10.20 12:11:18 INFO  [success] Generated .bloop/todo-build.json[0m
[0m2021.10.20 12:11:18 INFO  [info] compiling 2 Scala sources to /home/priyoi/Files/Coursera/todo/project/target/scala-2.12/sbt-1.0/classes ...[0m
Oct 20, 2021 12:11:25 PM scala.meta.internal.pc.CompilerAccess handleError
SEVERE: file%3A%2F%2F%2Fhome%2Fpriyoi%2FFiles%2FCoursera%2Ftodo%2Fsrc%2Fmain%2Fscala%2Ftodo%2FMain.scala:19: error: ; expected but : found
object Main extends IOApp:
                         ^
file%3A%2F%2F%2Fhome%2Fpriyoi%2FFiles%2FCoursera%2Ftodo%2Fsrc%2Fmain%2Fscala%2Ftodo%2FMain.scala:19: error: ; expected but : found
object Main extends IOApp:
                         ^
	at scala.meta.internal.parsers.Reporter.syntaxError(Reporter.scala:16)
	at scala.meta.internal.parsers.Reporter.syntaxError$(Reporter.scala:16)
	at scala.meta.internal.parsers.Reporter$$anon$1.syntaxError(Reporter.scala:22)
	at scala.meta.internal.parsers.Reporter.syntaxError(Reporter.scala:17)
	at scala.meta.internal.parsers.Reporter.syntaxError$(Reporter.scala:17)
	at scala.meta.internal.parsers.Reporter$$anon$1.syntaxError(Reporter.scala:22)
	at scala.meta.internal.parsers.ScalametaParser.syntaxErrorExpected(ScalametaParser.scala:941)
	at scala.meta.internal.parsers.ScalametaParser.accept(ScalametaParser.scala:947)
	at scala.meta.internal.parsers.ScalametaParser.acceptStatSep(ScalametaParser.scala:957)
	at scala.meta.internal.parsers.ScalametaParser.acceptStatSepOpt(ScalametaParser.scala:961)
	at scala.meta.internal.parsers.ScalametaParser.statSeq(ScalametaParser.scala:5060)
	at scala.meta.internal.parsers.ScalametaParser.topStatSeq(ScalametaParser.scala:5066)
	at scala.meta.internal.parsers.ScalametaParser.bracelessPackageStats$1(ScalametaParser.scala:5289)
	at scala.meta.internal.parsers.ScalametaParser.$anonfun$batchSource$12(ScalametaParser.scala:5295)
	at scala.meta.internal.parsers.ScalametaParser.atPos(ScalametaParser.scala:888)
	at scala.meta.internal.parsers.ScalametaParser.$anonfun$batchSource$1(ScalametaParser.scala:5295)
	at scala.meta.internal.parsers.ScalametaParser.atPos(ScalametaParser.scala:888)
	at scala.meta.internal.parsers.ScalametaParser.autoPos(ScalametaParser.scala:922)
	at scala.meta.internal.parsers.ScalametaParser.batchSource(ScalametaParser.scala:5256)
	at scala.meta.internal.parsers.ScalametaParser.$anonfun$source$1(ScalametaParser.scala:5239)
	at scala.meta.internal.parsers.ScalametaParser.atPos(ScalametaParser.scala:888)
	at scala.meta.internal.parsers.ScalametaParser.autoPos(ScalametaParser.scala:922)
	at scala.meta.internal.parsers.ScalametaParser.source(ScalametaParser.scala:5238)
	at scala.meta.internal.parsers.ScalametaParser.entrypointSource(ScalametaParser.scala:5244)
	at scala.meta.internal.parsers.ScalametaParser.$anonfun$parseSource$2(ScalametaParser.scala:143)
	at scala.meta.internal.parsers.ScalametaParser.parseRule(ScalametaParser.scala:53)
	at scala.meta.internal.parsers.ScalametaParser.parseSource(ScalametaParser.scala:143)
	at scala.meta.parsers.Parse$.$anonfun$parseSource$1(Parse.scala:29)
	at scala.meta.internal.parsers.ScalametaParser$$anon$264.apply(ScalametaParser.scala:5308)
	at scala.meta.parsers.Api$XtensionParseDialectInput.parse(Api.scala:25)
	at scala.meta.internal.semanticdb.scalac.ParseOps$XtensionCompilationUnitSource.toSource(ParseOps.scala:17)
	at scala.meta.internal.semanticdb.scalac.TextDocumentOps$XtensionCompilationUnitDocument.toTextDocument(TextDocumentOps.scala:201)
	at scala.meta.internal.pc.SemanticdbTextDocumentProvider.textDocument(SemanticdbTextDocumentProvider.scala:51)

[0m2021.10.20 12:11:33 INFO  [info] done compiling[0m
[0m2021.10.20 12:11:34 INFO  [success] Total time: 18 s, completed Oct 20, 2021 12:11:34 PM[0m
[0m2021.10.20 12:11:38 INFO  [info] loading settings for project todo from assignment.sbt,build.sbt ...[0m
[0m2021.10.20 12:11:39 INFO  [info] set current project to effective-scala-todo (in build file:/home/priyoi/Files/Coursera/todo/)[0m
[0m2021.10.20 12:12:42 INFO  [success] Generated .bloop/todo.json[0m
[0m2021.10.20 12:12:42 INFO  [success] Generated .bloop/todo-test.json[0m
[0m2021.10.20 12:12:42 INFO  [success] Total time: 63 s (01:03), completed Oct 20, 2021 12:12:42 PM[0m
[0m2021.10.20 12:12:43 INFO  time: ran 'sbt bloopInstall' in 1m47s[0m
[0m2021.10.20 12:12:43 INFO  Attempting to connect to the build server...[0m
Starting the bsp launcher for bloop...
Opening a bsp server connection with 'bsp --protocol local --socket /tmp/bsp-launcher9039856544073911721/bsp.socket'...
Waiting for the bsp connection to come up...
[0m[32m[D][0m Loading 2 projects from '/home/priyoi/Files/Coursera/todo/.bloop'...
[0m[32m[D][0m Loading project from '/home/priyoi/Files/Coursera/todo/.bloop/todo.json'
[0m[32m[D][0m Loading project from '/home/priyoi/Files/Coursera/todo/.bloop/todo-test.json'
[0m[32m[D][0m Missing analysis file for project 'todo-test'
[0m[32m[D][0m Missing analysis file for project 'todo'
[0m[32m[D][0m Waiting for a connection at local:///tmp/bsp-launcher9039856544073911721/bsp.socket...
The server is listening for incoming connections at local:///tmp/bsp-launcher9039856544073911721/bsp.socket...
Starting thread that pumps stdin and redirects it to the bsp server...
Starting thread that pumps server stdout and redirects it to the client stdout...
[0m2021.10.20 12:12:43 INFO  tracing is enabled: /home/priyoi/.cache/metals/bsp.trace.json[0m
[0m2021.10.20 12:12:43 INFO  Attempting to connect to the build server...[0m
Starting the bsp launcher for bloop...
Opening a bsp server connection with 'bsp --protocol local --socket /tmp/bsp-launcher5951063740199780002/bsp.socket'...
[0m2021.10.20 12:12:43 INFO  Attempting to connect to the build server...[0m
Waiting for the bsp connection to come up...
Starting the bsp launcher for bloop...
Opening a bsp server connection with 'bsp --protocol local --socket /tmp/bsp-launcher3880030819280806258/bsp.socket'...
Waiting for the bsp connection to come up...
[0m[32m[D][0m Loading workspace settings from bloop.settings.json
[0m[32m[D][0m Waiting for a connection at local:///tmp/bsp-launcher5951063740199780002/bsp.socket...
The server is listening for incoming connections at local:///tmp/bsp-launcher5951063740199780002/bsp.socket...
[0m[32m[D][0m Loading workspace settings from bloop.settings.json
[0m[32m[D][0m Waiting for a connection at local:///tmp/bsp-launcher3880030819280806258/bsp.socket...
The server is listening for incoming connections at local:///tmp/bsp-launcher3880030819280806258/bsp.socket...
Starting thread that pumps stdin and redirects it to the bsp server...
Starting thread that pumps stdin and redirects it to the bsp server...
Starting thread that pumps server stdout and redirects it to the client stdout...
Starting thread that pumps server stdout and redirects it to the client stdout...
[0m2021.10.20 12:12:43 INFO  tracing is enabled: /home/priyoi/.cache/metals/bsp.trace.json[0m
[0m2021.10.20 12:12:43 INFO  tracing is enabled: /home/priyoi/.cache/metals/bsp.trace.json[0m
[0m2021.10.20 12:12:43 INFO  time: Connected to build server in 0.43s[0m
[0m2021.10.20 12:12:43 INFO  Connected to Build server: Bloop v1.4.9[0m
[0m2021.10.20 12:12:43 INFO  time: Imported build in 0.11s[0m
[0m2021.10.20 12:12:49 INFO  time: indexed workspace in 5.74s[0m
[0m2021.10.20 12:12:50 INFO  no build target: using presentation compiler with only scala-library: 3.0.0[0m
[0m2021.10.20 12:18:04 INFO  compiling todo (15 scala sources)[0m
[0m2021.10.20 12:18:15 INFO  compiling todo-test (3 scala sources)[0m
[0m2021.10.20 12:18:16 INFO  time: compiled todo in 11s[0m
[0m2021.10.20 12:18:18 INFO  time: compiled todo-test in 2.95s[0m
[0m2021.10.20 12:22:13 INFO  compiling todo-build (2 scala sources)[0m
[0m2021.10.20 12:22:17 INFO  skipping build import with status 'Installed'[0m
[0m2021.10.20 12:22:20 INFO  time: code lens generation in 2.71s[0m
[0m2021.10.20 12:22:20 INFO  time: code lens generation in 4.12s[0m
[0m2021.10.20 12:22:20 INFO  time: code lens generation in 7.69s[0m
[0m2021.10.20 12:22:22 INFO  running '/home/priyoi/.jabba/jdk/adopt@1.8.0-292/bin/java -Djline.terminal=jline.UnsupportedTerminal -Dsbt.log.noformat=true -Dfile.encoding=UTF-8 -jar /tmp/metals6776885670732938431/sbt-launch.jar -Dbloop.export-jar-classifiers=sources bloopInstall'[0m
[0m2021.10.20 12:22:27 INFO  [info] welcome to sbt 1.5.3 (AdoptOpenJDK Java 1.8.0_292)[0m
[0m2021.10.20 12:22:29 INFO  time: compiled todo-build in 15s[0m
[0m2021.10.20 12:22:30 INFO  [info] loading settings for project todo-build-build-build from metals.sbt ...[0m
[0m2021.10.20 12:22:32 INFO  [info] loading project definition from /home/priyoi/Files/Coursera/todo/project/project/project[0m
[0m2021.10.20 12:22:33 INFO  [info] loading settings for project todo-build-build from metals.sbt ...[0m
[0m2021.10.20 12:22:33 INFO  [info] loading project definition from /home/priyoi/Files/Coursera/todo/project/project[0m
[0m2021.10.20 12:22:37 INFO  [success] Generated .bloop/todo-build-build.json[0m
[0m2021.10.20 12:22:37 INFO  [success] Total time: 3 s, completed Oct 20, 2021 12:22:37 PM[0m
[0m2021.10.20 12:22:37 INFO  [info] loading settings for project todo-build from buildSettings.sbt,metals.sbt,plugins.sbt ...[0m
[0m2021.10.20 12:22:37 INFO  [info] loading project definition from /home/priyoi/Files/Coursera/todo/project[0m
[0m2021.10.20 12:22:39 INFO  [success] Generated .bloop/todo-build.json[0m
[0m2021.10.20 12:22:39 INFO  [info] compiling 2 Scala sources to /home/priyoi/Files/Coursera/todo/project/target/scala-2.12/sbt-1.0/classes ...[0m
[0m2021.10.20 12:22:51 INFO  [info] done compiling[0m
[0m2021.10.20 12:22:51 INFO  [success] Total time: 14 s, completed Oct 20, 2021 12:22:51 PM[0m
[0m2021.10.20 12:22:58 INFO  [info] loading settings for project todo from assignment.sbt,build.sbt ...[0m
[0m2021.10.20 12:22:59 INFO  [info] set current project to effective-scala-todo (in build file:/home/priyoi/Files/Coursera/todo/)[0m
[0m2021.10.20 12:23:13 INFO  [success] Generated .bloop/todo.json[0m
[0m2021.10.20 12:23:13 INFO  [success] Generated .bloop/todo-test.json[0m
[0m2021.10.20 12:23:13 INFO  [success] Total time: 13 s, completed Oct 20, 2021 12:23:13 PM[0m
[0m2021.10.20 12:23:13 INFO  time: ran 'sbt bloopInstall' in 50s[0m
[0m2021.10.20 12:23:13 INFO  Disconnecting from Bloop session...[0m
[0m2021.10.20 12:23:13 INFO  Shut down connection with build server.[0m
[0m2021.10.20 12:23:13 INFO  Shut down connection with build server.[0m
[0m2021.10.20 12:23:13 INFO  Shut down connection with build server.[0m
No more data in the client stdin, exiting...
No more data in the client stdin, exiting...
No more data in the client stdin, exiting...
No more data in the server stdin, exiting...
No more data in the server stdin, exiting...
No more data in the server stdin, exiting...
No more data in the server stdin, exiting...
[0m2021.10.20 12:23:13 INFO  Attempting to connect to the build server...[0m
[0m2021.10.20 12:23:13 INFO  tracing is enabled: /home/priyoi/.cache/metals/bsp.trace.json[0m
[0m2021.10.20 12:23:13 INFO  Attempting to connect to the build server...[0m
[0m2021.10.20 12:23:13 INFO  Attempting to connect to the build server...[0m
[0m2021.10.20 12:23:13 INFO  tracing is enabled: /home/priyoi/.cache/metals/bsp.trace.json[0m
[0m2021.10.20 12:23:14 INFO  tracing is enabled: /home/priyoi/.cache/metals/bsp.trace.json[0m
[0m2021.10.20 12:23:14 INFO  time: Connected to build server in 0.19s[0m
[0m2021.10.20 12:23:14 INFO  Connected to Build server: Bloop v1.4.9[0m
[0m2021.10.20 12:23:14 INFO  time: indexed workspace in 0.94s[0m
[0m2021.10.20 12:23:15 INFO  compiling todo (1 scala source)[0m
[0m2021.10.20 12:23:15 INFO  no build target: using presentation compiler with only scala-library: 3.0.0[0m
[0m2021.10.20 12:23:16 WARN  Toplevel definition decode is defined in
  /home/priyoi/Files/Coursera/todo/.bloop/todo/bloop-internal-classes/classes-Metals-wLE7F6WiQY65S-4-rxn6TQ==-NnQcnVJSQoGSuFvGFPbJ9Q==/io/circe/parser/CirceShim$package.class
and also in
  /home/priyoi/.cache/coursier/v1/https/repo1.maven.org/maven2/io/circe/circe-core_2.13/0.13.0/circe-core_2.13-0.13.0.jar(io/circe/Parser.class)
Keeping only the definition in /home/priyoi/Files/Coursera/todo/.bloop/todo/bloop-internal-classes/classes-Metals-wLE7F6WiQY65S-4-rxn6TQ==-NnQcnVJSQoGSuFvGFPbJ9Q==/io/circe/parser/CirceShim$package.class[0m
[0m2021.10.20 12:23:16 INFO  time: compiled todo in 2.03s[0m
[0m2021.10.20 13:04:30 INFO  compiling todo (1 scala source)[0m
[0m2021.10.20 13:04:30 INFO  time: compiled todo in 0.63s[0m
[0m2021.10.20 13:04:34 INFO  compiling todo (1 scala source)[0m
[0m2021.10.20 13:04:41 INFO  time: compiled todo in 6.64s[0m
[0m2021.10.20 13:04:41 INFO  compiling todo (1 scala source)[0m
[0m2021.10.20 13:04:41 INFO  time: compiled todo in 0.63s[0m
[0m2021.10.20 13:05:19 INFO  compiling todo (1 scala source)[0m
[0m2021.10.20 13:05:19 INFO  time: compiled todo in 0.66s[0m
[0m2021.10.20 13:05:41 INFO  compiling todo (1 scala source)[0m
[0m2021.10.20 13:05:41 INFO  time: compiled todo in 0.65s[0m
[0m2021.10.20 13:05:45 INFO  compiling todo (1 scala source)[0m
[0m2021.10.20 13:05:45 INFO  time: compiled todo in 0.61s[0m
[0m2021.10.20 13:05:47 INFO  compiling todo (1 scala source)[0m
[0m2021.10.20 13:05:47 INFO  time: compiled todo in 0.56s[0m
[0m2021.10.20 13:05:49 INFO  compiling todo (1 scala source)[0m
[0m2021.10.20 13:05:53 INFO  time: compiled todo in 3.87s[0m
[0m2021.10.20 13:05:53 INFO  compiling todo (1 scala source)[0m
[0m2021.10.20 13:05:56 INFO  time: compiled todo in 3.34s[0m
[0m2021.10.20 13:05:56 INFO  compiling todo (1 scala source)[0m
[0m2021.10.20 13:06:00 INFO  time: compiled todo in 3.9s[0m
[0m2021.10.20 13:06:00 INFO  compiling todo (1 scala source)[0m
[0m2021.10.20 13:06:03 INFO  time: compiled todo in 2.85s[0m
[0m2021.10.20 13:06:06 INFO  compiling todo (1 scala source)[0m
[0m2021.10.20 13:06:06 INFO  time: compiled todo in 0.47s[0m
[0m2021.10.20 13:06:38 INFO  compiling todo (1 scala source)[0m
[0m2021.10.20 13:06:38 INFO  time: compiled todo in 0.36s[0m
[0m2021.10.20 13:07:33 INFO  compiling todo (1 scala source)[0m
[0m2021.10.20 13:07:33 INFO  time: compiled todo in 0.5s[0m
[0m2021.10.20 13:07:39 INFO  compiling todo (1 scala source)[0m
[0m2021.10.20 13:07:41 INFO  time: compiled todo in 2.31s[0m
[0m2021.10.20 13:07:41 INFO  compiling todo (1 scala source)[0m
[0m2021.10.20 13:07:41 INFO  time: compiled todo in 0.48s[0m
[0m2021.10.20 13:07:57 INFO  compiling todo (1 scala source)[0m
[0m2021.10.20 13:08:00 INFO  time: compiled todo in 2.33s[0m
[0m2021.10.20 13:08:00 INFO  compiling todo (1 scala source)[0m
[0m2021.10.20 13:08:00 INFO  time: compiled todo in 0.39s[0m
[0m2021.10.20 13:08:03 INFO  compiling todo (1 scala source)[0m
[0m2021.10.20 13:08:03 INFO  time: compiled todo in 0.47s[0m
[0m2021.10.20 13:08:58 INFO  compiling todo (1 scala source)[0m
[0m2021.10.20 13:08:58 INFO  time: compiled todo in 0.32s[0m
[0m2021.10.20 13:09:00 INFO  compiling todo (1 scala source)[0m
[0m2021.10.20 13:09:00 INFO  time: compiled todo in 0.31s[0m
[0m2021.10.20 13:09:03 INFO  compiling todo (1 scala source)[0m
[0m2021.10.20 13:09:05 INFO  time: compiled todo in 2.66s[0m
[0m2021.10.20 13:09:38 INFO  compiling todo (1 scala source)[0m
[0m2021.10.20 13:09:38 INFO  time: compiled todo in 0.91s[0m
[0m2021.10.20 13:09:39 INFO  compiling todo (1 scala source)[0m
[0m2021.10.20 13:09:39 INFO  time: compiled todo in 0.41s[0m
[0m2021.10.20 13:09:43 INFO  compiling todo (1 scala source)[0m
[0m2021.10.20 13:09:43 INFO  time: compiled todo in 0.4s[0m
[0m2021.10.20 13:09:45 INFO  compiling todo (1 scala source)[0m
[0m2021.10.20 13:09:48 INFO  time: compiled todo in 2.96s[0m
[0m2021.10.20 13:09:48 INFO  compiling todo (1 scala source)[0m
[0m2021.10.20 13:09:51 INFO  time: compiled todo in 2.99s[0m
[0m2021.10.20 13:09:51 INFO  compiling todo (1 scala source)[0m
[0m2021.10.20 13:09:51 INFO  time: compiled todo in 0.27s[0m
[0m2021.10.20 13:10:16 INFO  compiling todo (1 scala source)[0m
[0m2021.10.20 13:10:16 INFO  time: compiled todo in 0.47s[0m
[0m2021.10.20 13:10:19 INFO  compiling todo (1 scala source)[0m
[0m2021.10.20 13:10:22 INFO  time: compiled todo in 2.27s[0m
[0m2021.10.20 13:10:24 INFO  compiling todo (1 scala source)[0m
[0m2021.10.20 13:10:26 INFO  time: compiled todo in 2.54s[0m
[0m2021.10.20 13:10:26 INFO  compiling todo (1 scala source)[0m
[0m2021.10.20 13:10:29 INFO  time: compiled todo in 2.53s[0m
[0m2021.10.20 13:10:39 INFO  compiling todo (1 scala source)[0m
[0m2021.10.20 13:10:41 INFO  time: compiled todo in 2.36s[0m
[0m2021.10.20 13:10:41 INFO  compiling todo (1 scala source)[0m
[0m2021.10.20 13:10:41 INFO  time: compiled todo in 0.32s[0m
[0m2021.10.20 13:11:12 INFO  compiling todo (1 scala source)[0m
[0m2021.10.20 13:11:12 INFO  time: compiled todo in 0.3s[0m
[0m2021.10.20 13:11:12 INFO  compiling todo (1 scala source)[0m
[0m2021.10.20 13:11:13 INFO  time: compiled todo in 0.28s[0m
[0m2021.10.20 13:11:15 INFO  compiling todo (1 scala source)[0m
[0m2021.10.20 13:11:15 INFO  time: compiled todo in 0.28s[0m
[0m2021.10.20 13:11:25 INFO  compiling todo (1 scala source)[0m
[0m2021.10.20 13:11:25 INFO  time: compiled todo in 0.34s[0m
[0m2021.10.20 13:11:26 INFO  compiling todo (1 scala source)[0m
[0m2021.10.20 13:11:26 INFO  time: compiled todo in 0.27s[0m
[0m2021.10.20 13:11:28 INFO  compiling todo (1 scala source)[0m
[0m2021.10.20 13:11:28 INFO  time: compiled todo in 0.29s[0m
[0m2021.10.20 13:11:29 INFO  compiling todo (1 scala source)[0m
[0m2021.10.20 13:11:29 INFO  time: compiled todo in 0.32s[0m
[0m2021.10.20 13:11:34 INFO  compiling todo (1 scala source)[0m
[0m2021.10.20 13:11:34 INFO  time: compiled todo in 0.32s[0m
[0m2021.10.20 13:11:36 INFO  compiling todo (1 scala source)[0m
[0m2021.10.20 13:11:36 INFO  time: compiled todo in 0.39s[0m
[0m2021.10.20 13:11:48 INFO  compiling todo (1 scala source)[0m
[0m2021.10.20 13:11:48 INFO  time: compiled todo in 0.39s[0m
[0m2021.10.20 13:12:00 INFO  compiling todo (1 scala source)[0m
[0m2021.10.20 13:12:00 INFO  time: compiled todo in 0.41s[0m
[0m2021.10.20 13:12:03 INFO  compiling todo (1 scala source)[0m
[0m2021.10.20 13:12:03 INFO  time: compiled todo in 0.29s[0m
[0m2021.10.20 13:12:14 INFO  compiling todo (1 scala source)[0m
[0m2021.10.20 13:12:14 INFO  time: compiled todo in 0.28s[0m
[0m2021.10.20 13:12:16 INFO  compiling todo (1 scala source)[0m
[0m2021.10.20 13:12:16 INFO  time: compiled todo in 0.39s[0m
[0m2021.10.20 13:12:19 INFO  compiling todo (1 scala source)[0m
[0m2021.10.20 13:12:19 INFO  time: compiled todo in 0.41s[0m
[0m2021.10.20 13:12:23 INFO  compiling todo (1 scala source)[0m
[0m2021.10.20 13:12:23 INFO  time: compiled todo in 0.38s[0m
[0m2021.10.20 13:12:24 INFO  compiling todo (1 scala source)[0m
[0m2021.10.20 13:12:24 INFO  time: compiled todo in 0.76s[0m
[0m2021.10.20 13:13:36 INFO  compiling todo (1 scala source)[0m
[0m2021.10.20 13:13:36 INFO  time: compiled todo in 0.43s[0m
[0m2021.10.20 13:14:15 INFO  compiling todo (1 scala source)[0m
[0m2021.10.20 13:14:15 INFO  time: compiled todo in 0.39s[0m
[0m2021.10.20 13:15:05 INFO  compiling todo (1 scala source)[0m
[0m2021.10.20 13:15:05 INFO  time: compiled todo in 0.33s[0m
[0m2021.10.20 13:15:34 INFO  compiling todo (1 scala source)[0m
[0m2021.10.20 13:15:35 INFO  time: compiled todo in 1.09s[0m
[0m2021.10.20 13:20:18 INFO  compiling todo (1 scala source)[0m
[0m2021.10.20 13:20:20 INFO  time: compiled todo in 2.59s[0m
[0m2021.10.20 13:22:15 INFO  compiling todo (1 scala source)[0m
[0m2021.10.20 13:22:15 INFO  time: compiled todo in 0.33s[0m
[0m2021.10.20 13:22:19 INFO  compiling todo (1 scala source)[0m
[0m2021.10.20 13:22:19 INFO  time: compiled todo in 0.27s[0m
[0m2021.10.20 13:24:17 INFO  compiling todo (1 scala source)[0m
[0m2021.10.20 13:24:17 INFO  time: compiled todo in 0.49s[0m
[0m2021.10.20 13:25:12 INFO  compiling todo (1 scala source)[0m
[0m2021.10.20 13:25:12 INFO  time: compiled todo in 0.33s[0m
[0m2021.10.20 13:25:14 INFO  compiling todo (1 scala source)[0m
[0m2021.10.20 13:25:14 INFO  time: compiled todo in 0.28s[0m
[0m2021.10.20 13:25:15 INFO  compiling todo (1 scala source)[0m
[0m2021.10.20 13:25:15 INFO  time: compiled todo in 0.35s[0m
[0m2021.10.20 13:25:17 INFO  compiling todo (1 scala source)[0m
[0m2021.10.20 13:25:17 INFO  time: compiled todo in 0.4s[0m
[0m2021.10.20 13:25:21 INFO  compiling todo (1 scala source)[0m
[0m2021.10.20 13:25:21 INFO  time: compiled todo in 0.32s[0m
[0m2021.10.20 13:25:26 INFO  compiling todo (1 scala source)[0m
[0m2021.10.20 13:25:26 INFO  time: compiled todo in 0.28s[0m
[0m2021.10.20 13:25:28 INFO  compiling todo (1 scala source)[0m
[0m2021.10.20 13:25:28 INFO  time: compiled todo in 0.27s[0m
[0m2021.10.20 13:25:30 INFO  compiling todo (1 scala source)[0m
[0m2021.10.20 13:25:30 INFO  time: compiled todo in 0.28s[0m
[0m2021.10.20 13:26:20 INFO  compiling todo (1 scala source)[0m
[0m2021.10.20 13:26:23 INFO  time: compiled todo in 2.59s[0m
[0m2021.10.20 13:26:23 INFO  compiling todo (1 scala source)[0m
[0m2021.10.20 13:26:23 INFO  time: compiled todo in 0.3s[0m
[0m2021.10.20 13:26:24 INFO  compiling todo (1 scala source)[0m
[0m2021.10.20 13:26:24 INFO  time: compiled todo in 0.68s[0m
[0m2021.10.20 13:26:26 INFO  compiling todo (1 scala source)[0m
[0m2021.10.20 13:26:29 INFO  time: compiled todo in 2.54s[0m
[0m2021.10.20 13:26:29 INFO  compiling todo (1 scala source)[0m
[0m2021.10.20 13:26:29 INFO  time: compiled todo in 0.47s[0m
[0m2021.10.20 13:26:30 INFO  compiling todo (1 scala source)[0m
[0m2021.10.20 13:26:33 INFO  time: compiled todo in 2.2s[0m
[0m2021.10.20 13:27:10 INFO  compiling todo (1 scala source)[0m
[0m2021.10.20 13:27:12 INFO  time: compiled todo in 2.5s[0m
[0m2021.10.20 13:27:31 INFO  compiling todo (1 scala source)[0m
[0m2021.10.20 13:27:31 INFO  time: compiled todo in 0.38s[0m
[0m2021.10.20 13:27:33 INFO  compiling todo (1 scala source)[0m
[0m2021.10.20 13:27:33 INFO  time: compiled todo in 0.3s[0m
[0m2021.10.20 13:27:35 INFO  compiling todo (1 scala source)[0m
[0m2021.10.20 13:27:35 INFO  time: compiled todo in 0.51s[0m
[0m2021.10.20 13:27:48 INFO  compiling todo (1 scala source)[0m
[0m2021.10.20 13:27:48 INFO  time: compiled todo in 0.41s[0m
[0m2021.10.20 13:28:44 INFO  compiling todo (1 scala source)[0m
[0m2021.10.20 13:28:44 INFO  time: compiled todo in 0.33s[0m
[0m2021.10.20 13:29:12 INFO  compiling todo (1 scala source)[0m
[0m2021.10.20 13:29:12 INFO  time: compiled todo in 0.29s[0m
[0m2021.10.20 13:29:13 INFO  compiling todo (1 scala source)[0m
[0m2021.10.20 13:29:13 INFO  time: compiled todo in 0.38s[0m
[0m2021.10.20 13:29:20 INFO  compiling todo (1 scala source)[0m
[0m2021.10.20 13:29:22 INFO  time: compiled todo in 2.17s[0m
[0m2021.10.20 13:29:22 INFO  compiling todo (1 scala source)[0m
[0m2021.10.20 13:29:22 INFO  time: compiled todo in 0.27s[0m
[0m2021.10.20 13:29:35 INFO  compiling todo (1 scala source)[0m
[0m2021.10.20 13:29:37 INFO  time: compiled todo in 2.08s[0m
[0m2021.10.20 13:30:01 INFO  compiling todo (1 scala source)[0m
[0m2021.10.20 13:30:01 INFO  time: compiled todo in 0.29s[0m
[0m2021.10.20 13:30:08 INFO  compiling todo (1 scala source)[0m
[0m2021.10.20 13:30:10 INFO  time: compiled todo in 2.41s[0m
[0m2021.10.20 13:30:10 INFO  compiling todo (1 scala source)[0m
[0m2021.10.20 13:30:10 INFO  time: compiled todo in 0.29s[0m
[0m2021.10.20 13:30:14 INFO  compiling todo (1 scala source)[0m
[0m2021.10.20 13:30:18 INFO  time: compiled todo in 3.22s[0m
[0m2021.10.20 13:30:23 INFO  compiling todo (1 scala source)[0m
[0m2021.10.20 13:30:25 INFO  time: compiled todo in 2.42s[0m
[0m2021.10.20 13:30:25 INFO  compiling todo (1 scala source)[0m
[0m2021.10.20 13:30:28 INFO  time: compiled todo in 2.4s[0m
[0m2021.10.20 13:30:28 INFO  compiling todo (1 scala source)[0m
[0m2021.10.20 13:30:31 INFO  time: compiled todo in 2.42s[0m
[0m2021.10.20 13:30:32 INFO  compiling todo (1 scala source)[0m
[0m2021.10.20 13:30:35 INFO  time: compiled todo in 3.02s[0m
[0m2021.10.20 13:30:50 INFO  compiling todo (1 scala source)[0m
[0m2021.10.20 13:30:52 INFO  time: compiled todo in 2.51s[0m
[0m2021.10.20 13:30:52 INFO  compiling todo (1 scala source)[0m
[0m2021.10.20 13:30:53 INFO  time: compiled todo in 0.37s[0m
[0m2021.10.20 13:31:48 INFO  compiling todo (1 scala source)[0m
[0m2021.10.20 13:31:48 INFO  time: compiled todo in 0.33s[0m
[0m2021.10.20 13:31:54 INFO  compiling todo (1 scala source)[0m
[0m2021.10.20 13:31:54 INFO  time: compiled todo in 0.32s[0m
[0m2021.10.20 13:31:56 INFO  compiling todo (1 scala source)[0m
[0m2021.10.20 13:31:56 INFO  time: compiled todo in 0.35s[0m
[0m2021.10.20 13:32:00 INFO  compiling todo (1 scala source)[0m
[0m2021.10.20 13:32:00 INFO  time: compiled todo in 0.4s[0m
[0m2021.10.20 13:32:01 INFO  compiling todo (1 scala source)[0m
[0m2021.10.20 13:32:01 INFO  time: compiled todo in 0.3s[0m
[0m2021.10.20 13:32:05 INFO  compiling todo (1 scala source)[0m
[0m2021.10.20 13:32:05 INFO  time: compiled todo in 0.64s[0m
[0m2021.10.20 13:32:12 INFO  compiling todo (1 scala source)[0m
[0m2021.10.20 13:32:12 INFO  time: compiled todo in 0.57s[0m
[0m2021.10.20 13:32:25 INFO  compiling todo (1 scala source)[0m
[0m2021.10.20 13:32:27 INFO  time: compiled todo in 2.16s[0m
[0m2021.10.20 13:32:32 INFO  compiling todo (1 scala source)[0m
[0m2021.10.20 13:32:32 INFO  time: compiled todo in 0.39s[0m
[0m2021.10.20 13:33:18 INFO  compiling todo (1 scala source)[0m
[0m2021.10.20 13:33:18 INFO  time: compiled todo in 0.37s[0m
[0m2021.10.20 13:33:29 INFO  compiling todo (1 scala source)[0m
[0m2021.10.20 13:33:29 INFO  time: compiled todo in 0.33s[0m
[0m2021.10.20 13:33:31 INFO  compiling todo (1 scala source)[0m
[0m2021.10.20 13:33:31 INFO  time: compiled todo in 0.67s[0m
[0m2021.10.20 13:33:34 INFO  compiling todo (1 scala source)[0m
[0m2021.10.20 13:33:36 INFO  time: compiled todo in 2.46s[0m
[0m2021.10.20 13:33:36 INFO  compiling todo (1 scala source)[0m
[0m2021.10.20 13:33:43 INFO  time: compiled todo in 6.57s[0m
[0m2021.10.20 13:33:43 INFO  compiling todo (1 scala source)[0m
[0m2021.10.20 13:33:48 INFO  time: compiled todo in 4.87s[0m
[0m2021.10.20 13:33:48 INFO  compiling todo (1 scala source)[0m
[0m2021.10.20 13:33:53 INFO  time: compiled todo in 5.32s[0m
[0m2021.10.20 13:34:29 INFO  compiling todo (1 scala source)[0m
[0m2021.10.20 13:34:34 INFO  time: compiled todo in 5.34s[0m
[0m2021.10.20 13:34:34 INFO  compiling todo (1 scala source)[0m
[0m2021.10.20 13:34:40 INFO  time: compiled todo in 6.24s[0m
[0m2021.10.20 13:34:40 INFO  compiling todo (1 scala source)[0m
[0m2021.10.20 13:34:40 INFO  time: compiled todo in 0.34s[0m
[0m2021.10.20 13:34:46 INFO  compiling todo (1 scala source)[0m
[0m2021.10.20 13:34:46 INFO  time: compiled todo in 0.36s[0m
[0m2021.10.20 13:34:48 INFO  compiling todo (1 scala source)[0m
[0m2021.10.20 13:34:48 INFO  time: compiled todo in 0.29s[0m
[0m2021.10.20 13:34:50 INFO  compiling todo (1 scala source)[0m
[0m2021.10.20 13:34:52 INFO  time: compiled todo in 2.58s[0m
[0m2021.10.20 13:34:52 INFO  compiling todo (1 scala source)[0m
[0m2021.10.20 13:34:52 INFO  time: compiled todo in 0.29s[0m
[0m2021.10.20 13:34:56 INFO  compiling todo (1 scala source)[0m
[0m2021.10.20 13:34:58 INFO  time: compiled todo in 2.15s[0m
[0m2021.10.20 13:34:58 INFO  compiling todo (1 scala source)[0m
[0m2021.10.20 13:35:01 INFO  time: compiled todo in 3.32s[0m
[0m2021.10.20 13:35:01 INFO  compiling todo (1 scala source)[0m
[0m2021.10.20 13:35:02 INFO  time: compiled todo in 0.49s[0m
[0m2021.10.20 13:35:04 INFO  compiling todo (1 scala source)[0m
[0m2021.10.20 13:35:07 INFO  time: compiled todo in 2.61s[0m
[0m2021.10.20 13:35:07 INFO  compiling todo (1 scala source)[0m
[0m2021.10.20 13:35:10 INFO  time: compiled todo in 3.5s[0m
[0m2021.10.20 13:35:10 INFO  compiling todo (1 scala source)[0m
[0m2021.10.20 13:35:10 INFO  time: compiled todo in 0.55s[0m
[0m2021.10.20 13:38:42 INFO  compiling todo (1 scala source)[0m
[0m2021.10.20 13:38:42 INFO  time: compiled todo in 0.39s[0m
[0m2021.10.20 13:38:47 INFO  compiling todo (1 scala source)[0m
[0m2021.10.20 13:38:47 INFO  time: compiled todo in 0.32s[0m
[0m2021.10.20 13:39:17 INFO  compiling todo (1 scala source)[0m
[0m2021.10.20 13:39:17 INFO  time: compiled todo in 0.38s[0m
[0m2021.10.20 13:39:20 INFO  compiling todo (1 scala source)[0m
[0m2021.10.20 13:39:20 INFO  time: compiled todo in 0.3s[0m
[0m2021.10.20 13:39:22 INFO  compiling todo (1 scala source)[0m
[0m2021.10.20 13:39:22 INFO  time: compiled todo in 0.28s[0m
[0m2021.10.20 13:39:34 INFO  compiling todo (1 scala source)[0m
[0m2021.10.20 13:39:34 INFO  time: compiled todo in 0.33s[0m
[0m2021.10.20 13:39:41 INFO  compiling todo (1 scala source)[0m
[0m2021.10.20 13:39:41 INFO  time: compiled todo in 0.43s[0m
[0m2021.10.20 13:39:54 INFO  compiling todo (1 scala source)[0m
[0m2021.10.20 13:39:54 INFO  time: compiled todo in 0.28s[0m
[0m2021.10.20 13:40:04 INFO  compiling todo (1 scala source)[0m
[0m2021.10.20 13:40:04 INFO  time: compiled todo in 0.36s[0m
[0m2021.10.20 13:40:06 INFO  compiling todo (1 scala source)[0m
[0m2021.10.20 13:40:06 INFO  time: compiled todo in 0.32s[0m
[0m2021.10.20 13:40:21 INFO  compiling todo (1 scala source)[0m
[0m2021.10.20 13:40:21 INFO  time: compiled todo in 0.3s[0m
[0m2021.10.20 13:40:24 INFO  compiling todo (1 scala source)[0m
[0m2021.10.20 13:40:27 INFO  time: compiled todo in 2.95s[0m
[0m2021.10.20 13:40:27 INFO  compiling todo (1 scala source)[0m
[0m2021.10.20 13:40:30 INFO  time: compiled todo in 2.68s[0m
[0m2021.10.20 13:40:40 INFO  compiling todo (1 scala source)[0m
[0m2021.10.20 13:40:42 INFO  time: compiled todo in 2.1s[0m
[0m2021.10.20 13:41:05 INFO  compiling todo (1 scala source)[0m
[0m2021.10.20 13:41:05 INFO  time: compiled todo in 0.29s[0m
[0m2021.10.20 13:41:27 INFO  compiling todo (1 scala source)[0m
[0m2021.10.20 13:41:27 INFO  time: compiled todo in 0.31s[0m
[0m2021.10.20 13:41:35 INFO  compiling todo (1 scala source)[0m
[0m2021.10.20 13:41:35 INFO  time: compiled todo in 0.41s[0m
[0m2021.10.20 13:41:53 INFO  compiling todo (1 scala source)[0m
[0m2021.10.20 13:41:53 INFO  time: compiled todo in 0.42s[0m
[0m2021.10.20 13:42:03 INFO  compiling todo (1 scala source)[0m
[0m2021.10.20 13:42:03 INFO  time: compiled todo in 0.37s[0m
[0m2021.10.20 13:42:11 INFO  compiling todo (1 scala source)[0m
[0m2021.10.20 13:42:14 INFO  time: compiled todo in 3.24s[0m
[0m2021.10.20 13:42:22 INFO  compiling todo (1 scala source)[0m
[0m2021.10.20 13:42:22 INFO  time: compiled todo in 0.38s[0m
[0m2021.10.20 13:42:31 INFO  compiling todo (1 scala source)[0m
[0m2021.10.20 13:42:31 INFO  time: compiled todo in 0.39s[0m
[0m2021.10.20 13:42:48 INFO  compiling todo (1 scala source)[0m
[0m2021.10.20 13:42:48 INFO  time: compiled todo in 0.55s[0m
[0m2021.10.20 13:42:54 INFO  compiling todo (1 scala source)[0m
[0m2021.10.20 13:42:54 INFO  time: compiled todo in 0.42s[0m
[0m2021.10.20 13:43:07 INFO  compiling todo (1 scala source)[0m
[0m2021.10.20 13:43:07 INFO  time: compiled todo in 0.29s[0m
[0m2021.10.20 13:43:09 INFO  compiling todo (1 scala source)[0m
[0m2021.10.20 13:43:09 INFO  time: compiled todo in 0.43s[0m
[0m2021.10.20 13:43:31 INFO  compiling todo (1 scala source)[0m
[0m2021.10.20 13:43:31 INFO  time: compiled todo in 0.5s[0m
[0m2021.10.20 23:25:44 INFO  shutting down Metals[0m
[0m2021.10.20 23:25:44 INFO  Shut down connection with build server.[0m
[0m2021.10.20 23:25:44 INFO  Shut down connection with build server.[0m
[0m2021.10.20 23:25:44 INFO  Shut down connection with build server.[0m
