[debug] > Exec(early(addDefaultCommands), None, None)
[debug] > Exec(addDefaultCommands, None, None)
[debug] > Exec(early(initialize), None, None)
[debug] > Exec(initialize, None, None)
[debug] > Exec(boot, None, None)
[debug] > Exec(writeSbtVersion, None, None)
[debug] > Exec(reload, None, None)
[debug] > Exec(sbtStashOnFailure, None, None)
[debug] > Exec(onFailure loadFailed, None, None)
[debug] > Exec(loadp, None, None)
[info] welcome to sbt 1.5.5 (AdoptOpenJDK Java 1.8.0_292)
[debug] Load.defaultLoad until apply took 1251.992625ms
[debug]                       Load.loadUnit: plugins took 328.888061ms
[debug]                       Load.loadUnit: defsScala took 4.909246ms
[debug] [Loading] Scanning directory /home/priyoi/Files/Coursera/Scala/codecs/project/project/project
[debug]                         Load.loadUnit: mkEval took 28.558743ms
[debug] [Loading] Found non-root projects 
[debug] [Loading] Done in /home/priyoi/Files/Coursera/Scala/codecs/project/project/project, returning: ()
[debug] deducing auto plugins based on known facts Set(Atom(sbt.plugins.CorePlugin)) and clauses Clauses(Clause(Atom(sbt.plugins.JvmPlugin),Set(Atom(sbt.plugins.IvyPlugin)))
[debug] Clause(Atom(sbt.ScriptedPlugin),Set(Atom(sbt.plugins.JvmPlugin)))
[debug] Clause(Atom(sbt.plugins.SbtPlugin),Set(Atom(sbt.ScriptedPlugin)))
[debug] Clause(Atom(sbt.plugins.SemanticdbPlugin),Set(Atom(sbt.plugins.JvmPlugin)))
[debug] Clause(Atom(sbt.plugins.JUnitXmlReportPlugin),Set(Atom(sbt.plugins.JvmPlugin)))
[debug] Clause(Atom(sbt.plugins.MiniDependencyTreePlugin),Set(Atom(sbt.plugins.JvmPlugin)))
[debug] Clause(Atom(sbt.plugins.CorePlugin),Set(Atom(sbt.plugins.IvyPlugin)))
[debug] Clause(Atom(sbt.plugins.IvyPlugin),Set(Atom(sbt.plugins.JvmPlugin)))
[debug] Clause(Atom(sbt.plugins.JvmPlugin),Set(Atom(sbt.plugins.SemanticdbPlugin)))
[debug] Clause(Atom(sbt.plugins.JvmPlugin),Set(Atom(sbt.plugins.JUnitXmlReportPlugin)))
[debug] Clause(Atom(sbt.plugins.CorePlugin),Set(Atom(sbt.plugins.Giter8TemplatePlugin)))
[debug] Clause(Atom(sbt.plugins.JvmPlugin),Set(Atom(sbt.plugins.MiniDependencyTreePlugin))))
[debug]   :: deduced result: Matched(sbt.plugins.CorePlugin,sbt.plugins.Giter8TemplatePlugin,sbt.plugins.IvyPlugin,sbt.plugins.JvmPlugin,sbt.plugins.MiniDependencyTreePlugin,sbt.plugins.JUnitXmlReportPlugin,sbt.plugins.SemanticdbPlugin)
[debug] Plugins.deducer#function took 87.851885 ms
[info] loading settings for project codecs-build-build-build from metals.sbt ...
[debug]                           Load.resolveProject(codecs-build-build-build) took 152.309224ms
[debug]                         Load.loadTransitive: finalizeProject(Project(id codecs-build-build-build, base: /home/priyoi/Files/Coursera/Scala/codecs/project/project/project, plugins: List(<none>))) took 345.596994ms
[debug] [Loading] Done in /home/priyoi/Files/Coursera/Scala/codecs/project/project/project, returning: (codecs-build-build-build)
[debug]                       Load.loadUnit: loadedProjectsRaw took 2033.321489ms
[debug]                       Load.loadUnit: cleanEvalClasses took 20.554832ms
[debug]                     Load.loadUnit(file:/home/priyoi/Files/Coursera/Scala/codecs/project/project/project/, ...) took 2410.110048ms
[debug]                   Load.apply: load took 2938.45754ms
[debug]                   Load.apply: resolveProjects took 22.315456ms
[debug]                   Load.apply: finalTransforms took 239.869505ms
[debug]                   Load.apply: config.delegates took 29.586345ms
