[0m[[0m[0mdebug[0m] [0m[0m> Exec(submit priyoislam@gmail.com fSRrc7UrVvbiC0xB, Some(f166a376-8751-45cd-9c9d-eb9fcf29a8b3), Some(CommandSource(console0)))[0m
[0m[[0m[0mdebug[0m] [0m[0mEvaluating tasks: submit[0m
[0m[[0m[0mdebug[0m] [0m[0mRunning task... Cancel: bloop.integrations.sbt.Offloader$$anon$1@297c0311, check cycles: false, forcegc: true[0m
[0m[[0m[0minfo[0m] [0m[0mAttempting to submit "codecs" assignment in "effective-scala" course[0m
[0m[[0m[0minfo[0m] [0m[0mUsing:[0m
[0m[[0m[0minfo[0m] [0m[0m- email: priyoislam@gmail.com[0m
[0m[[0m[0minfo[0m] [0m[0m- submit token: fSRrc7UrVvbiC0xB[0m
[0m[[0m[0minfo[0m] [0m[0mConnecting to Coursera...[0m
[0m[[0m[0minfo[0m] [0m[0mSuccessfully connected to Coursera. (Status 201)[0m
[0m[[0m[0minfo[0m] [0m[0m[0m
[0m[[0m[0minfo[0m] [0m[0mAssignment submitted successfully![0m
[0m[[0m[0minfo[0m] [0m[0m[0m
[0m[[0m[0minfo[0m] [0m[0mYou can see how you scored by going to:[0m
[0m[[0m[0minfo[0m] [0m[0mhttps://www.coursera.org/learn/effective-scala/programming/Y1NKF/[0m
[0m[[0m[0minfo[0m] [0m[0mor (for premium learners):[0m
[0m[[0m[0minfo[0m] [0m[0mhttps://www.coursera.org/learn/effective-scala/programming/goQXj[0m
[0m[[0m[0minfo[0m] [0m[0m                       [0m
[0m[[0m[0minfo[0m] [0m[0mand clicking on "My Submission".[0m
[0m[[0m[32msuccess[0m] [0m[0mTotal time: 2 s, completed Oct 21, 2021, 11:31:52 PM[0m
[0m[[0m[0mdebug[0m] [0m[0m> Exec(shell, None, None)[0m
[0m[[0m[0minfo[0m] [0m[0mshutting down sbt server[0m
