[0m2021.10.21 21:38:52 INFO  Started: Metals version 0.10.7 in workspace '/home/priyoi/Files/Coursera/Scala/codecs' for client Visual Studio Code 1.61.2.[0m
[0m2021.10.21 21:38:53 INFO  time: initialize in 0.96s[0m
[0m2021.10.21 21:38:53 WARN  Build server is not auto-connectable.[0m
[0m2021.10.21 21:49:53 INFO  running '/home/priyoi/.jabba/jdk/adopt@1.8.0-292/bin/java -Djline.terminal=jline.UnsupportedTerminal -Dsbt.log.noformat=true -Dfile.encoding=UTF-8 -jar /tmp/metals942225028645017368/sbt-launch.jar -Dbloop.export-jar-classifiers=sources bloopInstall'[0m
[0m2021.10.21 21:49:54 WARN  no build target for: /home/priyoi/Files/Coursera/Scala/codecs/project/metals.sbt[0m
[0m2021.10.21 21:49:54 WARN  no build target for: /home/priyoi/Files/Coursera/Scala/codecs/project/project/metals.sbt[0m
[0m2021.10.21 21:49:54 INFO  skipping build import with status 'Started'[0m
[0m2021.10.21 21:49:56 INFO  [info] welcome to sbt 1.5.5 (AdoptOpenJDK Java 1.8.0_292)[0m
[0m2021.10.21 21:49:57 INFO  no build target: using presentation compiler with only scala-library: 2.12.15[0m
[0m2021.10.21 21:50:02 INFO  [info] loading settings for project codecs-build-build-build from metals.sbt ...[0m
[0m2021.10.21 21:50:03 INFO  [info] loading project definition from /home/priyoi/Files/Coursera/Scala/codecs/project/project/project[0m
[0m2021.10.21 21:50:08 INFO  [info] loading settings for project codecs-build-build from metals.sbt ...[0m
[0m2021.10.21 21:50:08 INFO  [info] loading project definition from /home/priyoi/Files/Coursera/Scala/codecs/project/project[0m
[0m2021.10.21 21:50:13 INFO  [success] Generated .bloop/codecs-build-build.json[0m
[0m2021.10.21 21:50:13 INFO  [success] Total time: 5 s, completed Oct 21, 2021 9:50:13 PM[0m
[0m2021.10.21 21:50:17 INFO  [info] loading settings for project codecs-build from buildSettings.sbt,metals.sbt,plugins.sbt ...[0m
[0m2021.10.21 21:50:17 INFO  [info] loading project definition from /home/priyoi/Files/Coursera/Scala/codecs/project[0m
[0m2021.10.21 21:50:20 INFO  [success] Generated .bloop/codecs-build.json[0m
[0m2021.10.21 21:50:20 INFO  [info] compiling 2 Scala sources to /home/priyoi/Files/Coursera/Scala/codecs/project/target/scala-2.12/sbt-1.0/classes ...[0m
[0m2021.10.21 21:50:35 INFO  [info] done compiling[0m
[0m2021.10.21 21:50:36 INFO  [success] Total time: 18 s, completed Oct 21, 2021 9:50:36 PM[0m
[0m2021.10.21 21:50:40 INFO  [info] loading settings for project codecs from assignment.sbt,build.sbt ...[0m
[0m2021.10.21 21:50:41 INFO  [info] set current project to effective-scala-codecs (in build file:/home/priyoi/Files/Coursera/Scala/codecs/)[0m
[0m2021.10.21 21:50:46 WARN  no build target for: /home/priyoi/Files/Coursera/Scala/codecs/src/main/scala/codecs/Codecs.scala[0m
Oct 21, 2021 9:50:47 PM scala.meta.internal.pc.CompilerAccess handleError
SEVERE: file%3A%2F%2F%2Fhome%2Fpriyoi%2FFiles%2FCoursera%2FScala%2Fcodecs%2Fsrc%2Fmain%2Fscala%2Fcodecs%2FCodecs.scala:8: error: ; expected but : found
sealed trait Json:
                 ^
file%3A%2F%2F%2Fhome%2Fpriyoi%2FFiles%2FCoursera%2FScala%2Fcodecs%2Fsrc%2Fmain%2Fscala%2Fcodecs%2FCodecs.scala:8: error: ; expected but : found
sealed trait Json:
                 ^
	at scala.meta.internal.parsers.Reporter.syntaxError(Reporter.scala:16)
	at scala.meta.internal.parsers.Reporter.syntaxError$(Reporter.scala:16)
	at scala.meta.internal.parsers.Reporter$$anon$1.syntaxError(Reporter.scala:22)
	at scala.meta.internal.parsers.Reporter.syntaxError(Reporter.scala:17)
	at scala.meta.internal.parsers.Reporter.syntaxError$(Reporter.scala:17)
	at scala.meta.internal.parsers.Reporter$$anon$1.syntaxError(Reporter.scala:22)
	at scala.meta.internal.parsers.ScalametaParser.syntaxErrorExpected(ScalametaParser.scala:941)
	at scala.meta.internal.parsers.ScalametaParser.accept(ScalametaParser.scala:947)
	at scala.meta.internal.parsers.ScalametaParser.acceptStatSep(ScalametaParser.scala:957)
	at scala.meta.internal.parsers.ScalametaParser.acceptStatSepOpt(ScalametaParser.scala:961)
	at scala.meta.internal.parsers.ScalametaParser.statSeq(ScalametaParser.scala:5060)
	at scala.meta.internal.parsers.ScalametaParser.topStatSeq(ScalametaParser.scala:5066)
	at scala.meta.internal.parsers.ScalametaParser.bracelessPackageStats$1(ScalametaParser.scala:5289)
	at scala.meta.internal.parsers.ScalametaParser.$anonfun$batchSource$12(ScalametaParser.scala:5295)
	at scala.meta.internal.parsers.ScalametaParser.atPos(ScalametaParser.scala:888)
	at scala.meta.internal.parsers.ScalametaParser.$anonfun$batchSource$1(ScalametaParser.scala:5295)
	at scala.meta.internal.parsers.ScalametaParser.atPos(ScalametaParser.scala:888)
	at scala.meta.internal.parsers.ScalametaParser.autoPos(ScalametaParser.scala:922)
	at scala.meta.internal.parsers.ScalametaParser.batchSource(ScalametaParser.scala:5256)
	at scala.meta.internal.parsers.ScalametaParser.$anonfun$source$1(ScalametaParser.scala:5239)
	at scala.meta.internal.parsers.ScalametaParser.atPos(ScalametaParser.scala:888)
	at scala.meta.internal.parsers.ScalametaParser.autoPos(ScalametaParser.scala:922)
	at scala.meta.internal.parsers.ScalametaParser.source(ScalametaParser.scala:5238)
	at scala.meta.internal.parsers.ScalametaParser.entrypointSource(ScalametaParser.scala:5244)
	at scala.meta.internal.parsers.ScalametaParser.$anonfun$parseSource$2(ScalametaParser.scala:143)
	at scala.meta.internal.parsers.ScalametaParser.parseRule(ScalametaParser.scala:53)
	at scala.meta.internal.parsers.ScalametaParser.parseSource(ScalametaParser.scala:143)
	at scala.meta.parsers.Parse$.$anonfun$parseSource$1(Parse.scala:29)
	at scala.meta.internal.parsers.ScalametaParser$$anon$264.apply(ScalametaParser.scala:5308)
	at scala.meta.parsers.Api$XtensionParseDialectInput.parse(Api.scala:25)
	at scala.meta.internal.semanticdb.scalac.ParseOps$XtensionCompilationUnitSource.toSource(ParseOps.scala:17)
	at scala.meta.internal.semanticdb.scalac.TextDocumentOps$XtensionCompilationUnitDocument.toTextDocument(TextDocumentOps.scala:201)
	at scala.meta.internal.pc.SemanticdbTextDocumentProvider.textDocument(SemanticdbTextDocumentProvider.scala:51)

Oct 21, 2021 9:50:48 PM scala.meta.internal.pc.CompilerAccess handleError
SEVERE: file%3A%2F%2F%2Fhome%2Fpriyoi%2FFiles%2FCoursera%2FScala%2Fcodecs%2Fsrc%2Fmain%2Fscala%2Fcodecs%2FCodecs.scala:8: error: ; expected but : found
sealed trait Json:
                 ^
file%3A%2F%2F%2Fhome%2Fpriyoi%2FFiles%2FCoursera%2FScala%2Fcodecs%2Fsrc%2Fmain%2Fscala%2Fcodecs%2FCodecs.scala:8: error: ; expected but : found
sealed trait Json:
                 ^
	at scala.meta.internal.parsers.Reporter.syntaxError(Reporter.scala:16)
	at scala.meta.internal.parsers.Reporter.syntaxError$(Reporter.scala:16)
	at scala.meta.internal.parsers.Reporter$$anon$1.syntaxError(Reporter.scala:22)
	at scala.meta.internal.parsers.Reporter.syntaxError(Reporter.scala:17)
	at scala.meta.internal.parsers.Reporter.syntaxError$(Reporter.scala:17)
	at scala.meta.internal.parsers.Reporter$$anon$1.syntaxError(Reporter.scala:22)
	at scala.meta.internal.parsers.ScalametaParser.syntaxErrorExpected(ScalametaParser.scala:941)
	at scala.meta.internal.parsers.ScalametaParser.accept(ScalametaParser.scala:947)
	at scala.meta.internal.parsers.ScalametaParser.acceptStatSep(ScalametaParser.scala:957)
	at scala.meta.internal.parsers.ScalametaParser.acceptStatSepOpt(ScalametaParser.scala:961)
	at scala.meta.internal.parsers.ScalametaParser.statSeq(ScalametaParser.scala:5060)
	at scala.meta.internal.parsers.ScalametaParser.topStatSeq(ScalametaParser.scala:5066)
	at scala.meta.internal.parsers.ScalametaParser.bracelessPackageStats$1(ScalametaParser.scala:5289)
	at scala.meta.internal.parsers.ScalametaParser.$anonfun$batchSource$12(ScalametaParser.scala:5295)
	at scala.meta.internal.parsers.ScalametaParser.atPos(ScalametaParser.scala:888)
	at scala.meta.internal.parsers.ScalametaParser.$anonfun$batchSource$1(ScalametaParser.scala:5295)
	at scala.meta.internal.parsers.ScalametaParser.atPos(ScalametaParser.scala:888)
	at scala.meta.internal.parsers.ScalametaParser.autoPos(ScalametaParser.scala:922)
	at scala.meta.internal.parsers.ScalametaParser.batchSource(ScalametaParser.scala:5256)
	at scala.meta.internal.parsers.ScalametaParser.$anonfun$source$1(ScalametaParser.scala:5239)
	at scala.meta.internal.parsers.ScalametaParser.atPos(ScalametaParser.scala:888)
	at scala.meta.internal.parsers.ScalametaParser.autoPos(ScalametaParser.scala:922)
	at scala.meta.internal.parsers.ScalametaParser.source(ScalametaParser.scala:5238)
	at scala.meta.internal.parsers.ScalametaParser.entrypointSource(ScalametaParser.scala:5244)
	at scala.meta.internal.parsers.ScalametaParser.$anonfun$parseSource$2(ScalametaParser.scala:143)
	at scala.meta.internal.parsers.ScalametaParser.parseRule(ScalametaParser.scala:53)
	at scala.meta.internal.parsers.ScalametaParser.parseSource(ScalametaParser.scala:143)
	at scala.meta.parsers.Parse$.$anonfun$parseSource$1(Parse.scala:29)
	at scala.meta.internal.parsers.ScalametaParser$$anon$264.apply(ScalametaParser.scala:5308)
	at scala.meta.parsers.Api$XtensionParseDialectInput.parse(Api.scala:25)
	at scala.meta.internal.semanticdb.scalac.ParseOps$XtensionCompilationUnitSource.toSource(ParseOps.scala:17)
	at scala.meta.internal.semanticdb.scalac.TextDocumentOps$XtensionCompilationUnitDocument.toTextDocument(TextDocumentOps.scala:201)
	at scala.meta.internal.pc.SemanticdbTextDocumentProvider.textDocument(SemanticdbTextDocumentProvider.scala:51)

Oct 21, 2021 9:50:48 PM scala.meta.internal.pc.CompilerAccess handleError
SEVERE: file%3A%2F%2F%2Fhome%2Fpriyoi%2FFiles%2FCoursera%2FScala%2Fcodecs%2Fsrc%2Fmain%2Fscala%2Fcodecs%2FCodecs.scala:8: error: ; expected but : found
sealed trait Json:
                 ^
file%3A%2F%2F%2Fhome%2Fpriyoi%2FFiles%2FCoursera%2FScala%2Fcodecs%2Fsrc%2Fmain%2Fscala%2Fcodecs%2FCodecs.scala:8: error: ; expected but : found
sealed trait Json:
                 ^
	at scala.meta.internal.parsers.Reporter.syntaxError(Reporter.scala:16)
	at scala.meta.internal.parsers.Reporter.syntaxError$(Reporter.scala:16)
	at scala.meta.internal.parsers.Reporter$$anon$1.syntaxError(Reporter.scala:22)
	at scala.meta.internal.parsers.Reporter.syntaxError(Reporter.scala:17)
	at scala.meta.internal.parsers.Reporter.syntaxError$(Reporter.scala:17)
	at scala.meta.internal.parsers.Reporter$$anon$1.syntaxError(Reporter.scala:22)
	at scala.meta.internal.parsers.ScalametaParser.syntaxErrorExpected(ScalametaParser.scala:941)
	at scala.meta.internal.parsers.ScalametaParser.accept(ScalametaParser.scala:947)
	at scala.meta.internal.parsers.ScalametaParser.acceptStatSep(ScalametaParser.scala:957)
	at scala.meta.internal.parsers.ScalametaParser.acceptStatSepOpt(ScalametaParser.scala:961)
	at scala.meta.internal.parsers.ScalametaParser.statSeq(ScalametaParser.scala:5060)
	at scala.meta.internal.parsers.ScalametaParser.topStatSeq(ScalametaParser.scala:5066)
	at scala.meta.internal.parsers.ScalametaParser.bracelessPackageStats$1(ScalametaParser.scala:5289)
	at scala.meta.internal.parsers.ScalametaParser.$anonfun$batchSource$12(ScalametaParser.scala:5295)
	at scala.meta.internal.parsers.ScalametaParser.atPos(ScalametaParser.scala:888)
	at scala.meta.internal.parsers.ScalametaParser.$anonfun$batchSource$1(ScalametaParser.scala:5295)
	at scala.meta.internal.parsers.ScalametaParser.atPos(ScalametaParser.scala:888)
	at scala.meta.internal.parsers.ScalametaParser.autoPos(ScalametaParser.scala:922)
	at scala.meta.internal.parsers.ScalametaParser.batchSource(ScalametaParser.scala:5256)
	at scala.meta.internal.parsers.ScalametaParser.$anonfun$source$1(ScalametaParser.scala:5239)
	at scala.meta.internal.parsers.ScalametaParser.atPos(ScalametaParser.scala:888)
	at scala.meta.internal.parsers.ScalametaParser.autoPos(ScalametaParser.scala:922)
	at scala.meta.internal.parsers.ScalametaParser.source(ScalametaParser.scala:5238)
	at scala.meta.internal.parsers.ScalametaParser.entrypointSource(ScalametaParser.scala:5244)
	at scala.meta.internal.parsers.ScalametaParser.$anonfun$parseSource$2(ScalametaParser.scala:143)
	at scala.meta.internal.parsers.ScalametaParser.parseRule(ScalametaParser.scala:53)
	at scala.meta.internal.parsers.ScalametaParser.parseSource(ScalametaParser.scala:143)
	at scala.meta.parsers.Parse$.$anonfun$parseSource$1(Parse.scala:29)
	at scala.meta.internal.parsers.ScalametaParser$$anon$264.apply(ScalametaParser.scala:5308)
	at scala.meta.parsers.Api$XtensionParseDialectInput.parse(Api.scala:25)
	at scala.meta.internal.semanticdb.scalac.ParseOps$XtensionCompilationUnitSource.toSource(ParseOps.scala:17)
	at scala.meta.internal.semanticdb.scalac.TextDocumentOps$XtensionCompilationUnitDocument.toTextDocument(TextDocumentOps.scala:201)
	at scala.meta.internal.pc.SemanticdbTextDocumentProvider.textDocument(SemanticdbTextDocumentProvider.scala:51)

[0m2021.10.21 21:50:48 INFO  time: code lens generation in 2.09s[0m
[0m2021.10.21 21:50:57 INFO  [success] Generated .bloop/codecs-test.json[0m
[0m2021.10.21 21:50:57 INFO  [success] Generated .bloop/codecs.json[0m
[0m2021.10.21 21:50:57 INFO  [success] Total time: 15 s, completed Oct 21, 2021 9:50:57 PM[0m
[0m2021.10.21 21:50:58 INFO  time: ran 'sbt bloopInstall' in 1m4s[0m
[0m2021.10.21 21:50:58 INFO  Attempting to connect to the build server...[0m
Starting the bsp launcher for bloop...
Opening a bsp server connection with 'bsp --protocol local --socket /tmp/bsp-launcher370759844235245165/bsp.socket'...
Waiting for the bsp connection to come up...
[0m[32m[D][0m Loading 2 projects from '/home/priyoi/Files/Coursera/Scala/codecs/.bloop'...
[0m[32m[D][0m Loading project from '/home/priyoi/Files/Coursera/Scala/codecs/.bloop/codecs.json'
[0m[32m[D][0m Loading project from '/home/priyoi/Files/Coursera/Scala/codecs/.bloop/codecs-test.json'
[0m[32m[D][0m Missing analysis file for project 'codecs-test'
[0m[32m[D][0m Missing analysis file for project 'codecs'
[0m[32m[D][0m Waiting for a connection at local:///tmp/bsp-launcher370759844235245165/bsp.socket...
The server is listening for incoming connections at local:///tmp/bsp-launcher370759844235245165/bsp.socket...
Starting thread that pumps stdin and redirects it to the bsp server...
Starting thread that pumps server stdout and redirects it to the client stdout...
[0m2021.10.21 21:50:58 INFO  tracing is enabled: /home/priyoi/.cache/metals/bsp.trace.json[0m
[0m2021.10.21 21:50:58 INFO  Attempting to connect to the build server...[0m
Starting the bsp launcher for bloop...
Opening a bsp server connection with 'bsp --protocol local --socket /tmp/bsp-launcher3598297218813077861/bsp.socket'...
[0m2021.10.21 21:50:58 INFO  Attempting to connect to the build server...[0m
Waiting for the bsp connection to come up...
Starting the bsp launcher for bloop...
Opening a bsp server connection with 'bsp --protocol local --socket /tmp/bsp-launcher8049165782440446336/bsp.socket'...
Waiting for the bsp connection to come up...
[0m[32m[D][0m Loading workspace settings from bloop.settings.json
[0m[32m[D][0m Waiting for a connection at local:///tmp/bsp-launcher3598297218813077861/bsp.socket...
The server is listening for incoming connections at local:///tmp/bsp-launcher3598297218813077861/bsp.socket...
Starting thread that pumps stdin and redirects it to the bsp server...
Starting thread that pumps server stdout and redirects it to the client stdout...
[0m2021.10.21 21:50:58 INFO  tracing is enabled: /home/priyoi/.cache/metals/bsp.trace.json[0m
[0m[32m[D][0m Loading workspace settings from bloop.settings.json
[0m[32m[D][0m Waiting for a connection at local:///tmp/bsp-launcher8049165782440446336/bsp.socket...
The server is listening for incoming connections at local:///tmp/bsp-launcher8049165782440446336/bsp.socket...
Starting thread that pumps stdin and redirects it to the bsp server...
Starting thread that pumps server stdout and redirects it to the client stdout...
[0m2021.10.21 21:50:58 INFO  tracing is enabled: /home/priyoi/.cache/metals/bsp.trace.json[0m
[0m2021.10.21 21:50:58 INFO  time: Connected to build server in 0.4s[0m
[0m2021.10.21 21:50:58 INFO  Connected to Build server: Bloop v1.4.9[0m
[0m2021.10.21 21:50:58 INFO  time: Imported build in 0.1s[0m
[0m2021.10.21 21:51:04 INFO  time: indexed workspace in 5.66s[0m
[0m2021.10.21 21:51:04 INFO  compiling codecs (2 scala sources)[0m
[0m2021.10.21 21:51:05 INFO  no build target: using presentation compiler with only scala-library: 3.0.2[0m
[0m2021.10.21 21:51:06 INFO  compiling codecs-test (1 scala source)[0m
[0m2021.10.21 21:51:07 INFO  time: compiled codecs in 3.53s[0m
[0m2021.10.21 21:51:07 INFO  time: compiled codecs-test in 1.7s[0m
[0m2021.10.21 21:52:56 INFO  running '/home/priyoi/.jabba/jdk/adopt@1.8.0-292/bin/java -Djline.terminal=jline.UnsupportedTerminal -Dsbt.log.noformat=true -Dfile.encoding=UTF-8 -jar /tmp/metals4299631782477074729/sbt-launch.jar -Dbloop.export-jar-classifiers=sources bloopInstall'[0m
[0m2021.10.21 21:52:57 INFO  [info] welcome to sbt 1.5.5 (AdoptOpenJDK Java 1.8.0_292)[0m
[0m2021.10.21 21:52:57 INFO  running '/home/priyoi/.jabba/jdk/adopt@1.8.0-292/bin/java -Djline.terminal=jline.UnsupportedTerminal -Dsbt.log.noformat=true -Dfile.encoding=UTF-8 -jar /tmp/metals1558054444521236206/sbt-launch.jar -Dbloop.export-jar-classifiers=sources bloopInstall'[0m
[0m2021.10.21 21:53:00 INFO  [info] loading settings for project codecs-build-build-build from metals.sbt ...[0m
[0m2021.10.21 21:53:02 INFO  [info] welcome to sbt 1.5.5 (AdoptOpenJDK Java 1.8.0_292)[0m
[0m2021.10.21 21:53:04 INFO  [info] loading project definition from /home/priyoi/Files/Coursera/Scala/codecs/project/project/project[0m
[0m2021.10.21 21:53:06 INFO  [info] loading settings for project codecs-build-build-build from metals.sbt ...[0m
[0m2021.10.21 21:53:07 INFO  [info] loading settings for project codecs-build-build from metals.sbt ...[0m
[0m2021.10.21 21:53:07 INFO  [info] loading project definition from /home/priyoi/Files/Coursera/Scala/codecs/project/project[0m
[0m2021.10.21 21:53:08 INFO  user cancelled sbt bloopInstall[0m
[0m2021.10.21 21:53:08 INFO  time: ran 'sbt bloopInstall' in 11s[0m
[0m2021.10.21 21:53:11 INFO  compiling codecs (2 scala sources)[0m
[0m2021.10.21 21:53:11 INFO  compiling codecs-build (2 scala sources)[0m
[0m2021.10.21 21:53:13 INFO  user cancelled sbt bloopInstall[0m
[0m2021.10.21 21:53:13 INFO  time: ran 'sbt bloopInstall' in 17s[0m
[0m2021.10.21 21:53:13 INFO  compiling codecs-test (1 scala source)[0m
[0m2021.10.21 21:53:13 INFO  time: compiled codecs in 2.44s[0m
[0m2021.10.21 21:53:14 INFO  Deduplicating compilation of codecs-build from bsp client 'Metals 0.10.7' (since 2m 16.444s)[0m
[0m2021.10.21 21:53:14 INFO  compiling codecs (2 scala sources)[0m
[0m2021.10.21 21:53:14 INFO  compiling codecs-build (2 scala sources)[0m
[0m2021.10.21 21:53:14 INFO  time: compiled codecs-test in 1.26s[0m
[0m2021.10.21 21:53:15 INFO  compiling codecs-test (1 scala source)[0m
[0m2021.10.21 21:53:15 INFO  time: compiled codecs in 1.08s[0m
[0m2021.10.21 21:53:16 INFO  time: compiled codecs-test in 1.09s[0m
[0m2021.10.21 21:53:27 INFO  time: compiled codecs-build in 12s[0m
[0m2021.10.21 21:53:35 INFO  Disconnecting from Bloop session...[0m
No more data in the server stdin, exiting...
No more data in the server stdin, exiting...
No more data in the server stdin, exiting...
No more data in the server stdin, exiting...
No more data in the server stdin, exiting...
No more data in the server stdin, exiting...
[0m2021.10.21 21:53:36 INFO  Attempting to connect to the build server...[0m
Starting the bsp launcher for bloop...
Opening a bsp server connection with 'bsp --protocol local --socket /tmp/bsp-launcher8370036464592963277/bsp.socket'...
Waiting for the bsp connection to come up...
Waiting for the bsp connection to come up...
[0m2021.10.21 21:53:37 ERROR timeout: build server 'bloop' during shutdown[0m
[0m2021.10.21 21:53:37 ERROR timeout: build server 'bloop' during shutdown[0m
[0m2021.10.21 21:53:37 ERROR timeout: build server 'bloop' during shutdown[0m
[0m2021.10.21 21:53:37 INFO  Attempting to connect to the build server...[0m
Starting the bsp launcher for bloop...
Opening a bsp server connection with 'bsp --protocol local --socket /tmp/bsp-launcher5615451488212978238/bsp.socket'...
Waiting for the bsp connection to come up...
Waiting for the bsp connection to come up...
Waiting for the bsp connection to come up...
No server running at 127.0.0.1:8212, let's fire one...
Resolving ch.epfl.scala:bloop-frontend_2.12:1.4.9...
Starting bloop server at 127.0.0.1:8212...
Attempting a connection to the server...
[0m[32m[D][0m Loading workspace settings from bloop.settings.json
[0m[32m[D][0m Loading 2 projects from '/home/priyoi/Files/Coursera/Scala/codecs/.bloop'...
[0m[32m[D][0m Loading project from '/home/priyoi/Files/Coursera/Scala/codecs/.bloop/codecs.json'
[0m[32m[D][0m Loading project from '/home/priyoi/Files/Coursera/Scala/codecs/.bloop/codecs-test.json'
[0m[32m[D][0m Loading previous analysis for 'codecs' from '/home/priyoi/Files/Coursera/Scala/codecs/target/streams/compile/bloopAnalysisOut/_global/streams/inc_compile_3.zip'.
[0m[32m[D][0m Loading previous analysis for 'codecs-test' from '/home/priyoi/Files/Coursera/Scala/codecs/target/streams/test/bloopAnalysisOut/_global/streams/inc_compile_3.zip'.
[0m[32m[D][0m Waiting for a connection at local:///tmp/bsp-launcher5615451488212978238/bsp.socket...
The server is listening for incoming connections at local:///tmp/bsp-launcher5615451488212978238/bsp.socket...
Starting thread that pumps stdin and redirects it to the bsp server...
Starting thread that pumps server stdout and redirects it to the client stdout...
[0m2021.10.21 21:53:39 INFO  tracing is enabled: /home/priyoi/.cache/metals/bsp.trace.json[0m
No server running at 127.0.0.1:8212, let's fire one...
Resolving ch.epfl.scala:bloop-frontend_2.12:1.4.9...
Starting bloop server at 127.0.0.1:8212...
Attempting a connection to the server...
Attempting a connection to the server...
Attempting a connection to the server...
Attempting a connection to the server...
Attempting a connection to the server...
Attempting a connection to the server...
[0m[32m[D][0m Loading workspace settings from bloop.settings.json
[0m[32m[D][0m Loading 2 projects from '/home/priyoi/Files/Coursera/Scala/codecs/.bloop'...
[0m[32m[D][0m Loading project from '/home/priyoi/Files/Coursera/Scala/codecs/.bloop/codecs.json'
[0m[32m[D][0m Loading project from '/home/priyoi/Files/Coursera/Scala/codecs/.bloop/codecs-test.json'
[0m[32m[D][0m Cache miss for scala instance org.scala-lang:scala-compiler:3.0.2.
[0m[32m[D][0m   => /home/priyoi/.cache/coursier/v1/https/repo1.maven.org/maven2/com/fasterxml/jackson/core/jackson-annotations/2.2.3/jackson-annotations-2.2.3.jar
[0m[32m[D][0m   => /home/priyoi/.cache/coursier/v1/https/repo1.maven.org/maven2/com/fasterxml/jackson/core/jackson-core/2.9.8/jackson-core-2.9.8.jar
[0m[32m[D][0m   => /home/priyoi/.cache/coursier/v1/https/repo1.maven.org/maven2/com/fasterxml/jackson/core/jackson-databind/2.2.3/jackson-databind-2.2.3.jar
[0m[32m[D][0m   => /home/priyoi/.cache/coursier/v1/https/repo1.maven.org/maven2/com/fasterxml/jackson/dataformat/jackson-dataformat-yaml/2.9.8/jackson-dataformat-yaml-2.9.8.jar
[0m[32m[D][0m   => /home/priyoi/.cache/coursier/v1/https/repo1.maven.org/maven2/com/google/protobuf/protobuf-java/3.7.0/protobuf-java-3.7.0.jar
[0m[32m[D][0m   => /home/priyoi/.cache/coursier/v1/https/repo1.maven.org/maven2/com/vladsch/flexmark/flexmark-ext-anchorlink/0.42.12/flexmark-ext-anchorlink-0.42.12.jar
[0m[32m[D][0m   => /home/priyoi/.cache/coursier/v1/https/repo1.maven.org/maven2/com/vladsch/flexmark/flexmark-ext-autolink/0.42.12/flexmark-ext-autolink-0.42.12.jar
[0m[32m[D][0m   => /home/priyoi/.cache/coursier/v1/https/repo1.maven.org/maven2/com/vladsch/flexmark/flexmark-ext-emoji/0.42.12/flexmark-ext-emoji-0.42.12.jar
[0m[32m[D][0m   => /home/priyoi/.cache/coursier/v1/https/repo1.maven.org/maven2/com/vladsch/flexmark/flexmark-ext-gfm-strikethrough/0.42.12/flexmark-ext-gfm-strikethrough-0.42.12.jar
[0m[32m[D][0m   => /home/priyoi/.cache/coursier/v1/https/repo1.maven.org/maven2/com/vladsch/flexmark/flexmark-ext-gfm-tables/0.42.12/flexmark-ext-gfm-tables-0.42.12.jar
[0m[32m[D][0m   => /home/priyoi/.cache/coursier/v1/https/repo1.maven.org/maven2/com/vladsch/flexmark/flexmark-ext-gfm-tasklist/0.42.12/flexmark-ext-gfm-tasklist-0.42.12.jar
[0m[32m[D][0m   => /home/priyoi/.cache/coursier/v1/https/repo1.maven.org/maven2/com/vladsch/flexmark/flexmark-ext-ins/0.42.12/flexmark-ext-ins-0.42.12.jar
[0m[32m[D][0m   => /home/priyoi/.cache/coursier/v1/https/repo1.maven.org/maven2/com/vladsch/flexmark/flexmark-ext-superscript/0.42.12/flexmark-ext-superscript-0.42.12.jar
[0m[32m[D][0m   => /home/priyoi/.cache/coursier/v1/https/repo1.maven.org/maven2/com/vladsch/flexmark/flexmark-ext-tables/0.42.12/flexmark-ext-tables-0.42.12.jar
[0m[32m[D][0m   => /home/priyoi/.cache/coursier/v1/https/repo1.maven.org/maven2/com/vladsch/flexmark/flexmark-ext-wikilink/0.42.12/flexmark-ext-wikilink-0.42.12.jar
[0m[32m[D][0m   => /home/priyoi/.cache/coursier/v1/https/repo1.maven.org/maven2/com/vladsch/flexmark/flexmark-ext-yaml-front-matter/0.42.12/flexmark-ext-yaml-front-matter-0.42.12.jar
[0m[32m[D][0m   => /home/priyoi/.cache/coursier/v1/https/repo1.maven.org/maven2/com/vladsch/flexmark/flexmark-formatter/0.42.12/flexmark-formatter-0.42.12.jar
[0m[32m[D][0m   => /home/priyoi/.cache/coursier/v1/https/repo1.maven.org/maven2/com/vladsch/flexmark/flexmark-html-parser/0.42.12/flexmark-html-parser-0.42.12.jar
[0m[32m[D][0m   => /home/priyoi/.cache/coursier/v1/https/repo1.maven.org/maven2/com/vladsch/flexmark/flexmark-jira-converter/0.42.12/flexmark-jira-converter-0.42.12.jar
[0m[32m[D][0m   => /home/priyoi/.cache/coursier/v1/https/repo1.maven.org/maven2/com/vladsch/flexmark/flexmark-util/0.42.12/flexmark-util-0.42.12.jar
[0m[32m[D][0m   => /home/priyoi/.cache/coursier/v1/https/repo1.maven.org/maven2/com/vladsch/flexmark/flexmark/0.42.12/flexmark-0.42.12.jar
[0m[32m[D][0m   => /home/priyoi/.cache/coursier/v1/https/repo1.maven.org/maven2/net/java/dev/jna/jna/5.3.1/jna-5.3.1.jar
[0m[32m[D][0m   => /home/priyoi/.cache/coursier/v1/https/repo1.maven.org/maven2/nl/big-o/liqp/0.6.7/liqp-0.6.7.jar
[0m[32m[D][0m   => /home/priyoi/.cache/coursier/v1/https/repo1.maven.org/maven2/org/antlr/ST4/4.0.7/ST4-4.0.7.jar
[0m[32m[D][0m   => /home/priyoi/.cache/coursier/v1/https/repo1.maven.org/maven2/org/antlr/antlr-runtime/3.5.1/antlr-runtime-3.5.1.jar
[0m[32m[D][0m   => /home/priyoi/.cache/coursier/v1/https/repo1.maven.org/maven2/org/antlr/antlr/3.5.1/antlr-3.5.1.jar
[0m[32m[D][0m   => /home/priyoi/.cache/coursier/v1/https/repo1.maven.org/maven2/org/jline/jline-reader/3.19.0/jline-reader-3.19.0.jar
[0m[32m[D][0m   => /home/priyoi/.cache/coursier/v1/https/repo1.maven.org/maven2/org/jline/jline-terminal-jna/3.19.0/jline-terminal-jna-3.19.0.jar
[0m[32m[D][0m   => /home/priyoi/.cache/coursier/v1/https/repo1.maven.org/maven2/org/jline/jline-terminal/3.19.0/jline-terminal-3.19.0.jar
[0m[32m[D][0m   => /home/priyoi/.cache/coursier/v1/https/repo1.maven.org/maven2/org/jsoup/jsoup/1.13.1/jsoup-1.13.1.jar
[0m[32m[D][0m   => /home/priyoi/.cache/coursier/v1/https/repo1.maven.org/maven2/org/nibor/autolink/autolink/0.6.0/autolink-0.6.0.jar
[0m[32m[D][0m   => /home/priyoi/.cache/coursier/v1/https/repo1.maven.org/maven2/org/scala-lang/modules/scala-asm/9.1.0-scala-1/scala-asm-9.1.0-scala-1.jar
[0m[32m[D][0m   => /home/priyoi/.cache/coursier/v1/https/repo1.maven.org/maven2/org/scala-lang/scala-library/2.13.6/scala-library-2.13.6.jar
[0m[32m[D][0m   => /home/priyoi/.cache/coursier/v1/https/repo1.maven.org/maven2/org/scala-lang/scala3-compiler_3/3.0.2/scala3-compiler_3-3.0.2.jar
[0m[32m[D][0m   => /home/priyoi/.cache/coursier/v1/https/repo1.maven.org/maven2/org/scala-lang/scala3-interfaces/3.0.2/scala3-interfaces-3.0.2.jar
[0m[32m[D][0m   => /home/priyoi/.cache/coursier/v1/https/repo1.maven.org/maven2/org/scala-lang/scala3-library_3/3.0.2/scala3-library_3-3.0.2.jar
[0m[32m[D][0m   => /home/priyoi/.cache/coursier/v1/https/repo1.maven.org/maven2/org/scala-lang/scala3-tasty-inspector_3/3.0.2/scala3-tasty-inspector_3-3.0.2.jar
[0m[32m[D][0m   => /home/priyoi/.cache/coursier/v1/https/repo1.maven.org/maven2/org/scala-lang/scaladoc_3/3.0.2/scaladoc_3-3.0.2.jar
[0m[32m[D][0m   => /home/priyoi/.cache/coursier/v1/https/repo1.maven.org/maven2/org/scala-lang/tasty-core_3/3.0.2/tasty-core_3-3.0.2.jar
[0m[32m[D][0m   => /home/priyoi/.cache/coursier/v1/https/repo1.maven.org/maven2/org/scala-sbt/compiler-interface/1.3.5/compiler-interface-1.3.5.jar
[0m[32m[D][0m   => /home/priyoi/.cache/coursier/v1/https/repo1.maven.org/maven2/org/scala-sbt/util-interface/1.3.0/util-interface-1.3.0.jar
[0m[32m[D][0m   => /home/priyoi/.cache/coursier/v1/https/repo1.maven.org/maven2/org/yaml/snakeyaml/1.23/snakeyaml-1.23.jar
[0m[32m[D][0m Loading previous analysis for 'codecs' from '/home/priyoi/Files/Coursera/Scala/codecs/target/streams/compile/bloopAnalysisOut/_global/streams/inc_compile_3.zip'.
[0m[32m[D][0m Loading previous analysis for 'codecs-test' from '/home/priyoi/Files/Coursera/Scala/codecs/target/streams/test/bloopAnalysisOut/_global/streams/inc_compile_3.zip'.
[0m[32m[D][0m Waiting for a connection at local:///tmp/bsp-launcher8370036464592963277/bsp.socket...
The server is listening for incoming connections at local:///tmp/bsp-launcher8370036464592963277/bsp.socket...
Starting thread that pumps stdin and redirects it to the bsp server...
Starting thread that pumps server stdout and redirects it to the client stdout...
[0m2021.10.21 21:53:39 INFO  tracing is enabled: /home/priyoi/.cache/metals/bsp.trace.json[0m
[0m2021.10.21 21:53:39 INFO  Attempting to connect to the build server...[0m
[0m2021.10.21 21:53:40 INFO  Attempting to connect to the build server...[0m
[0mStarting the bsp launcher for bloop...2021.10.21 21:53:39 INFO 
 Attempting to connect to the build server...[0m
Opening a bsp server connection with 'bsp --protocol local --socket /tmp/bsp-launcher76434808786258135/bsp.socket'...
Starting the bsp launcher for bloop...
Opening a bsp server connection with 'bsp --protocol local --socket /tmp/bsp-launcher7944151949352173158/bsp.socket'...
Waiting for the bsp connection to come up...
Waiting for the bsp connection to come up...
Starting the bsp launcher for bloop...
[0m2021.10.21 21:53:40 INFO  Attempting to connect to the build server...[0m
Opening a bsp server connection with 'bsp --protocol local --socket /tmp/bsp-launcher9054828780514887340/bsp.socket'...
Starting the bsp launcher for bloop...
Opening a bsp server connection with 'bsp --protocol local --socket /tmp/bsp-launcher3011155794956552663/bsp.socket'...
Waiting for the bsp connection to come up...
Waiting for the bsp connection to come up...
[0m[32m[D][0m Loading workspace settings from bloop.settings.json
[0m[32m[D][0m Waiting for a connection at local:///tmp/bsp-launcher76434808786258135/bsp.socket...
The server is listening for incoming connections at local:///tmp/bsp-launcher76434808786258135/bsp.socket...
Starting thread that pumps stdin and redirects it to the bsp server...
Starting thread that pumps server stdout and redirects it to the client stdout...
[0m2021.10.21 21:53:40 INFO  tracing is enabled: /home/priyoi/.cache/metals/bsp.trace.json[0m
[0m[32m[D][0m Loading workspace settings from bloop.settings.json
[0m[32m[D][0m Waiting for a connection at local:///tmp/bsp-launcher3011155794956552663/bsp.socket...
The server is listening for incoming connections at local:///tmp/bsp-launcher3011155794956552663/bsp.socket...
Starting thread that pumps stdin and redirects it to the bsp server...
Starting thread that pumps server stdout and redirects it to the client stdout...
[0m2021.10.21 21:53:40 INFO  tracing is enabled: /home/priyoi/.cache/metals/bsp.trace.json[0m
[0m[32m[D][0m Loading workspace settings from bloop.settings.json
[0m[32m[D][0m Waiting for a connection at local:///tmp/bsp-launcher7944151949352173158/bsp.socket...
The server is listening for incoming connections at local:///tmp/bsp-launcher7944151949352173158/bsp.socket...
Starting thread that pumps stdin and redirects it to the bsp server...
[0m[32m[D][0m Loading workspace settings from bloop.settings.json
[0m[32m[D][0m Waiting for a connection at local:///tmp/bsp-launcher9054828780514887340/bsp.socket...
The server is listening for incoming connections at local:///tmp/bsp-launcher9054828780514887340/bsp.socket...
Starting thread that pumps stdin and redirects it to the bsp server...
Starting thread that pumps server stdout and redirects it to the client stdout...
Starting thread that pumps server stdout and redirects it to the client stdout...
[0m2021.10.21 21:53:40 INFO  tracing is enabled: /home/priyoi/.cache/metals/bsp.trace.json[0m
[0m2021.10.21 21:53:40 INFO  tracing is enabled: /home/priyoi/.cache/metals/bsp.trace.json[0m
[0m2021.10.21 21:53:40 INFO  time: Connected to build server in 3.63s[0m
[0m2021.10.21 21:53:40 INFO  Connected to Build server: Bloop v1.4.9[0m
[0m2021.10.21 21:53:40 INFO  time: Connected to build server in 2.61s[0m
[0m2021.10.21 21:53:40 INFO  Connected to Build server: Bloop v1.4.9[0m
[0m2021.10.21 21:53:40 INFO  time: Imported build in 0.21s[0m
[0m2021.10.21 21:53:40 INFO  time: Imported build in 0.21s[0m
[0m2021.10.21 21:53:41 INFO  Disconnecting from Bloop session...[0m
[0m2021.10.21 21:53:41 INFO  Shut down connection with build server.[0m
[0m2021.10.21 21:53:41 INFO  Shut down connection with build server.[0m
No more data in the client stdin, exiting...
No more data in the client stdin, exiting...
[0m2021.10.21 21:53:41 INFO  Shut down connection with build server.[0m
No more data in the client stdin, exiting...
[0m2021.10.21 21:53:41 INFO  Attempting to connect to the build server...[0m
Starting the bsp launcher for bloop...
Opening a bsp server connection with 'bsp --protocol local --socket /tmp/bsp-launcher5751050333895870759/bsp.socket'...
Waiting for the bsp connection to come up...
No more data in the server stdin, exiting...
No more data in the server stdin, exiting...
No more data in the server stdin, exiting...
No more data in the server stdin, exiting...
No more data in the server stdin, exiting...
No more data in the server stdin, exiting...
No more data in the server stdin, exiting...
No more data in the server stdin, exiting...
[0m2021.10.21 21:53:42 INFO  time: indexed workspace in 1.63s[0m
[0m2021.10.21 21:53:42 INFO  time: indexed workspace in 1.65s[0m
[0m2021.10.21 21:53:42 INFO  Attempting to connect to the build server...[0m
[0m2021.10.21 21:53:43 INFO  no build target: using presentation compiler with only scala-library: 3.0.2[0m
[0m2021.10.21 21:53:46 INFO  running '/home/priyoi/.jabba/jdk/adopt@1.8.0-292/bin/java -Djline.terminal=jline.UnsupportedTerminal -Dsbt.log.noformat=true -Dfile.encoding=UTF-8 -jar /tmp/metals6399093509685271756/sbt-launch.jar -Dbloop.export-jar-classifiers=sources bloopInstall'[0m
[0m2021.10.21 21:53:46 INFO  tracing is enabled: /home/priyoi/.cache/metals/bsp.trace.json[0m
[0m2021.10.21 21:53:46 INFO  tracing is enabled: /home/priyoi/.cache/metals/bsp.trace.json[0m
[0m2021.10.21 21:53:46 INFO  Attempting to connect to the build server...[0m
[0m2021.10.21 21:53:46 INFO  Attempting to connect to the build server...[0m
[0m2021.10.21 21:53:46 INFO  Attempting to connect to the build server...[0m
[0m2021.10.21 21:53:46 INFO  Attempting to connect to the build server...[0m
[0m2021.10.21 21:53:46 INFO  tracing is enabled: /home/priyoi/.cache/metals/bsp.trace.json[0m
[0m2021.10.21 21:53:46 INFO  tracing is enabled: /home/priyoi/.cache/metals/bsp.trace.json[0m
[0m2021.10.21 21:53:46 INFO  tracing is enabled: /home/priyoi/.cache/metals/bsp.trace.json[0m
[0m2021.10.21 21:53:46 INFO  tracing is enabled: /home/priyoi/.cache/metals/bsp.trace.json[0m
[0m2021.10.21 21:53:46 INFO  time: Connected to build server in 5.03s[0m
[0m2021.10.21 21:53:46 INFO  Connected to Build server: Bloop v1.4.9[0m
[0m2021.10.21 21:53:46 INFO  time: Connected to build server in 4.56s[0m
[0m2021.10.21 21:53:46 INFO  Connected to Build server: Bloop v1.4.9[0m
[0m2021.10.21 21:53:46 INFO  time: Imported build in 0.3s[0m
[0m2021.10.21 21:53:46 INFO  time: Imported build in 0.28s[0m
[0m2021.10.21 21:53:49 INFO  time: indexed workspace in 2.57s[0m
[0m2021.10.21 21:53:49 INFO  time: indexed workspace in 2.66s[0m
[0m2021.10.21 21:53:51 INFO  [info] welcome to sbt 1.5.5 (AdoptOpenJDK Java 1.8.0_292)[0m
[0m2021.10.21 21:53:51 INFO  no build target: using presentation compiler with only scala-library: 3.0.2[0m
[0m2021.10.21 21:53:54 INFO  [info] loading settings for project codecs-build-build-build from metals.sbt ...[0m
[0m2021.10.21 21:53:56 INFO  [info] loading project definition from /home/priyoi/Files/Coursera/Scala/codecs/project/project/project[0m
[0m2021.10.21 21:53:59 INFO  [info] loading settings for project codecs-build-build from metals.sbt ...[0m
[0m2021.10.21 21:53:59 INFO  [info] loading project definition from /home/priyoi/Files/Coursera/Scala/codecs/project/project[0m
[0m2021.10.21 21:54:05 INFO  [success] Generated .bloop/codecs-build-build.json[0m
[0m2021.10.21 21:54:05 INFO  [success] Total time: 6 s, completed Oct 21, 2021 9:54:05 PM[0m
[0m2021.10.21 21:54:05 INFO  [info] loading settings for project codecs-build from buildSettings.sbt,metals.sbt,plugins.sbt ...[0m
[0m2021.10.21 21:54:06 INFO  [info] loading project definition from /home/priyoi/Files/Coursera/Scala/codecs/project[0m
[0m2021.10.21 21:54:08 INFO  [success] Generated .bloop/codecs-build.json[0m
[0m2021.10.21 21:54:10 INFO  [success] Total time: 4 s, completed Oct 21, 2021 9:54:10 PM[0m
[0m2021.10.21 21:54:10 INFO  [info] loading settings for project codecs from assignment.sbt,build.sbt ...[0m
[0m2021.10.21 21:54:13 INFO  [info] set current project to effective-scala-codecs (in build file:/home/priyoi/Files/Coursera/Scala/codecs/)[0m
[0m2021.10.21 21:54:14 INFO  [success] Generated .bloop/codecs.json[0m
[0m2021.10.21 21:54:14 INFO  [success] Generated .bloop/codecs-test.json[0m
[0m2021.10.21 21:54:14 INFO  [success] Total time: 0 s, completed Oct 21, 2021 9:54:14 PM[0m
[0m2021.10.21 21:54:14 INFO  time: ran 'sbt bloopInstall' in 28s[0m
[0m2021.10.21 21:54:14 INFO  Disconnecting from Bloop session...[0m
[0m2021.10.21 21:54:14 INFO  Shut down connection with build server.[0m
[0m2021.10.21 21:54:14 INFO  Shut down connection with build server.[0m
[0m2021.10.21 21:54:14 INFO  Shut down connection with build server.[0m
[0m2021.10.21 21:54:14 INFO  Attempting to connect to the build server...[0m
[0m2021.10.21 21:54:14 INFO  tracing is enabled: /home/priyoi/.cache/metals/bsp.trace.json[0m
[0m2021.10.21 21:54:14 INFO  Attempting to connect to the build server...[0m
[0m2021.10.21 21:54:14 INFO  Attempting to connect to the build server...[0m
[0m2021.10.21 21:54:15 INFO  tracing is enabled: /home/priyoi/.cache/metals/bsp.trace.json[0m
[0m2021.10.21 21:54:15 INFO  tracing is enabled: /home/priyoi/.cache/metals/bsp.trace.json[0m
[0m2021.10.21 21:54:15 INFO  time: Connected to build server in 0.27s[0m
[0m2021.10.21 21:54:15 INFO  Connected to Build server: Bloop v1.4.9[0m
[0m2021.10.21 21:54:17 INFO  time: indexed workspace in 1.8s[0m
[0m2021.10.21 21:54:18 INFO  no build target: using presentation compiler with only scala-library: 3.0.2[0m
[0m2021.10.21 22:58:12 INFO  compiling codecs (1 scala source)[0m
[0m2021.10.21 22:58:16 INFO  time: compiled codecs in 4.89s[0m
[0m2021.10.21 22:58:16 INFO  compiling codecs (1 scala source)[0m
[0m2021.10.21 22:58:21 INFO  time: compiled codecs in 4.02s[0m
[0m2021.10.21 22:58:21 INFO  compiling codecs (1 scala source)[0m
[0m2021.10.21 22:58:21 INFO  time: compiled codecs in 0.52s[0m
[0m2021.10.21 22:58:29 INFO  compiling codecs (1 scala source)[0m
[0m2021.10.21 22:58:30 INFO  time: compiled codecs in 1.26s[0m
[0m2021.10.21 22:58:34 INFO  compiling codecs (1 scala source)[0m
[0m2021.10.21 22:58:34 INFO  time: compiled codecs in 0.64s[0m
[0m2021.10.21 22:58:37 INFO  compiling codecs (1 scala source)[0m
[0m2021.10.21 22:58:37 INFO  time: compiled codecs in 0.44s[0m
[0m2021.10.21 22:58:39 INFO  compiling codecs (1 scala source)[0m
[0m2021.10.21 22:58:39 INFO  time: compiled codecs in 0.94s[0m
[0m2021.10.21 22:58:41 INFO  compiling codecs (1 scala source)[0m
[0m2021.10.21 22:58:41 INFO  time: compiled codecs in 0.94s[0m
[0m2021.10.21 22:58:43 INFO  compiling codecs (1 scala source)[0m
[0m2021.10.21 22:58:43 INFO  time: compiled codecs in 0.88s[0m
[0m2021.10.21 22:58:45 INFO  compiling codecs (1 scala source)[0m
[0m2021.10.21 22:58:45 INFO  time: compiled codecs in 0.61s[0m
[0m2021.10.21 22:58:57 INFO  compiling codecs (1 scala source)[0m
[0m2021.10.21 22:58:57 INFO  time: compiled codecs in 0.48s[0m
[0m2021.10.21 22:59:00 INFO  compiling codecs (1 scala source)[0m
[0m2021.10.21 22:59:00 INFO  time: compiled codecs in 0.41s[0m
[0m2021.10.21 22:59:05 INFO  compiling codecs (1 scala source)[0m
[0m2021.10.21 22:59:05 INFO  time: compiled codecs in 0.32s[0m
[0m2021.10.21 22:59:07 INFO  compiling codecs (1 scala source)[0m
[0m2021.10.21 22:59:07 INFO  time: compiled codecs in 0.88s[0m
[0m2021.10.21 22:59:10 INFO  compiling codecs (1 scala source)[0m
[0m2021.10.21 22:59:10 INFO  time: compiled codecs in 0.37s[0m
[0m2021.10.21 22:59:24 INFO  compiling codecs (1 scala source)[0m
[0m2021.10.21 22:59:24 INFO  time: compiled codecs in 0.34s[0m
[0m2021.10.21 22:59:26 INFO  compiling codecs (1 scala source)[0m
[0m2021.10.21 22:59:30 INFO  time: compiled codecs in 3.94s[0m
[0m2021.10.21 22:59:42 INFO  compiling codecs (1 scala source)[0m
[0m2021.10.21 22:59:42 INFO  time: compiled codecs in 0.58s[0m
[0m2021.10.21 22:59:44 INFO  compiling codecs (1 scala source)[0m
[0m2021.10.21 22:59:44 INFO  time: compiled codecs in 0.33s[0m
[0m2021.10.21 22:59:54 INFO  compiling codecs (1 scala source)[0m
[0m2021.10.21 22:59:54 INFO  time: compiled codecs in 0.32s[0m
[0m2021.10.21 23:00:03 INFO  compiling codecs (1 scala source)[0m
[0m2021.10.21 23:00:03 INFO  time: compiled codecs in 0.75s[0m
[0m2021.10.21 23:00:15 INFO  compiling codecs (1 scala source)[0m
[0m2021.10.21 23:00:15 INFO  time: compiled codecs in 0.42s[0m
[0m2021.10.21 23:01:08 INFO  compiling codecs (1 scala source)[0m
[0m2021.10.21 23:01:08 INFO  time: compiled codecs in 0.62s[0m
[0m2021.10.21 23:01:16 INFO  compiling codecs (1 scala source)[0m
[0m2021.10.21 23:01:16 INFO  time: compiled codecs in 0.66s[0m
[0m2021.10.21 23:01:17 INFO  compiling codecs (1 scala source)[0m
[0m2021.10.21 23:01:17 INFO  time: compiled codecs in 0.3s[0m
[0m2021.10.21 23:01:19 INFO  compiling codecs (1 scala source)[0m
[0m2021.10.21 23:01:19 INFO  time: compiled codecs in 0.38s[0m
[0m2021.10.21 23:01:22 INFO  compiling codecs (1 scala source)[0m
[0m2021.10.21 23:01:22 INFO  time: compiled codecs in 0.53s[0m
[0m2021.10.21 23:01:38 INFO  compiling codecs (1 scala source)[0m
[0m2021.10.21 23:01:38 INFO  time: compiled codecs in 0.62s[0m
[0m2021.10.21 23:02:19 INFO  compiling codecs (1 scala source)[0m
[0m2021.10.21 23:02:19 INFO  time: compiled codecs in 0.6s[0m
[0m2021.10.21 23:02:39 INFO  compiling codecs (1 scala source)[0m
[0m2021.10.21 23:02:40 INFO  time: compiled codecs in 1.19s[0m
[0m2021.10.21 23:02:40 INFO  compiling codecs (2 scala sources)[0m
[0m2021.10.21 23:02:41 INFO  time: compiled codecs in 1.57s[0m
[0m2021.10.21 23:03:32 INFO  compiling codecs (1 scala source)[0m
[0m2021.10.21 23:03:32 INFO  time: compiled codecs in 0.72s[0m
[0m2021.10.21 23:03:38 INFO  compiling codecs (1 scala source)[0m
[0m2021.10.21 23:03:38 INFO  time: compiled codecs in 0.47s[0m
[0m2021.10.21 23:03:47 INFO  compiling codecs (1 scala source)[0m
[0m2021.10.21 23:03:47 INFO  time: compiled codecs in 0.4s[0m
[0m2021.10.21 23:03:53 INFO  compiling codecs (1 scala source)[0m
[0m2021.10.21 23:03:53 INFO  time: compiled codecs in 0.23s[0m
[0m2021.10.21 23:04:37 INFO  compiling codecs (1 scala source)[0m
[0m2021.10.21 23:04:38 INFO  time: compiled codecs in 1.18s[0m
[0m2021.10.21 23:04:38 INFO  compiling codecs (1 scala source)[0m
[0m2021.10.21 23:04:38 INFO  time: compiled codecs in 0.25s[0m
[0m2021.10.21 23:04:43 INFO  compiling codecs (1 scala source)[0m
[0m2021.10.21 23:04:43 INFO  time: compiled codecs in 0.26s[0m
[0m2021.10.21 23:04:48 INFO  compiling codecs (1 scala source)[0m
[0m2021.10.21 23:04:48 INFO  time: compiled codecs in 0.41s[0m
[0m2021.10.21 23:04:55 INFO  compiling codecs (1 scala source)[0m
[0m2021.10.21 23:04:57 INFO  time: compiled codecs in 1.21s[0m
[0m2021.10.21 23:05:04 INFO  compiling codecs (1 scala source)[0m
[0m2021.10.21 23:05:04 INFO  time: compiled codecs in 0.24s[0m
[0m2021.10.21 23:05:07 INFO  compiling codecs (1 scala source)[0m
[0m2021.10.21 23:05:07 INFO  time: compiled codecs in 0.18s[0m
[0m2021.10.21 23:05:08 INFO  compiling codecs (1 scala source)[0m
[0m2021.10.21 23:05:08 INFO  time: compiled codecs in 0.23s[0m
[0m2021.10.21 23:05:10 INFO  compiling codecs (1 scala source)[0m
[0m2021.10.21 23:05:10 INFO  time: compiled codecs in 0.3s[0m
[0m2021.10.21 23:05:13 INFO  compiling codecs (1 scala source)[0m
[0m2021.10.21 23:05:13 INFO  time: compiled codecs in 0.28s[0m
[0m2021.10.21 23:05:21 INFO  compiling codecs (1 scala source)[0m
[0m2021.10.21 23:05:21 INFO  time: compiled codecs in 0.27s[0m
[0m2021.10.21 23:05:23 INFO  compiling codecs (1 scala source)[0m
[0m2021.10.21 23:05:23 INFO  time: compiled codecs in 0.17s[0m
[0m2021.10.21 23:05:29 INFO  compiling codecs (1 scala source)[0m
[0m2021.10.21 23:05:29 INFO  time: compiled codecs in 0.15s[0m
[0m2021.10.21 23:05:42 INFO  compiling codecs (1 scala source)[0m
[0m2021.10.21 23:05:42 INFO  time: compiled codecs in 0.3s[0m
[0m2021.10.21 23:05:44 INFO  compiling codecs (1 scala source)[0m
[0m2021.10.21 23:05:44 INFO  time: compiled codecs in 0.66s[0m
[0m2021.10.21 23:05:54 INFO  compiling codecs (1 scala source)[0m
[0m2021.10.21 23:05:54 INFO  time: compiled codecs in 0.21s[0m
[0m2021.10.21 23:05:56 INFO  compiling codecs (1 scala source)[0m
[0m2021.10.21 23:05:56 INFO  time: compiled codecs in 0.75s[0m
[0m2021.10.21 23:06:02 INFO  compiling codecs (1 scala source)[0m
[0m2021.10.21 23:06:02 INFO  time: compiled codecs in 0.52s[0m
[0m2021.10.21 23:06:08 INFO  compiling codecs (1 scala source)[0m
[0m2021.10.21 23:06:08 INFO  time: compiled codecs in 0.14s[0m
[0m2021.10.21 23:06:10 INFO  compiling codecs (1 scala source)[0m
[0m2021.10.21 23:06:10 INFO  time: compiled codecs in 0.45s[0m
[0m2021.10.21 23:06:12 INFO  compiling codecs (1 scala source)[0m
[0m2021.10.21 23:06:12 INFO  time: compiled codecs in 0.36s[0m
[0m2021.10.21 23:06:17 INFO  compiling codecs (1 scala source)[0m
[0m2021.10.21 23:06:17 INFO  time: compiled codecs in 0.36s[0m
[0m2021.10.21 23:06:20 INFO  compiling codecs (1 scala source)[0m
[0m2021.10.21 23:06:20 INFO  time: compiled codecs in 0.52s[0m
[0m2021.10.21 23:06:33 INFO  compiling codecs (1 scala source)[0m
[0m2021.10.21 23:06:33 INFO  time: compiled codecs in 0.58s[0m
[0m2021.10.21 23:07:06 INFO  compiling codecs (1 scala source)[0m
[0m2021.10.21 23:07:06 INFO  time: compiled codecs in 0.62s[0m
[0m2021.10.21 23:07:10 INFO  compiling codecs (1 scala source)[0m
[0m2021.10.21 23:07:10 INFO  time: compiled codecs in 0.65s[0m
[0m2021.10.21 23:07:58 INFO  compiling codecs (1 scala source)[0m
[0m2021.10.21 23:07:58 INFO  time: compiled codecs in 0.49s[0m
[0m2021.10.21 23:08:04 INFO  compiling codecs (1 scala source)[0m
[0m2021.10.21 23:08:04 INFO  time: compiled codecs in 0.48s[0m
[0m2021.10.21 23:08:07 INFO  compiling codecs (1 scala source)[0m
[0m2021.10.21 23:08:07 INFO  time: compiled codecs in 0.16s[0m
[0m2021.10.21 23:08:14 INFO  compiling codecs (1 scala source)[0m
[0m2021.10.21 23:08:14 INFO  time: compiled codecs in 0.15s[0m
[0m2021.10.21 23:08:15 INFO  compiling codecs (1 scala source)[0m
[0m2021.10.21 23:08:15 INFO  time: compiled codecs in 0.16s[0m
[0m2021.10.21 23:08:20 INFO  compiling codecs (1 scala source)[0m
[0m2021.10.21 23:08:20 INFO  time: compiled codecs in 0.16s[0m
[0m2021.10.21 23:08:21 INFO  compiling codecs (1 scala source)[0m
[0m2021.10.21 23:08:21 INFO  time: compiled codecs in 0.24s[0m
[0m2021.10.21 23:08:23 INFO  compiling codecs (1 scala source)[0m
[0m2021.10.21 23:08:23 INFO  time: compiled codecs in 0.32s[0m
[0m2021.10.21 23:08:25 INFO  compiling codecs (1 scala source)[0m
[0m2021.10.21 23:08:25 INFO  time: compiled codecs in 0.29s[0m
[0m2021.10.21 23:08:44 INFO  compiling codecs (1 scala source)[0m
[0m2021.10.21 23:08:44 INFO  time: compiled codecs in 0.39s[0m
[0m2021.10.21 23:08:49 INFO  compiling codecs (1 scala source)[0m
[0m2021.10.21 23:08:49 INFO  time: compiled codecs in 0.33s[0m
[0m2021.10.21 23:08:54 INFO  compiling codecs (1 scala source)[0m
[0m2021.10.21 23:08:54 INFO  time: compiled codecs in 0.48s[0m
[0m2021.10.21 23:08:54 INFO  compiling codecs (1 scala source)[0m
[0m2021.10.21 23:08:54 INFO  time: compiled codecs in 0.36s[0m
[0m2021.10.21 23:09:04 INFO  compiling codecs (1 scala source)[0m
[0m2021.10.21 23:09:04 INFO  time: compiled codecs in 0.6s[0m
[0m2021.10.21 23:09:06 INFO  compiling codecs (1 scala source)[0m
[0m2021.10.21 23:09:06 INFO  time: compiled codecs in 0.13s[0m
[0m2021.10.21 23:09:11 INFO  compiling codecs (1 scala source)[0m
[0m2021.10.21 23:09:11 INFO  time: compiled codecs in 0.15s[0m
[0m2021.10.21 23:09:18 INFO  compiling codecs (1 scala source)[0m
[0m2021.10.21 23:09:18 INFO  time: compiled codecs in 0.19s[0m
[0m2021.10.21 23:09:25 INFO  compiling codecs (1 scala source)[0m
[0m2021.10.21 23:09:25 INFO  time: compiled codecs in 0.13s[0m
[0m2021.10.21 23:09:29 INFO  compiling codecs (1 scala source)[0m
[0m2021.10.21 23:09:29 INFO  time: compiled codecs in 0.21s[0m
[0m2021.10.21 23:09:31 INFO  compiling codecs (1 scala source)[0m
[0m2021.10.21 23:09:31 INFO  time: compiled codecs in 0.17s[0m
[0m2021.10.21 23:09:39 INFO  compiling codecs (1 scala source)[0m
[0m2021.10.21 23:09:39 INFO  time: compiled codecs in 0.54s[0m
[0m2021.10.21 23:09:39 INFO  compiling codecs (1 scala source)[0m
[0m2021.10.21 23:09:39 INFO  time: compiled codecs in 0.42s[0m
[0m2021.10.21 23:11:05 INFO  compiling codecs (1 scala source)[0m
[0m2021.10.21 23:11:05 INFO  time: compiled codecs in 0.28s[0m
[0m2021.10.21 23:11:18 INFO  compiling codecs (1 scala source)[0m
[0m2021.10.21 23:11:18 INFO  time: compiled codecs in 0.17s[0m
[0m2021.10.21 23:11:21 INFO  compiling codecs (1 scala source)[0m
[0m2021.10.21 23:11:21 INFO  time: compiled codecs in 0.16s[0m
[0m2021.10.21 23:11:22 INFO  compiling codecs (1 scala source)[0m
[0m2021.10.21 23:11:22 INFO  time: compiled codecs in 0.32s[0m
[0m2021.10.21 23:11:42 INFO  compiling codecs (1 scala source)[0m
[0m2021.10.21 23:11:42 INFO  time: compiled codecs in 0.14s[0m
[0m2021.10.21 23:12:14 INFO  compiling codecs (1 scala source)[0m
[0m2021.10.21 23:12:14 INFO  time: compiled codecs in 0.14s[0m
[0m2021.10.21 23:12:17 INFO  compiling codecs (1 scala source)[0m
[0m2021.10.21 23:12:17 INFO  time: compiled codecs in 0.39s[0m
[0m2021.10.21 23:12:19 INFO  compiling codecs (1 scala source)[0m
[0m2021.10.21 23:12:19 INFO  time: compiled codecs in 0.33s[0m
[0m2021.10.21 23:13:06 INFO  compiling codecs (1 scala source)[0m
[0m2021.10.21 23:13:06 INFO  time: compiled codecs in 0.41s[0m
[0m2021.10.21 23:13:08 INFO  compiling codecs (1 scala source)[0m
[0m2021.10.21 23:13:08 INFO  time: compiled codecs in 0.33s[0m
[0m2021.10.21 23:13:10 INFO  compiling codecs (1 scala source)[0m
[0m2021.10.21 23:13:10 INFO  time: compiled codecs in 0.28s[0m
[0m2021.10.21 23:13:12 INFO  compiling codecs (1 scala source)[0m
[0m2021.10.21 23:13:12 INFO  time: compiled codecs in 0.73s[0m
[0m2021.10.21 23:14:08 INFO  compiling codecs (1 scala source)[0m
[0m2021.10.21 23:14:08 INFO  time: compiled codecs in 0.53s[0m
[0m2021.10.21 23:14:12 INFO  compiling codecs (1 scala source)[0m
[0m2021.10.21 23:14:12 INFO  time: compiled codecs in 0.14s[0m
[0m2021.10.21 23:14:14 INFO  compiling codecs (1 scala source)[0m
[0m2021.10.21 23:14:14 INFO  time: compiled codecs in 0.52s[0m
[0m2021.10.21 23:14:17 INFO  compiling codecs (1 scala source)[0m
[0m2021.10.21 23:14:17 INFO  time: compiled codecs in 0.12s[0m
[0m2021.10.21 23:14:19 INFO  compiling codecs (1 scala source)[0m
[0m2021.10.21 23:14:19 INFO  time: compiled codecs in 0.5s[0m
[0m2021.10.21 23:14:21 INFO  compiling codecs (1 scala source)[0m
[0m2021.10.21 23:14:21 INFO  time: compiled codecs in 0.13s[0m
[0m2021.10.21 23:14:23 INFO  compiling codecs (1 scala source)[0m
[0m2021.10.21 23:14:23 INFO  time: compiled codecs in 0.54s[0m
[0m2021.10.21 23:15:57 INFO  compiling codecs (1 scala source)[0m
[0m2021.10.21 23:15:57 INFO  time: compiled codecs in 0.46s[0m
[0m2021.10.21 23:16:05 INFO  compiling codecs (1 scala source)[0m
[0m2021.10.21 23:16:05 INFO  time: compiled codecs in 0.44s[0m
[0m2021.10.21 23:16:10 INFO  compiling codecs (1 scala source)[0m
[0m2021.10.21 23:16:10 INFO  time: compiled codecs in 0.16s[0m
[0m2021.10.21 23:16:12 INFO  compiling codecs (1 scala source)[0m
[0m2021.10.21 23:16:12 INFO  time: compiled codecs in 0.17s[0m
[0m2021.10.21 23:16:16 INFO  compiling codecs (1 scala source)[0m
[0m2021.10.21 23:16:16 INFO  time: compiled codecs in 0.15s[0m
[0m2021.10.21 23:16:21 INFO  compiling codecs (1 scala source)[0m
[0m2021.10.21 23:16:21 INFO  time: compiled codecs in 0.46s[0m
[0m2021.10.21 23:16:58 INFO  compiling codecs (1 scala source)[0m
[0m2021.10.21 23:16:58 INFO  time: compiled codecs in 0.19s[0m
[0m2021.10.21 23:17:03 INFO  compiling codecs (1 scala source)[0m
[0m2021.10.21 23:17:03 INFO  time: compiled codecs in 0.28s[0m
[0m2021.10.21 23:17:05 INFO  compiling codecs (1 scala source)[0m
[0m2021.10.21 23:17:05 INFO  time: compiled codecs in 0.25s[0m
[0m2021.10.21 23:17:09 INFO  compiling codecs (1 scala source)[0m
[0m2021.10.21 23:17:09 INFO  time: compiled codecs in 0.27s[0m
[0m2021.10.21 23:17:14 INFO  compiling codecs (1 scala source)[0m
[0m2021.10.21 23:17:14 INFO  time: compiled codecs in 0.35s[0m
[0m2021.10.21 23:17:19 INFO  compiling codecs (1 scala source)[0m
[0m2021.10.21 23:17:19 INFO  time: compiled codecs in 0.38s[0m
[0m2021.10.21 23:17:24 INFO  compiling codecs (1 scala source)[0m
[0m2021.10.21 23:17:24 INFO  time: compiled codecs in 0.31s[0m
[0m2021.10.21 23:17:29 INFO  compiling codecs (1 scala source)[0m
[0m2021.10.21 23:17:29 INFO  time: compiled codecs in 0.11s[0m
[0m2021.10.21 23:17:33 INFO  compiling codecs (1 scala source)[0m
[0m2021.10.21 23:17:33 INFO  time: compiled codecs in 0.29s[0m
[0m2021.10.21 23:17:36 INFO  compiling codecs (1 scala source)[0m
[0m2021.10.21 23:17:36 INFO  time: compiled codecs in 0.4s[0m
[0m2021.10.21 23:17:58 INFO  compiling codecs (1 scala source)[0m
[0m2021.10.21 23:17:58 INFO  time: compiled codecs in 0.44s[0m
[0m2021.10.21 23:18:00 INFO  compiling codecs (1 scala source)[0m
[0m2021.10.21 23:18:00 INFO  time: compiled codecs in 0.32s[0m
[0m2021.10.21 23:18:15 INFO  compiling codecs (1 scala source)[0m
[0m2021.10.21 23:18:15 INFO  time: compiled codecs in 0.32s[0m
[0m2021.10.21 23:18:16 INFO  compiling codecs (1 scala source)[0m
[0m2021.10.21 23:18:16 INFO  time: compiled codecs in 0.35s[0m
[0m2021.10.21 23:18:26 INFO  compiling codecs (1 scala source)[0m
[0m2021.10.21 23:18:26 INFO  time: compiled codecs in 0.31s[0m
[0m2021.10.21 23:18:29 INFO  compiling codecs (1 scala source)[0m
[0m2021.10.21 23:18:29 INFO  time: compiled codecs in 0.33s[0m
[0m2021.10.21 23:18:30 INFO  compiling codecs (1 scala source)[0m
[0m2021.10.21 23:18:30 INFO  time: compiled codecs in 0.29s[0m
[0m2021.10.21 23:18:33 INFO  compiling codecs (1 scala source)[0m
[0m2021.10.21 23:18:33 INFO  time: compiled codecs in 0.17s[0m
[0m2021.10.21 23:18:59 INFO  compiling codecs (1 scala source)[0m
[0m2021.10.21 23:18:59 INFO  time: compiled codecs in 0.11s[0m
[0m2021.10.21 23:19:02 INFO  compiling codecs (1 scala source)[0m
[0m2021.10.21 23:19:02 INFO  time: compiled codecs in 0.38s[0m
[0m2021.10.21 23:19:04 INFO  compiling codecs (1 scala source)[0m
[0m2021.10.21 23:19:04 INFO  time: compiled codecs in 0.28s[0m
[0m2021.10.21 23:19:05 INFO  compiling codecs (1 scala source)[0m
[0m2021.10.21 23:19:05 INFO  time: compiled codecs in 0.43s[0m
[0m2021.10.21 23:19:09 INFO  compiling codecs (1 scala source)[0m
[0m2021.10.21 23:19:09 INFO  time: compiled codecs in 0.16s[0m
[0m2021.10.21 23:19:13 INFO  compiling codecs (1 scala source)[0m
[0m2021.10.21 23:19:13 INFO  time: compiled codecs in 0.48s[0m
[0m2021.10.21 23:19:19 INFO  compiling codecs (1 scala source)[0m
[0m2021.10.21 23:19:19 INFO  time: compiled codecs in 0.47s[0m
[0m2021.10.21 23:19:20 INFO  compiling codecs (1 scala source)[0m
[0m2021.10.21 23:19:20 INFO  time: compiled codecs in 0.33s[0m
[0m2021.10.21 23:19:24 INFO  compiling codecs (1 scala source)[0m
[0m2021.10.21 23:19:24 INFO  time: compiled codecs in 0.13s[0m
[0m2021.10.21 23:19:30 INFO  compiling codecs (1 scala source)[0m
[0m2021.10.21 23:19:30 INFO  time: compiled codecs in 0.25s[0m
[0m2021.10.21 23:19:31 INFO  compiling codecs (1 scala source)[0m
[0m2021.10.21 23:19:31 INFO  time: compiled codecs in 0.21s[0m
[0m2021.10.21 23:19:34 INFO  compiling codecs (1 scala source)[0m
[0m2021.10.21 23:19:34 INFO  time: compiled codecs in 0.15s[0m
[0m2021.10.21 23:19:37 INFO  compiling codecs (1 scala source)[0m
[0m2021.10.21 23:19:37 INFO  time: compiled codecs in 0.19s[0m
[0m2021.10.21 23:19:45 INFO  compiling codecs (1 scala source)[0m
[0m2021.10.21 23:19:45 INFO  time: compiled codecs in 0.21s[0m
[0m2021.10.21 23:19:46 INFO  compiling codecs (1 scala source)[0m
[0m2021.10.21 23:19:46 INFO  time: compiled codecs in 0.32s[0m
[0m2021.10.21 23:19:56 INFO  compiling codecs (1 scala source)[0m
[0m2021.10.21 23:19:56 INFO  time: compiled codecs in 0.38s[0m
[0m2021.10.21 23:19:57 INFO  compiling codecs (1 scala source)[0m
[0m2021.10.21 23:19:57 INFO  time: compiled codecs in 0.36s[0m
[0m2021.10.21 23:20:05 INFO  compiling codecs (1 scala source)[0m
[0m2021.10.21 23:20:05 INFO  time: compiled codecs in 0.25s[0m
[0m2021.10.21 23:20:07 INFO  compiling codecs (1 scala source)[0m
[0m2021.10.21 23:20:07 INFO  time: compiled codecs in 0.25s[0m
[0m2021.10.21 23:20:10 INFO  compiling codecs (1 scala source)[0m
[0m2021.10.21 23:20:10 INFO  time: compiled codecs in 0.59s[0m
[0m2021.10.21 23:20:13 INFO  compiling codecs (1 scala source)[0m
[0m2021.10.21 23:20:13 INFO  time: compiled codecs in 0.36s[0m
[0m2021.10.21 23:20:16 INFO  compiling codecs (1 scala source)[0m
[0m2021.10.21 23:20:16 INFO  time: compiled codecs in 0.35s[0m
[0m2021.10.21 23:20:18 INFO  compiling codecs (1 scala source)[0m
[0m2021.10.21 23:20:18 INFO  time: compiled codecs in 0.25s[0m
[0m2021.10.21 23:20:21 INFO  compiling codecs (1 scala source)[0m
[0m2021.10.21 23:20:21 INFO  time: compiled codecs in 0.29s[0m
[0m2021.10.21 23:20:24 INFO  compiling codecs (1 scala source)[0m
[0m2021.10.21 23:20:24 INFO  time: compiled codecs in 0.35s[0m
[0m2021.10.21 23:20:29 INFO  compiling codecs (1 scala source)[0m
[0m2021.10.21 23:20:29 INFO  time: compiled codecs in 0.23s[0m
[0m2021.10.21 23:20:31 INFO  compiling codecs (1 scala source)[0m
[0m2021.10.21 23:20:31 INFO  time: compiled codecs in 0.24s[0m
[0m2021.10.21 23:20:33 INFO  compiling codecs (1 scala source)[0m
[0m2021.10.21 23:20:33 INFO  time: compiled codecs in 0.24s[0m
[0m2021.10.21 23:20:45 INFO  compiling codecs (1 scala source)[0m
[0m2021.10.21 23:20:45 INFO  time: compiled codecs in 0.26s[0m
[0m2021.10.21 23:20:50 INFO  compiling codecs (1 scala source)[0m
[0m2021.10.21 23:20:50 INFO  time: compiled codecs in 0.24s[0m
[0m2021.10.21 23:20:55 INFO  compiling codecs (1 scala source)[0m
[0m2021.10.21 23:20:55 INFO  time: compiled codecs in 0.34s[0m
[0m2021.10.21 23:21:09 INFO  compiling codecs (1 scala source)[0m
[0m2021.10.21 23:21:09 INFO  time: compiled codecs in 0.3s[0m
[0m2021.10.21 23:21:11 INFO  compiling codecs (1 scala source)[0m
[0m2021.10.21 23:21:11 INFO  time: compiled codecs in 0.25s[0m
[0m2021.10.21 23:21:34 INFO  compiling codecs (1 scala source)[0m
[0m2021.10.21 23:21:34 INFO  time: compiled codecs in 0.51s[0m
[0m2021.10.21 23:22:08 INFO  tracing is disabled for protocol dap-server, to enable tracing of incoming and outgoing JSON messages create an empty file at /home/priyoi/.cache/metals/dap-server.trace.json[0m
[0m2021.10.21 23:22:08 INFO  tracing is disabled for protocol dap-client, to enable tracing of incoming and outgoing JSON messages create an empty file at /home/priyoi/.cache/metals/dap-client.trace.json[0m
[0m2021.10.21 23:22:09 INFO  Starting debug proxy for [codecs.run][0m
[0m2021.10.21 23:22:09 INFO  Trying to attach to remote debuggee VM localhost:37297 .[0m
[0m2021.10.21 23:22:09 INFO  Attaching to debuggee VM succeeded.[0m
[0m2021.10.21 23:22:09 WARN  [Warn] The debugger and the debuggee are running in different versions of JVMs. You could see wrong source mapping results.
Debugger JVM version: 16.0.1
Debuggee JVM version: 1.8.0_292[0m
[0m2021.10.21 23:22:09 INFO  Canceling debug proxy for [codecs.run][0m
[0m2021.10.21 23:22:09 INFO  Closing debug server tcp://0.0.0.0:36307[0m
[0m2021.10.21 23:23:09 INFO  compiling codecs (1 scala source)[0m
[0m2021.10.21 23:23:09 INFO  time: compiled codecs in 0.18s[0m
[0m2021.10.21 23:40:37 INFO  shutting down Metals[0m
[0m2021.10.21 23:40:37 INFO  Shut down connection with build server.[0m
[0m2021.10.21 23:40:37 INFO  Shut down connection with build server.[0m
[0m2021.10.21 23:40:37 INFO  Shut down connection with build server.[0m
[0m2021.10.22 18:40:51 INFO  Started: Metals version 0.10.7 in workspace '/home/priyoi/Files/Coursera/Scala/codecs' for client Visual Studio Code 1.61.2.[0m
[0m2021.10.22 18:40:52 INFO  time: initialize in 0.97s[0m
[0m2021.10.22 18:40:53 INFO  Attempting to connect to the build server...[0m
Starting the bsp launcher for bloop...[0m2021.10.22 18:40:53 WARN  no build target for: /home/priyoi/Files/Coursera/Scala/codecs/src/main/scala/codecs/Codecs.scala[0m

Opening a bsp server connection with 'bsp --protocol local --socket /tmp/bsp-launcher6178152640767499981/bsp.socket'...
Waiting for the bsp connection to come up...
[0m2021.10.22 18:40:54 INFO  skipping build import with status 'Installed'[0m
[0m2021.10.22 18:40:54 INFO  shutting down Metals[0m
Waiting for the bsp connection to come up...
Waiting for the bsp connection to come up...
Waiting for the bsp connection to come up...
Waiting for the bsp connection to come up...
Waiting for the bsp connection to come up...
[0m2021.10.22 18:40:59 INFO  no build target: using presentation compiler with only scala-library: 2.12.15[0m
Waiting for the bsp connection to come up...
No server running at 127.0.0.1:8212, let's fire one...
Resolving ch.epfl.scala:bloop-frontend_2.12:1.4.9...
Starting bloop server at 127.0.0.1:8212...
Attempting a connection to the server...
Attempting a connection to the server...
Attempting a connection to the server...
Attempting a connection to the server...
Attempting a connection to the server...
Attempting a connection to the server...
Attempting a connection to the server...
Attempting a connection to the server...
Attempting a connection to the server...
Attempting a connection to the server...
Attempting a connection to the server...
Attempting a connection to the server...
Attempting a connection to the server...
[0m[32m[D][0m Loading workspace settings from bloop.settings.json
[0m[32m[D][0m Loading 2 projects from '/home/priyoi/Files/Coursera/Scala/codecs/.bloop'...
[0m[32m[D][0m Loading project from '/home/priyoi/Files/Coursera/Scala/codecs/.bloop/codecs-test.json'
[0m[32m[D][0m Loading project from '/home/priyoi/Files/Coursera/Scala/codecs/.bloop/codecs.json'
[0m[32m[D][0m Cache miss for scala instance org.scala-lang:scala-compiler:3.0.2.
[0m[32m[D][0m   => /home/priyoi/.cache/coursier/v1/https/repo1.maven.org/maven2/com/fasterxml/jackson/core/jackson-annotations/2.2.3/jackson-annotations-2.2.3.jar
[0m[32m[D][0m   => /home/priyoi/.cache/coursier/v1/https/repo1.maven.org/maven2/com/fasterxml/jackson/core/jackson-core/2.9.8/jackson-core-2.9.8.jar
[0m[32m[D][0m   => /home/priyoi/.cache/coursier/v1/https/repo1.maven.org/maven2/com/fasterxml/jackson/core/jackson-databind/2.2.3/jackson-databind-2.2.3.jar
[0m[32m[D][0m   => /home/priyoi/.cache/coursier/v1/https/repo1.maven.org/maven2/com/fasterxml/jackson/dataformat/jackson-dataformat-yaml/2.9.8/jackson-dataformat-yaml-2.9.8.jar
[0m[32m[D][0m   => /home/priyoi/.cache/coursier/v1/https/repo1.maven.org/maven2/com/google/protobuf/protobuf-java/3.7.0/protobuf-java-3.7.0.jar
[0m[32m[D][0m   => /home/priyoi/.cache/coursier/v1/https/repo1.maven.org/maven2/com/vladsch/flexmark/flexmark-ext-anchorlink/0.42.12/flexmark-ext-anchorlink-0.42.12.jar
[0m[32m[D][0m   => /home/priyoi/.cache/coursier/v1/https/repo1.maven.org/maven2/com/vladsch/flexmark/flexmark-ext-autolink/0.42.12/flexmark-ext-autolink-0.42.12.jar
[0m[32m[D][0m   => /home/priyoi/.cache/coursier/v1/https/repo1.maven.org/maven2/com/vladsch/flexmark/flexmark-ext-emoji/0.42.12/flexmark-ext-emoji-0.42.12.jar
[0m[32m[D][0m   => /home/priyoi/.cache/coursier/v1/https/repo1.maven.org/maven2/com/vladsch/flexmark/flexmark-ext-gfm-strikethrough/0.42.12/flexmark-ext-gfm-strikethrough-0.42.12.jar
[0m[32m[D][0m   => /home/priyoi/.cache/coursier/v1/https/repo1.maven.org/maven2/com/vladsch/flexmark/flexmark-ext-gfm-tables/0.42.12/flexmark-ext-gfm-tables-0.42.12.jar
[0m[32m[D][0m   => /home/priyoi/.cache/coursier/v1/https/repo1.maven.org/maven2/com/vladsch/flexmark/flexmark-ext-gfm-tasklist/0.42.12/flexmark-ext-gfm-tasklist-0.42.12.jar
[0m[32m[D][0m   => /home/priyoi/.cache/coursier/v1/https/repo1.maven.org/maven2/com/vladsch/flexmark/flexmark-ext-ins/0.42.12/flexmark-ext-ins-0.42.12.jar
[0m[32m[D][0m   => /home/priyoi/.cache/coursier/v1/https/repo1.maven.org/maven2/com/vladsch/flexmark/flexmark-ext-superscript/0.42.12/flexmark-ext-superscript-0.42.12.jar
[0m[32m[D][0m   => /home/priyoi/.cache/coursier/v1/https/repo1.maven.org/maven2/com/vladsch/flexmark/flexmark-ext-tables/0.42.12/flexmark-ext-tables-0.42.12.jar
[0m[32m[D][0m   => /home/priyoi/.cache/coursier/v1/https/repo1.maven.org/maven2/com/vladsch/flexmark/flexmark-ext-wikilink/0.42.12/flexmark-ext-wikilink-0.42.12.jar
[0m[32m[D][0m   => /home/priyoi/.cache/coursier/v1/https/repo1.maven.org/maven2/com/vladsch/flexmark/flexmark-ext-yaml-front-matter/0.42.12/flexmark-ext-yaml-front-matter-0.42.12.jar
[0m[32m[D][0m   => /home/priyoi/.cache/coursier/v1/https/repo1.maven.org/maven2/com/vladsch/flexmark/flexmark-formatter/0.42.12/flexmark-formatter-0.42.12.jar
[0m[32m[D][0m   => /home/priyoi/.cache/coursier/v1/https/repo1.maven.org/maven2/com/vladsch/flexmark/flexmark-html-parser/0.42.12/flexmark-html-parser-0.42.12.jar
[0m[32m[D][0m   => /home/priyoi/.cache/coursier/v1/https/repo1.maven.org/maven2/com/vladsch/flexmark/flexmark-jira-converter/0.42.12/flexmark-jira-converter-0.42.12.jar
[0m[32m[D][0m   => /home/priyoi/.cache/coursier/v1/https/repo1.maven.org/maven2/com/vladsch/flexmark/flexmark-util/0.42.12/flexmark-util-0.42.12.jar
[0m[32m[D][0m   => /home/priyoi/.cache/coursier/v1/https/repo1.maven.org/maven2/com/vladsch/flexmark/flexmark/0.42.12/flexmark-0.42.12.jar
[0m[32m[D][0m   => /home/priyoi/.cache/coursier/v1/https/repo1.maven.org/maven2/net/java/dev/jna/jna/5.3.1/jna-5.3.1.jar
[0m[32m[D][0m   => /home/priyoi/.cache/coursier/v1/https/repo1.maven.org/maven2/nl/big-o/liqp/0.6.7/liqp-0.6.7.jar
[0m[32m[D][0m   => /home/priyoi/.cache/coursier/v1/https/repo1.maven.org/maven2/org/antlr/ST4/4.0.7/ST4-4.0.7.jar
[0m[32m[D][0m   => /home/priyoi/.cache/coursier/v1/https/repo1.maven.org/maven2/org/antlr/antlr-runtime/3.5.1/antlr-runtime-3.5.1.jar
[0m[32m[D][0m   => /home/priyoi/.cache/coursier/v1/https/repo1.maven.org/maven2/org/antlr/antlr/3.5.1/antlr-3.5.1.jar
[0m[32m[D][0m   => /home/priyoi/.cache/coursier/v1/https/repo1.maven.org/maven2/org/jline/jline-reader/3.19.0/jline-reader-3.19.0.jar
[0m[32m[D][0m   => /home/priyoi/.cache/coursier/v1/https/repo1.maven.org/maven2/org/jline/jline-terminal-jna/3.19.0/jline-terminal-jna-3.19.0.jar
[0m[32m[D][0m   => /home/priyoi/.cache/coursier/v1/https/repo1.maven.org/maven2/org/jline/jline-terminal/3.19.0/jline-terminal-3.19.0.jar
[0m[32m[D][0m   => /home/priyoi/.cache/coursier/v1/https/repo1.maven.org/maven2/org/jsoup/jsoup/1.13.1/jsoup-1.13.1.jar
[0m[32m[D][0m   => /home/priyoi/.cache/coursier/v1/https/repo1.maven.org/maven2/org/nibor/autolink/autolink/0.6.0/autolink-0.6.0.jar
[0m[32m[D][0m   => /home/priyoi/.cache/coursier/v1/https/repo1.maven.org/maven2/org/scala-lang/modules/scala-asm/9.1.0-scala-1/scala-asm-9.1.0-scala-1.jar
[0m[32m[D][0m   => /home/priyoi/.cache/coursier/v1/https/repo1.maven.org/maven2/org/scala-lang/scala-library/2.13.6/scala-library-2.13.6.jar
[0m[32m[D][0m   => /home/priyoi/.cache/coursier/v1/https/repo1.maven.org/maven2/org/scala-lang/scala3-compiler_3/3.0.2/scala3-compiler_3-3.0.2.jar
[0m[32m[D][0m   => /home/priyoi/.cache/coursier/v1/https/repo1.maven.org/maven2/org/scala-lang/scala3-interfaces/3.0.2/scala3-interfaces-3.0.2.jar
[0m[32m[D][0m   => /home/priyoi/.cache/coursier/v1/https/repo1.maven.org/maven2/org/scala-lang/scala3-library_3/3.0.2/scala3-library_3-3.0.2.jar
[0m[32m[D][0m   => /home/priyoi/.cache/coursier/v1/https/repo1.maven.org/maven2/org/scala-lang/scala3-tasty-inspector_3/3.0.2/scala3-tasty-inspector_3-3.0.2.jar
[0m[32m[D][0m   => /home/priyoi/.cache/coursier/v1/https/repo1.maven.org/maven2/org/scala-lang/scaladoc_3/3.0.2/scaladoc_3-3.0.2.jar
[0m[32m[D][0m   => /home/priyoi/.cache/coursier/v1/https/repo1.maven.org/maven2/org/scala-lang/tasty-core_3/3.0.2/tasty-core_3-3.0.2.jar
[0m[32m[D][0m   => /home/priyoi/.cache/coursier/v1/https/repo1.maven.org/maven2/org/scala-sbt/compiler-interface/1.3.5/compiler-interface-1.3.5.jar
[0m[32m[D][0m   => /home/priyoi/.cache/coursier/v1/https/repo1.maven.org/maven2/org/scala-sbt/util-interface/1.3.0/util-interface-1.3.0.jar
[0m[32m[D][0m   => /home/priyoi/.cache/coursier/v1/https/repo1.maven.org/maven2/org/yaml/snakeyaml/1.23/snakeyaml-1.23.jar
[0m[32m[D][0m Loading previous analysis for 'codecs-test' from '/home/priyoi/Files/Coursera/Scala/codecs/target/streams/test/bloopAnalysisOut/_global/streams/inc_compile_3.zip'.
[0m[32m[D][0m Loading previous analysis for 'codecs' from '/home/priyoi/Files/Coursera/Scala/codecs/target/streams/compile/bloopAnalysisOut/_global/streams/inc_compile_3.zip'.
[0m[32m[D][0m Waiting for a connection at local:///tmp/bsp-launcher6178152640767499981/bsp.socket...
The server is listening for incoming connections at local:///tmp/bsp-launcher6178152640767499981/bsp.socket...
Starting thread that pumps stdin and redirects it to the bsp server...
Starting thread that pumps server stdout and redirects it to the client stdout...
[0m2021.10.22 18:41:01 INFO  tracing is enabled: /home/priyoi/.cache/metals/bsp.trace.json[0m
[0m2021.10.22 18:41:01 INFO  Attempting to connect to the build server...[0m
Starting the bsp launcher for bloop...
[0m2021.10.22 18:41:01 INFO  Attempting to connect to the build server...[0m
Opening a bsp server connection with 'bsp --protocol local --socket /tmp/bsp-launcher27407728349266993/bsp.socket'...
Waiting for the bsp connection to come up...
Starting the bsp launcher for bloop...
Opening a bsp server connection with 'bsp --protocol local --socket /tmp/bsp-launcher4101586801774447995/bsp.socket'...
Waiting for the bsp connection to come up...
[0m[32m[D][0m Loading workspace settings from bloop.settings.json
[0m[32m[D][0m Waiting for a connection at local:///tmp/bsp-launcher27407728349266993/bsp.socket...
The server is listening for incoming connections at local:///tmp/bsp-launcher27407728349266993/bsp.socket...
Starting thread that pumps stdin and redirects it to the bsp server...
Starting thread that pumps server stdout and redirects it to the client stdout...
[0m2021.10.22 18:41:02 INFO  tracing is enabled: /home/priyoi/.cache/metals/bsp.trace.json[0m
[0m[32m[D][0m Loading workspace settings from bloop.settings.json
[0m[32m[D][0m Waiting for a connection at local:///tmp/bsp-launcher4101586801774447995/bsp.socket...
The server is listening for incoming connections at local:///tmp/bsp-launcher4101586801774447995/bsp.socket...
Starting thread that pumps stdin and redirects it to the bsp server...
Starting thread that pumps server stdout and redirects it to the client stdout...
[0m2021.10.22 18:41:02 INFO  tracing is enabled: /home/priyoi/.cache/metals/bsp.trace.json[0m
[0m2021.10.22 18:41:02 INFO  time: Connected to build server in 8.58s[0m
[0m2021.10.22 18:41:02 INFO  Connected to Build server: Bloop v1.4.9[0m
[0m2021.10.22 18:41:02 INFO  time: Imported build in 0.33s[0m
Oct 22, 2021 6:41:05 PM scala.meta.internal.pc.CompilerAccess handleError
SEVERE: file%3A%2F%2F%2Fhome%2Fpriyoi%2FFiles%2FCoursera%2FScala%2Fcodecs%2Fsrc%2Fmain%2Fscala%2Fcodecs%2FCodecs.scala:8: error: ; expected but : found
sealed trait Json:
                 ^
file%3A%2F%2F%2Fhome%2Fpriyoi%2FFiles%2FCoursera%2FScala%2Fcodecs%2Fsrc%2Fmain%2Fscala%2Fcodecs%2FCodecs.scala:8: error: ; expected but : found
sealed trait Json:
                 ^
	at scala.meta.internal.parsers.Reporter.syntaxError(Reporter.scala:16)
	at scala.meta.internal.parsers.Reporter.syntaxError$(Reporter.scala:16)
	at scala.meta.internal.parsers.Reporter$$anon$1.syntaxError(Reporter.scala:22)
	at scala.meta.internal.parsers.Reporter.syntaxError(Reporter.scala:17)
	at scala.meta.internal.parsers.Reporter.syntaxError$(Reporter.scala:17)
	at scala.meta.internal.parsers.Reporter$$anon$1.syntaxError(Reporter.scala:22)
	at scala.meta.internal.parsers.ScalametaParser.syntaxErrorExpected(ScalametaParser.scala:941)
	at scala.meta.internal.parsers.ScalametaParser.accept(ScalametaParser.scala:947)
	at scala.meta.internal.parsers.ScalametaParser.acceptStatSep(ScalametaParser.scala:957)
	at scala.meta.internal.parsers.ScalametaParser.acceptStatSepOpt(ScalametaParser.scala:961)
	at scala.meta.internal.parsers.ScalametaParser.statSeq(ScalametaParser.scala:5060)
	at scala.meta.internal.parsers.ScalametaParser.topStatSeq(ScalametaParser.scala:5066)
	at scala.meta.internal.parsers.ScalametaParser.bracelessPackageStats$1(ScalametaParser.scala:5289)
	at scala.meta.internal.parsers.ScalametaParser.$anonfun$batchSource$12(ScalametaParser.scala:5295)
	at scala.meta.internal.parsers.ScalametaParser.atPos(ScalametaParser.scala:888)
	at scala.meta.internal.parsers.ScalametaParser.$anonfun$batchSource$1(ScalametaParser.scala:5295)
	at scala.meta.internal.parsers.ScalametaParser.atPos(ScalametaParser.scala:888)
	at scala.meta.internal.parsers.ScalametaParser.autoPos(ScalametaParser.scala:922)
	at scala.meta.internal.parsers.ScalametaParser.batchSource(ScalametaParser.scala:5256)
	at scala.meta.internal.parsers.ScalametaParser.$anonfun$source$1(ScalametaParser.scala:5239)
	at scala.meta.internal.parsers.ScalametaParser.atPos(ScalametaParser.scala:888)
	at scala.meta.internal.parsers.ScalametaParser.autoPos(ScalametaParser.scala:922)
	at scala.meta.internal.parsers.ScalametaParser.source(ScalametaParser.scala:5238)
	at scala.meta.internal.parsers.ScalametaParser.entrypointSource(ScalametaParser.scala:5244)
	at scala.meta.internal.parsers.ScalametaParser.$anonfun$parseSource$2(ScalametaParser.scala:143)
	at scala.meta.internal.parsers.ScalametaParser.parseRule(ScalametaParser.scala:53)
	at scala.meta.internal.parsers.ScalametaParser.parseSource(ScalametaParser.scala:143)
	at scala.meta.parsers.Parse$.$anonfun$parseSource$1(Parse.scala:29)
	at scala.meta.internal.parsers.ScalametaParser$$anon$264.apply(ScalametaParser.scala:5308)
	at scala.meta.parsers.Api$XtensionParseDialectInput.parse(Api.scala:25)
	at scala.meta.internal.semanticdb.scalac.ParseOps$XtensionCompilationUnitSource.toSource(ParseOps.scala:17)
	at scala.meta.internal.semanticdb.scalac.TextDocumentOps$XtensionCompilationUnitDocument.toTextDocument(TextDocumentOps.scala:201)
	at scala.meta.internal.pc.SemanticdbTextDocumentProvider.textDocument(SemanticdbTextDocumentProvider.scala:51)

[0m2021.10.22 18:41:06 INFO  no build target: using presentation compiler with only scala-library: 2.12.15[0m
Oct 22, 2021 6:41:07 PM scala.meta.internal.pc.CompilerAccess handleError
SEVERE: file%3A%2F%2F%2Fhome%2Fpriyoi%2FFiles%2FCoursera%2FScala%2Fcodecs%2Fsrc%2Fmain%2Fscala%2Fcodecs%2FCodecs.scala:8: error: ; expected but : found
sealed trait Json:
                 ^
file%3A%2F%2F%2Fhome%2Fpriyoi%2FFiles%2FCoursera%2FScala%2Fcodecs%2Fsrc%2Fmain%2Fscala%2Fcodecs%2FCodecs.scala:8: error: ; expected but : found
sealed trait Json:
                 ^
	at scala.meta.internal.parsers.Reporter.syntaxError(Reporter.scala:16)
	at scala.meta.internal.parsers.Reporter.syntaxError$(Reporter.scala:16)
	at scala.meta.internal.parsers.Reporter$$anon$1.syntaxError(Reporter.scala:22)
	at scala.meta.internal.parsers.Reporter.syntaxError(Reporter.scala:17)
	at scala.meta.internal.parsers.Reporter.syntaxError$(Reporter.scala:17)
	at scala.meta.internal.parsers.Reporter$$anon$1.syntaxError(Reporter.scala:22)
	at scala.meta.internal.parsers.ScalametaParser.syntaxErrorExpected(ScalametaParser.scala:941)
	at scala.meta.internal.parsers.ScalametaParser.accept(ScalametaParser.scala:947)
	at scala.meta.internal.parsers.ScalametaParser.acceptStatSep(ScalametaParser.scala:957)
	at scala.meta.internal.parsers.ScalametaParser.acceptStatSepOpt(ScalametaParser.scala:961)
	at scala.meta.internal.parsers.ScalametaParser.statSeq(ScalametaParser.scala:5060)
	at scala.meta.internal.parsers.ScalametaParser.topStatSeq(ScalametaParser.scala:5066)
	at scala.meta.internal.parsers.ScalametaParser.bracelessPackageStats$1(ScalametaParser.scala:5289)
	at scala.meta.internal.parsers.ScalametaParser.$anonfun$batchSource$12(ScalametaParser.scala:5295)
	at scala.meta.internal.parsers.ScalametaParser.atPos(ScalametaParser.scala:888)
	at scala.meta.internal.parsers.ScalametaParser.$anonfun$batchSource$1(ScalametaParser.scala:5295)
	at scala.meta.internal.parsers.ScalametaParser.atPos(ScalametaParser.scala:888)
	at scala.meta.internal.parsers.ScalametaParser.autoPos(ScalametaParser.scala:922)
	at scala.meta.internal.parsers.ScalametaParser.batchSource(ScalametaParser.scala:5256)
	at scala.meta.internal.parsers.ScalametaParser.$anonfun$source$1(ScalametaParser.scala:5239)
	at scala.meta.internal.parsers.ScalametaParser.atPos(ScalametaParser.scala:888)
	at scala.meta.internal.parsers.ScalametaParser.autoPos(ScalametaParser.scala:922)
	at scala.meta.internal.parsers.ScalametaParser.source(ScalametaParser.scala:5238)
	at scala.meta.internal.parsers.ScalametaParser.entrypointSource(ScalametaParser.scala:5244)
	at scala.meta.internal.parsers.ScalametaParser.$anonfun$parseSource$2(ScalametaParser.scala:143)
	at scala.meta.internal.parsers.ScalametaParser.parseRule(ScalametaParser.scala:53)
	at scala.meta.internal.parsers.ScalametaParser.parseSource(ScalametaParser.scala:143)
	at scala.meta.parsers.Parse$.$anonfun$parseSource$1(Parse.scala:29)
	at scala.meta.internal.parsers.ScalametaParser$$anon$264.apply(ScalametaParser.scala:5308)
	at scala.meta.parsers.Api$XtensionParseDialectInput.parse(Api.scala:25)
	at scala.meta.internal.semanticdb.scalac.ParseOps$XtensionCompilationUnitSource.toSource(ParseOps.scala:17)
	at scala.meta.internal.semanticdb.scalac.TextDocumentOps$XtensionCompilationUnitDocument.toTextDocument(TextDocumentOps.scala:201)
	at scala.meta.internal.pc.SemanticdbTextDocumentProvider.textDocument(SemanticdbTextDocumentProvider.scala:51)

[0m2021.10.22 18:41:06 INFO  time: code lens generation in 12s[0m
[0m2021.10.22 18:41:08 ERROR /home/priyoi/Files/Coursera/Scala/codecs/project/StudentTasks.scala
java.nio.channels.ClosedByInterruptException
	at java.nio.channels.spi.AbstractInterruptibleChannel.end(AbstractInterruptibleChannel.java:202)
	at sun.nio.ch.FileChannelImpl.size(FileChannelImpl.java:315)
	at java.nio.file.Files.readAllBytes(Files.java:3154)
	at scala.meta.internal.io.PlatformFileIO$.slurp(PlatformFileIO.scala:45)
	at scala.meta.internal.io.FileIO$.slurp(FileIO.scala:24)
	at scala.meta.internal.mtags.CommonMtagsEnrichments$XtensionAbsolutePath.toInput(CommonMtagsEnrichments.scala:437)
	at scala.meta.internal.metals.MetalsLanguageServer.indexSourceFile(MetalsLanguageServer.scala:2228)
	at scala.meta.internal.metals.MetalsLanguageServer.$anonfun$indexWorkspaceSources$4(MetalsLanguageServer.scala:2180)
	at scala.meta.internal.metals.MetalsLanguageServer.$anonfun$indexWorkspaceSources$4$adapted(MetalsLanguageServer.scala:2174)
	at geny.Generator.$anonfun$foreach$1(Generator.scala:50)
	at geny.Generator$Filtered.$anonfun$generate$3(Generator.scala:276)
	at geny.Generator$$anon$1.generate(Generator.scala:213)
	at geny.Generator$Filtered.generate(Generator.scala:276)
	at geny.Generator.foreach(Generator.scala:49)
	at geny.Generator.foreach$(Generator.scala:49)
	at geny.Generator$Filtered.foreach(Generator.scala:274)
	at scala.meta.internal.metals.MetalsLanguageServer.$anonfun$indexWorkspaceSources$2(MetalsLanguageServer.scala:2174)
	at scala.meta.internal.metals.MetalsLanguageServer.$anonfun$indexWorkspaceSources$2$adapted(MetalsLanguageServer.scala:2173)
	at scala.collection.Iterator.foreach(Iterator.scala:943)
	at scala.collection.Iterator.foreach$(Iterator.scala:943)
	at scala.collection.AbstractIterator.foreach(Iterator.scala:1431)
	at scala.meta.internal.metals.MetalsLanguageServer.indexWorkspaceSources(MetalsLanguageServer.scala:2173)
	at scala.meta.internal.metals.MetalsLanguageServer.$anonfun$indexWorkspace$9(MetalsLanguageServer.scala:2372)
	at scala.runtime.java8.JFunction0$mcV$sp.apply(JFunction0$mcV$sp.java:23)
	at scala.meta.internal.metals.TimerProvider.timedThunk(TimerProvider.scala:25)
	at scala.meta.internal.metals.MetalsLanguageServer.indexWorkspace(MetalsLanguageServer.scala:2372)
	at scala.meta.internal.metals.MetalsLanguageServer.$anonfun$profiledIndexWorkspace$2(MetalsLanguageServer.scala:2271)
	at scala.runtime.java8.JFunction0$mcV$sp.apply(JFunction0$mcV$sp.java:23)
	at scala.meta.internal.metals.TimerProvider.timedThunk(TimerProvider.scala:25)
	at scala.meta.internal.metals.MetalsLanguageServer.$anonfun$profiledIndexWorkspace$1(MetalsLanguageServer.scala:2271)
	at scala.runtime.java8.JFunction0$mcV$sp.apply(JFunction0$mcV$sp.java:23)
	at scala.concurrent.Future$.$anonfun$apply$1(Future.scala:659)
	at scala.util.Success.$anonfun$map$1(Try.scala:255)
	at scala.util.Success.map(Try.scala:213)
	at scala.concurrent.Future.$anonfun$map$1(Future.scala:292)
	at scala.concurrent.impl.Promise.liftedTree1$1(Promise.scala:33)
	at scala.concurrent.impl.Promise.$anonfun$transform$1(Promise.scala:33)
	at scala.concurrent.impl.CallbackRunnable.run(Promise.scala:64)
	at java.util.concurrent.ThreadPoolExecutor.runWorker(ThreadPoolExecutor.java:1149)
	at java.util.concurrent.ThreadPoolExecutor$Worker.run(ThreadPoolExecutor.java:624)
	at java.lang.Thread.run(Thread.java:748)
[0m
[0m2021.10.22 18:41:08 ERROR /home/priyoi/Files/Coursera/Scala/codecs/src/main/scala/codecs/Util.scala
java.nio.channels.ClosedByInterruptException
	at java.nio.channels.spi.AbstractInterruptibleChannel.end(AbstractInterruptibleChannel.java:202)
	at sun.nio.ch.FileChannelImpl.size(FileChannelImpl.java:315)
	at java.nio.file.Files.readAllBytes(Files.java:3154)
	at scala.meta.internal.io.PlatformFileIO$.slurp(PlatformFileIO.scala:45)
	at scala.meta.internal.io.FileIO$.slurp(FileIO.scala:24)
	at scala.meta.internal.mtags.CommonMtagsEnrichments$XtensionAbsolutePath.toInput(CommonMtagsEnrichments.scala:437)
	at scala.meta.internal.metals.MetalsLanguageServer.indexSourceFile(MetalsLanguageServer.scala:2228)
	at scala.meta.internal.metals.MetalsLanguageServer.$anonfun$indexWorkspaceSources$4(MetalsLanguageServer.scala:2180)
	at scala.meta.internal.metals.MetalsLanguageServer.$anonfun$indexWorkspaceSources$4$adapted(MetalsLanguageServer.scala:2174)
	at geny.Generator.$anonfun$foreach$1(Generator.scala:50)
	at geny.Generator$Filtered.$anonfun$generate$3(Generator.scala:276)
	at geny.Generator$Mapped.$anonfun$generate$4(Generator.scala:283)
	at geny.Generator$SelfClosing.generate(Generator.scala:229)
	at geny.Generator$Mapped.generate(Generator.scala:283)
	at geny.Generator$Filtered.generate(Generator.scala:276)
	at geny.Generator.foreach(Generator.scala:49)
	at geny.Generator.foreach$(Generator.scala:49)
	at geny.Generator$Filtered.foreach(Generator.scala:274)
	at scala.meta.internal.metals.MetalsLanguageServer.$anonfun$indexWorkspaceSources$2(MetalsLanguageServer.scala:2174)
	at scala.meta.internal.metals.MetalsLanguageServer.$anonfun$indexWorkspaceSources$2$adapted(MetalsLanguageServer.scala:2173)
	at scala.collection.Iterator.foreach(Iterator.scala:943)
	at scala.collection.Iterator.foreach$(Iterator.scala:943)
	at scala.collection.AbstractIterator.foreach(Iterator.scala:1431)
	at scala.meta.internal.metals.MetalsLanguageServer.indexWorkspaceSources(MetalsLanguageServer.scala:2173)
	at scala.meta.internal.metals.MetalsLanguageServer.$anonfun$indexWorkspace$9(MetalsLanguageServer.scala:2372)
	at scala.runtime.java8.JFunction0$mcV$sp.apply(JFunction0$mcV$sp.java:23)
	at scala.meta.internal.metals.TimerProvider.timedThunk(TimerProvider.scala:25)
	at scala.meta.internal.metals.MetalsLanguageServer.indexWorkspace(MetalsLanguageServer.scala:2372)
	at scala.meta.internal.metals.MetalsLanguageServer.$anonfun$profiledIndexWorkspace$2(MetalsLanguageServer.scala:2271)
	at scala.runtime.java8.JFunction0$mcV$sp.apply(JFunction0$mcV$sp.java:23)
	at scala.meta.internal.metals.TimerProvider.timedThunk(TimerProvider.scala:25)
	at scala.meta.internal.metals.MetalsLanguageServer.$anonfun$profiledIndexWorkspace$1(MetalsLanguageServer.scala:2271)
	at scala.runtime.java8.JFunction0$mcV$sp.apply(JFunction0$mcV$sp.java:23)
	at scala.concurrent.Future$.$anonfun$apply$1(Future.scala:659)
	at scala.util.Success.$anonfun$map$1(Try.scala:255)
	at scala.util.Success.map(Try.scala:213)
	at scala.concurrent.Future.$anonfun$map$1(Future.scala:292)
	at scala.concurrent.impl.Promise.liftedTree1$1(Promise.scala:33)
	at scala.concurrent.impl.Promise.$anonfun$transform$1(Promise.scala:33)
	at scala.concurrent.impl.CallbackRunnable.run(Promise.scala:64)
	at java.util.concurrent.ThreadPoolExecutor.runWorker(ThreadPoolExecutor.java:1149)
	at java.util.concurrent.ThreadPoolExecutor$Worker.run(ThreadPoolExecutor.java:624)
	at java.lang.Thread.run(Thread.java:748)
[0m
[0m2021.10.22 18:41:08 ERROR /home/priyoi/Files/Coursera/Scala/codecs/src/main/scala/codecs/Codecs.scala
java.nio.channels.ClosedByInterruptException
	at java.nio.channels.spi.AbstractInterruptibleChannel.end(AbstractInterruptibleChannel.java:202)
	at sun.nio.ch.FileChannelImpl.size(FileChannelImpl.java:315)
	at java.nio.file.Files.readAllBytes(Files.java:3154)
	at scala.meta.internal.io.PlatformFileIO$.slurp(PlatformFileIO.scala:45)
	at scala.meta.internal.io.FileIO$.slurp(FileIO.scala:24)
	at scala.meta.internal.mtags.CommonMtagsEnrichments$XtensionAbsolutePath.toInput(CommonMtagsEnrichments.scala:437)
	at scala.meta.internal.metals.MetalsLanguageServer.indexSourceFile(MetalsLanguageServer.scala:2228)
	at scala.meta.internal.metals.MetalsLanguageServer.$anonfun$indexWorkspaceSources$4(MetalsLanguageServer.scala:2180)
	at scala.meta.internal.metals.MetalsLanguageServer.$anonfun$indexWorkspaceSources$4$adapted(MetalsLanguageServer.scala:2174)
	at geny.Generator.$anonfun$foreach$1(Generator.scala:50)
	at geny.Generator$Filtered.$anonfun$generate$3(Generator.scala:276)
	at geny.Generator$Mapped.$anonfun$generate$4(Generator.scala:283)
	at geny.Generator$SelfClosing.generate(Generator.scala:229)
	at geny.Generator$Mapped.generate(Generator.scala:283)
	at geny.Generator$Filtered.generate(Generator.scala:276)
	at geny.Generator.foreach(Generator.scala:49)
	at geny.Generator.foreach$(Generator.scala:49)
	at geny.Generator$Filtered.foreach(Generator.scala:274)
	at scala.meta.internal.metals.MetalsLanguageServer.$anonfun$indexWorkspaceSources$2(MetalsLanguageServer.scala:2174)
	at scala.meta.internal.metals.MetalsLanguageServer.$anonfun$indexWorkspaceSources$2$adapted(MetalsLanguageServer.scala:2173)
	at scala.collection.Iterator.foreach(Iterator.scala:943)
	at scala.collection.Iterator.foreach$(Iterator.scala:943)
	at scala.collection.AbstractIterator.foreach(Iterator.scala:1431)
	at scala.meta.internal.metals.MetalsLanguageServer.indexWorkspaceSources(MetalsLanguageServer.scala:2173)
	at scala.meta.internal.metals.MetalsLanguageServer.$anonfun$indexWorkspace$9(MetalsLanguageServer.scala:2372)
	at scala.runtime.java8.JFunction0$mcV$sp.apply(JFunction0$mcV$sp.java:23)
	at scala.meta.internal.metals.TimerProvider.timedThunk(TimerProvider.scala:25)
	at scala.meta.internal.metals.MetalsLanguageServer.indexWorkspace(MetalsLanguageServer.scala:2372)
	at scala.meta.internal.metals.MetalsLanguageServer.$anonfun$profiledIndexWorkspace$2(MetalsLanguageServer.scala:2271)
	at scala.runtime.java8.JFunction0$mcV$sp.apply(JFunction0$mcV$sp.java:23)
	at scala.meta.internal.metals.TimerProvider.timedThunk(TimerProvider.scala:25)
	at scala.meta.internal.metals.MetalsLanguageServer.$anonfun$profiledIndexWorkspace$1(MetalsLanguageServer.scala:2271)
	at scala.runtime.java8.JFunction0$mcV$sp.apply(JFunction0$mcV$sp.java:23)
	at scala.concurrent.Future$.$anonfun$apply$1(Future.scala:659)
	at scala.util.Success.$anonfun$map$1(Try.scala:255)
	at scala.util.Success.map(Try.scala:213)
	at scala.concurrent.Future.$anonfun$map$1(Future.scala:292)
	at scala.concurrent.impl.Promise.liftedTree1$1(Promise.scala:33)
	at scala.concurrent.impl.Promise.$anonfun$transform$1(Promise.scala:33)
	at scala.concurrent.impl.CallbackRunnable.run(Promise.scala:64)
	at java.util.concurrent.ThreadPoolExecutor.runWorker(ThreadPoolExecutor.java:1149)
	at java.util.concurrent.ThreadPoolExecutor$Worker.run(ThreadPoolExecutor.java:624)
	at java.lang.Thread.run(Thread.java:748)
[0m
[0m2021.10.22 18:41:08 ERROR /home/priyoi/Files/Coursera/Scala/codecs/src/test/scala/codecs/CodecsSuite.scala
java.nio.channels.ClosedByInterruptException
	at java.nio.channels.spi.AbstractInterruptibleChannel.end(AbstractInterruptibleChannel.java:202)
	at sun.nio.ch.FileChannelImpl.size(FileChannelImpl.java:315)
	at java.nio.file.Files.readAllBytes(Files.java:3154)
	at scala.meta.internal.io.PlatformFileIO$.slurp(PlatformFileIO.scala:45)
	at scala.meta.internal.io.FileIO$.slurp(FileIO.scala:24)
	at scala.meta.internal.mtags.CommonMtagsEnrichments$XtensionAbsolutePath.toInput(CommonMtagsEnrichments.scala:437)
	at scala.meta.internal.metals.MetalsLanguageServer.indexSourceFile(MetalsLanguageServer.scala:2228)
	at scala.meta.internal.metals.MetalsLanguageServer.$anonfun$indexWorkspaceSources$4(MetalsLanguageServer.scala:2180)
	at scala.meta.internal.metals.MetalsLanguageServer.$anonfun$indexWorkspaceSources$4$adapted(MetalsLanguageServer.scala:2174)
	at geny.Generator.$anonfun$foreach$1(Generator.scala:50)
	at geny.Generator$Filtered.$anonfun$generate$3(Generator.scala:276)
	at geny.Generator$Mapped.$anonfun$generate$4(Generator.scala:283)
	at geny.Generator$SelfClosing.generate(Generator.scala:229)
	at geny.Generator$Mapped.generate(Generator.scala:283)
	at geny.Generator$Filtered.generate(Generator.scala:276)
	at geny.Generator.foreach(Generator.scala:49)
	at geny.Generator.foreach$(Generator.scala:49)
	at geny.Generator$Filtered.foreach(Generator.scala:274)
	at scala.meta.internal.metals.MetalsLanguageServer.$anonfun$indexWorkspaceSources$2(MetalsLanguageServer.scala:2174)
	at scala.meta.internal.metals.MetalsLanguageServer.$anonfun$indexWorkspaceSources$2$adapted(MetalsLanguageServer.scala:2173)
	at scala.collection.Iterator.foreach(Iterator.scala:943)
	at scala.collection.Iterator.foreach$(Iterator.scala:943)
	at scala.collection.AbstractIterator.foreach(Iterator.scala:1431)
	at scala.meta.internal.metals.MetalsLanguageServer.indexWorkspaceSources(MetalsLanguageServer.scala:2173)
	at scala.meta.internal.metals.MetalsLanguageServer.$anonfun$indexWorkspace$9(MetalsLanguageServer.scala:2372)
	at scala.runtime.java8.JFunction0$mcV$sp.apply(JFunction0$mcV$sp.java:23)
	at scala.meta.internal.metals.TimerProvider.timedThunk(TimerProvider.scala:25)
	at scala.meta.internal.metals.MetalsLanguageServer.indexWorkspace(MetalsLanguageServer.scala:2372)
	at scala.meta.internal.metals.MetalsLanguageServer.$anonfun$profiledIndexWorkspace$2(MetalsLanguageServer.scala:2271)
	at scala.runtime.java8.JFunction0$mcV$sp.apply(JFunction0$mcV$sp.java:23)
	at scala.meta.internal.metals.TimerProvider.timedThunk(TimerProvider.scala:25)
	at scala.meta.internal.metals.MetalsLanguageServer.$anonfun$profiledIndexWorkspace$1(MetalsLanguageServer.scala:2271)
	at scala.runtime.java8.JFunction0$mcV$sp.apply(JFunction0$mcV$sp.java:23)
	at scala.concurrent.Future$.$anonfun$apply$1(Future.scala:659)
	at scala.util.Success.$anonfun$map$1(Try.scala:255)
	at scala.util.Success.map(Try.scala:213)
	at scala.concurrent.Future.$anonfun$map$1(Future.scala:292)
	at scala.concurrent.impl.Promise.liftedTree1$1(Promise.scala:33)
	at scala.concurrent.impl.Promise.$anonfun$transform$1(Promise.scala:33)
	at scala.concurrent.impl.CallbackRunnable.run(Promise.scala:64)
	at java.util.concurrent.ThreadPoolExecutor.runWorker(ThreadPoolExecutor.java:1149)
	at java.util.concurrent.ThreadPoolExecutor$Worker.run(ThreadPoolExecutor.java:624)
	at java.lang.Thread.run(Thread.java:748)
[0m
